# Cactus benchmark results
#    processes = procs
#    nodes     = procs / ppn
#
# benchmark steps size machine   procs ppn tpp iter   walltime cputime
Bench_Ccatie_Carpet_1lev 000010 0065 ranger   000016 16 01 40   333.14098602 114.16713500
Bench_Ccatie_Carpet_1lev 000010 0065 ranger   000016 16 01 41   201.71721602 113.54709600
Bench_Ccatie_Carpet_1lev 000010 0065 ranger   000032 16 01 40   520.77710292 131.46821600
Bench_Ccatie_Carpet_1lev 000010 0065 ranger   000032 16 01 41   227.04488905 225.31008100
Bench_Ccatie_Carpet_1lev 000010 0065 ranger   000064 16 01 40   293.56479706 208.64504000
Bench_Ccatie_Carpet_1lev 000010 0065 ranger   000064 16 01 41   122.61083311 120.93555800
Bench_Ccatie_Carpet_1lev 000010 0065 ranger   000128 16 01 40   494.28259990 201.48859200
Bench_Ccatie_Carpet_1lev 000010 0065 ranger   000128 16 01 41   131.82398709 128.95205900
Bench_Ccatie_Carpet_1lev 000010 0065 ranger   000256 16 01 40   440.60866705 147.62522600
Bench_Ccatie_Carpet_1lev 000010 0065 ranger   000256 16 01 41   128.84471088 128.08400500
Bench_Ccatie_Carpet_1lev 000010 0065 ranger   000512 16 01 40   554.77912908 396.13675700
Bench_Ccatie_Carpet_1lev 000010 0065 ranger   000512 16 01 41   135.89035905 134.93243300
Bench_Ccatie_Carpet_1lev 000010 0065 ranger   001024 16 01 40   409.23671808 231.45046500
Bench_Ccatie_Carpet_1lev 000010 0065 ranger   001024 16 01 41   143.89884512 143.24495200
Bench_Ccatie_Carpet_9lev 000064 0030 ranger   000016 16 01 40   244.02909394 231.08644200
Bench_Ccatie_Carpet_9lev 000064 0030 ranger   000016 16 01 41   266.96677105 231.18244800
Bench_Ccatie_Carpet_9lev 000064 0030 ranger   000032 16 01 40   716.68895691 246.68341700
Bench_Ccatie_Carpet_9lev 000064 0030 ranger   000032 16 01 41   276.37650499 245.92737000
Bench_Ccatie_Carpet_9lev 000064 0030 ranger   000064 16 01 40   276.20149602 273.77711000
Bench_Ccatie_Carpet_9lev 000064 0030 ranger   000064 16 01 41   385.29120591 273.87711700
Bench_Ccatie_Carpet_9lev 000064 0030 ranger   000128 16 01 40   823.40794910 556.27076500
Bench_Ccatie_Carpet_9lev 000064 0030 ranger   000128 16 01 41   318.05942189 314.63566300
Bench_Ccatie_Carpet_9lev 000064 0030 ranger   000256 16 01 40   730.30964492 335.48096600
Bench_Ccatie_Carpet_9lev 000064 0030 ranger   000256 16 01 41   338.62136312 337.50509200
Bench_Ccatie_Carpet_9lev 000064 0030 ranger   000512 16 01 40   404.28528112 399.41296200
Bench_Ccatie_Carpet_9lev 000064 0030 ranger   000512 16 01 41   401.76724304 400.29701700
Bench_Ccatie_PUGH 000010 0065 ranger   000016 16 01 40   114.56377706 113.27908000
Bench_Ccatie_PUGH 000010 0065 ranger   000032 16 01 40   125.26716707 123.77573600
Bench_Ccatie_PUGH 000010 0065 ranger   000064 16 01 40   133.57158592 128.98806100
Bench_Ccatie_PUGH 000010 0065 ranger   000128 16 01 40   130.90429608 129.59209900
Bench_Ccatie_PUGH 000010 0065 ranger   000256 16 01 40   444.25561904 294.54240800
Bench_Ccatie_PUGH 000010 0065 ranger   000512 16 01 40   448.87812000 272.22101300
Bench_Ccatie_PUGH 000010 0065 ranger   002048 16 01 40   143.66776699 143.25295300
Bench_Ccatie_PUGH 000010 0065 ranger   004096 16 01 40   150.53889298 147.78923700
Bench_CTGamma_Carpet_1lev 000010 0065 ranger   000016 16 01 40   280.70367091 135.71248100
Bench_CTGamma_Carpet_1lev 000010 0065 ranger   000016 16 01 41   139.46612200 135.55247200
Bench_CTGamma_Carpet_1lev 000010 0065 ranger   000016 16 04 40   286.68635600 589.91686800
Bench_CTGamma_Carpet_1lev 000010 0065 ranger   000016 16 04 41   154.14154712 582.30439200
Bench_CTGamma_Carpet_1lev 000010 0065 ranger   000032 16 01 40   417.97198997 214.24138900
Bench_CTGamma_Carpet_1lev 000010 0065 ranger   000032 16 01 41   147.47970190 142.77692300
Bench_CTGamma_Carpet_1lev 000010 0065 ranger   000032 16 04 40   293.56962694 580.78029600
Bench_CTGamma_Carpet_1lev 000010 0065 ranger   000032 16 04 41   419.57306402 840.18850900
Bench_CTGamma_Carpet_1lev 000010 0065 ranger   000064 16 01 40   359.91396805 151.82148800
Bench_CTGamma_Carpet_1lev 000010 0065 ranger   000064 16 04 40   164.99717203 567.26345100
Bench_CTGamma_Carpet_1lev 000010 0065 ranger   000064 16 04 41   168.27163891 576.60403600
Bench_CTGamma_Carpet_1lev 000010 0065 ranger   000128 16 01 40   244.59680204 149.66935300
Bench_CTGamma_Carpet_1lev 000010 0065 ranger   000128 16 01 41   144.26869906 141.76886000
Bench_CTGamma_Carpet_1lev 000010 0065 ranger   000128 16 04 40   282.19393902 642.26413900
Bench_CTGamma_Carpet_1lev 000010 0065 ranger   000128 16 04 41   167.85071797 577.13606900
Bench_CTGamma_Carpet_1lev 000010 0065 ranger   000256 16 01 40   251.48085198 216.23751400
Bench_CTGamma_Carpet_1lev 000010 0065 ranger   000256 16 01 41   146.52725592 145.58509900
Bench_CTGamma_Carpet_1lev 000010 0065 ranger   000256 16 04 40   167.33567390 609.13406900
Bench_CTGamma_Carpet_1lev 000010 0065 ranger   000256 16 04 41   167.10721291 608.07000200
Bench_CTGamma_Carpet_1lev 000010 0065 ranger   000512 16 01 40   251.34159390 214.84942700
Bench_CTGamma_Carpet_1lev 000010 0065 ranger   000512 16 04 40   176.81321009 616.53453100
Bench_CTGamma_Carpet_1lev 000010 0065 ranger   000512 16 04 41   167.19766699 606.55390700
Bench_CTGamma_Carpet_1lev 000010 0065 ranger   001024 16 01 40   454.44426992 297.27457800
Bench_CTGamma_Carpet_1lev 000010 0065 ranger   001024 16 04 40   175.01455696 621.65085100
Bench_CTGamma_Carpet_1lev 000010 0065 ranger   001024 16 04 41   169.58094890 616.21451100
Bench_CTGamma_Carpet_1lev 000010 0065 ranger   002048 16 04 41   177.16498610 614.54640600
Bench_CTGamma_Carpet_1lev 000010 0065 ranger   004096 16 04 40   216.95203610 665.17357100
Bench_CTGamma_Carpet_1lev 000010 0065 ranger   004096 16 04 41   266.73550196 711.45246300
Bench_CTGamma_Carpet_9lev 000064 0030 ranger   000016 16 01 40   259.69393900 255.89999300
Bench_CTGamma_Carpet_9lev 000064 0030 ranger   000016 16 01 41   257.39437389 256.39202300
Bench_CTGamma_Carpet_9lev 000064 0030 ranger   000016 16 04 40   450.52945199 1605.84435900
Bench_CTGamma_Carpet_9lev 000064 0030 ranger   000016 16 04 41   451.34003402 1595.89973700
Bench_CTGamma_Carpet_9lev 000064 0030 ranger   000032 16 01 40   274.89684298 273.42508800
Bench_CTGamma_Carpet_9lev 000064 0030 ranger   000032 16 01 41   275.25543494 273.93311900
Bench_CTGamma_Carpet_9lev 000064 0030 ranger   000032 16 04 40   444.12817392 1563.27369800
Bench_CTGamma_Carpet_9lev 000064 0030 ranger   000032 16 04 41   446.81772195 1571.73422700
Bench_CTGamma_Carpet_9lev 000064 0030 ranger   000064 16 01 40   296.62987002 293.05031500
Bench_CTGamma_Carpet_9lev 000064 0030 ranger   000064 16 01 41   313.89579088 310.31939300
Bench_CTGamma_Carpet_9lev 000064 0030 ranger   000064 16 04 40   383.26135197 1391.45096100
Bench_CTGamma_Carpet_9lev 000064 0030 ranger   000064 16 04 41   390.01977801 1391.05893600
Bench_CTGamma_Carpet_9lev 000064 0030 ranger   000128 16 01 40   331.04615692 329.92061800
Bench_CTGamma_Carpet_9lev 000064 0030 ranger   000128 16 01 41   313.86091888 311.96749700
Bench_CTGamma_Carpet_9lev 000064 0030 ranger   000128 16 04 40   399.18387491 1399.19544400
Bench_CTGamma_Carpet_9lev 000064 0030 ranger   000128 16 04 41   402.04046012 1381.69435000
Bench_CTGamma_Carpet_9lev 000064 0030 ranger   000256 16 01 40   332.02356008 330.07662900
Bench_CTGamma_Carpet_9lev 000064 0030 ranger   000256 16 01 41   330.92490806 329.55659600
Bench_CTGamma_Carpet_9lev 000064 0030 ranger   000256 16 04 40   454.31511009 1502.48590000
Bench_CTGamma_Carpet_9lev 000064 0030 ranger   000256 16 04 41   456.42794790 1494.41339500
Bench_CTGamma_Carpet_9lev 000064 0030 ranger   000512 16 01 40   747.16735111 422.37839700
Bench_CTGamma_Carpet_9lev 000064 0030 ranger   000512 16 01 41   391.36675998 387.15619600
Bench_CTGamma_Carpet_9lev 000064 0030 ranger   000512 16 04 40   476.71211406 1520.55902900
Bench_CTGamma_Carpet_9lev 000064 0030 ranger   000512 16 04 41   484.33262493 1537.50008800
Bench_CTGamma_Carpet_9lev 000064 0030 ranger   001024 16 04 40   477.45919795 1535.93199000
Bench_CTGamma_Carpet_9lev 000064 0030 ranger   001024 16 04 41   477.58676011 1541.10831300
Bench_CTGamma_Carpet_9lev 000064 0030 ranger   002048 16 04 40   494.83947407 1562.13362700
Bench_CTGamma_Carpet_9lev 000064 0030 ranger   002048 16 04 41   487.02228299 1545.10456300
Bench_CTGamma_Carpet_9lev 000064 0030 ranger   004096 16 04 40   633.72158795 1779.80323100
Bench_CTGamma_Carpet_9lev 000064 0030 ranger   004096 16 04 41   623.40026190 1768.00649300
Bench_CTGamma_PUGH 000010 0065 ranger   000016 16 01 40   253.57324608 140.61278800
Bench_CTGamma_PUGH 000010 0065 ranger   000016 16 04 40   146.94515193 542.49390300
Bench_CTGamma_PUGH 000010 0065 ranger   000032 16 01 40   230.75634490 143.10494300
Bench_CTGamma_PUGH 000010 0065 ranger   000032 16 04 40   163.93072194 578.12013100
Bench_CTGamma_PUGH 000010 0065 ranger   000064 16 01 40   272.48899107 194.37614800
Bench_CTGamma_PUGH 000010 0065 ranger   000064 16 04 40   166.40882194 581.33633100
Bench_CTGamma_PUGH 000010 0065 ranger   000128 16 01 40   305.40636803 194.46815300
Bench_CTGamma_PUGH 000010 0065 ranger   000128 16 04 40   343.90566296 673.45808800
Bench_CTGamma_PUGH 000010 0065 ranger   000256 16 01 40   378.61123109 247.06744000
Bench_CTGamma_PUGH 000010 0065 ranger   000256 16 04 40   280.59965090 695.76748200
Bench_CTGamma_PUGH 000010 0065 ranger   000512 16 01 40   391.23627189 257.90811800
Bench_CTGamma_PUGH 000010 0065 ranger   001024 16 01 40   405.86830905 289.68210400
Bench_CTGamma_PUGH 000010 0065 ranger   002048 16 04 40   184.95479193 601.64160000
Bench_CTGamma_PUGH 000010 0065 ranger   004096 16 01 40   166.51273194 163.96224700
Bench_CTGamma_PUGH 000010 0065 ranger   004096 16 04 40   185.83762308 601.37358400
Bench_McLachlan_Carpet_1lev 000010 0020 ranger   000016 16 01 00   4.60855792 3.36421000
Bench_McLachlan_Carpet_1lev 000010 0020 ranger   000016 16 01 01   4.55595102 3.37221100
Bench_McLachlan_Carpet_1lev 000010 0020 ranger   000016 16 01 02   4.72136407 3.44421600
Bench_McLachlan_Carpet_1lev 000010 0020 ranger   000016 16 01 03   4.85359294 2.78017400
Bench_McLachlan_Carpet_1lev 000010 0020 ranger   000016 16 01 04   3.72751097 2.78017300
Bench_McLachlan_Carpet_1lev 000010 0020 ranger   000016 16 01 10   3.13610896 2.77217300
Bench_McLachlan_Carpet_1lev 000010 0020 ranger   000016 16 16 10   11.99891198 46.93493400
Bench_McLachlan_Carpet_1lev 000010 0020 ranger   000032 16 01 10   2.98525710 2.92018200
Bench_McLachlan_Carpet_1lev 000010 0020 ranger   000032 16 16 10   14.73513103 57.44759000
Bench_McLachlan_Carpet_1lev 000010 0020 ranger   000064 16 01 10   3.23463604 3.17619800
Bench_McLachlan_Carpet_1lev 000010 0020 ranger   000064 16 16 10   16.25388805 62.47590500
Bench_McLachlan_Carpet_1lev 000010 0020 ranger   000128 16 01 00   5.82006290 5.18432400
Bench_McLachlan_Carpet_1lev 000010 0020 ranger   000128 16 01 01   7.43451891 6.49640600
Bench_McLachlan_Carpet_1lev 000010 0020 ranger   000128 16 01 02   5.98891395 5.38433700
Bench_McLachlan_Carpet_1lev 000010 0020 ranger   000128 16 01 03   4.55058298 3.30420600
Bench_McLachlan_Carpet_1lev 000010 0020 ranger   000128 16 01 04   4.76678709 4.09225600
Bench_McLachlan_Carpet_1lev 000010 0020 ranger   000128 16 01 10   3.76777805 3.14819700
Bench_McLachlan_Carpet_1lev 000010 0020 ranger   000128 16 16 10   23.88651510 67.14819700
Bench_McLachlan_Carpet_1lev 000010 0020 ranger   000256 16 01 10   3.80871399 3.56422200
Bench_McLachlan_Carpet_1lev 000010 0020 ranger   000256 16 16 10   20.29820700 72.94855900
Bench_McLachlan_Carpet_1lev 000010 0020 ranger   000512 16 01 10   4.67119491 4.04425300
Bench_McLachlan_Carpet_1lev 000010 0020 ranger   000512 16 16 10   21.82088991 71.61247600
Bench_McLachlan_Carpet_1lev 000010 0020 ranger   001024 16 01 00   22.84345598 21.96137300
Bench_McLachlan_Carpet_1lev 000010 0020 ranger   001024 16 01 01   27.63632290 26.23764000
Bench_McLachlan_Carpet_1lev 000010 0020 ranger   001024 16 01 02   34.58515396 33.53409500
Bench_McLachlan_Carpet_1lev 000010 0020 ranger   001024 16 01 03   4.95634597 4.02825100
Bench_McLachlan_Carpet_1lev 000010 0020 ranger   001024 16 01 04   5.71440997 4.49628100
Bench_McLachlan_Carpet_1lev 000010 0020 ranger   001024 16 01 10   5.31786888 5.19232400
Bench_McLachlan_Carpet_1lev 000010 0020 ranger   001024 16 16 10   22.51597893 72.27251700
Bench_McLachlan_Carpet_1lev 000010 0025 ranger   000016 16 01 10   5.61377211 5.06031700
Bench_McLachlan_Carpet_1lev 000010 0025 ranger   000016 16 16 10   22.88123004 89.01756300
Bench_McLachlan_Carpet_1lev 000010 0025 ranger   000032 16 01 10   5.69089792 5.61235100
Bench_McLachlan_Carpet_1lev 000010 0025 ranger   000032 16 16 10   23.85797404 92.01375000
Bench_McLachlan_Carpet_1lev 000010 0025 ranger   000064 16 01 10   6.34602501 6.24839000
Bench_McLachlan_Carpet_1lev 000010 0025 ranger   000064 16 16 10   25.87960011 97.89411800
Bench_McLachlan_Carpet_1lev 000010 0025 ranger   000128 16 01 10   6.56099601 6.25239000
Bench_McLachlan_Carpet_1lev 000010 0025 ranger   000128 16 16 10   28.52337394 108.80279900
Bench_McLachlan_Carpet_1lev 000010 0025 ranger   000256 16 01 10   8.51779592 8.44052800
Bench_McLachlan_Carpet_1lev 000010 0025 ranger   000256 16 16 10   30.78867498 113.03906400
Bench_McLachlan_Carpet_1lev 000010 0025 ranger   000512 16 01 10   8.99916505 8.90455600
Bench_McLachlan_Carpet_1lev 000010 0025 ranger   000512 16 16 10   33.21300611 120.99156200
Bench_McLachlan_Carpet_1lev 000010 0025 ranger   001024 16 01 10   7.99448098 7.91649500
Bench_McLachlan_Carpet_1lev 000010 0025 ranger   001024 16 16 10   35.77518304 117.03931500
Bench_McLachlan_Carpet_1lev 000010 0030 ranger   000016 16 01 10   9.16154402 9.04056500
Bench_McLachlan_Carpet_1lev 000010 0030 ranger   000016 16 16 10   47.81426594 188.77179700
Bench_McLachlan_Carpet_1lev 000010 0030 ranger   000032 16 01 10   10.05423809 9.42058800
Bench_McLachlan_Carpet_1lev 000010 0030 ranger   000032 16 16 10   55.11736892 214.66141500
Bench_McLachlan_Carpet_1lev 000010 0030 ranger   000064 16 01 10   9.64985093 9.51659500
Bench_McLachlan_Carpet_1lev 000010 0030 ranger   000064 16 16 10   40.80243108 157.73785800
Bench_McLachlan_Carpet_1lev 000010 0030 ranger   000128 16 01 10   10.29281101 9.69660600
Bench_McLachlan_Carpet_1lev 000010 0030 ranger   000128 16 16 10   41.92645094 162.09413100
Bench_McLachlan_Carpet_1lev 000010 0030 ranger   000256 16 01 10   14.73097704 14.03287700
Bench_McLachlan_Carpet_1lev 000010 0030 ranger   000256 16 16 10   43.04874409 153.93762100
Bench_McLachlan_Carpet_1lev 000010 0030 ranger   000512 16 01 10   14.41818390 14.29689400
Bench_McLachlan_Carpet_1lev 000010 0030 ranger   000512 16 16 10   48.26876094 164.25426600
Bench_McLachlan_Carpet_1lev 000010 0030 ranger   001024 16 01 10   16.07625503 15.32495800
Bench_McLachlan_Carpet_1lev 000010 0030 ranger   001024 16 16 10   53.11100893 174.79892400
Bench_McLachlan_Carpet_1lev 000010 0040 ranger   000016 16 01 10   22.00438197 21.79336200
Bench_McLachlan_Carpet_1lev 000010 0040 ranger   000016 16 16 10   82.47099999 323.92024400
Bench_McLachlan_Carpet_1lev 000010 0040 ranger   000032 16 01 10   22.46158596 21.74135900
Bench_McLachlan_Carpet_1lev 000010 0040 ranger   000032 16 16 10   89.11722904 346.45765200
Bench_McLachlan_Carpet_1lev 000010 0040 ranger   000064 16 01 10   23.82911612 23.60947600
Bench_McLachlan_Carpet_1lev 000010 0040 ranger   000064 16 16 10   92.11495399 351.72198100
Bench_McLachlan_Carpet_1lev 000010 0040 ranger   000128 16 01 10   24.51478000 23.85349100
Bench_McLachlan_Carpet_1lev 000010 0040 ranger   000128 16 16 10   104.67569394 374.39939900
Bench_McLachlan_Carpet_1lev 000010 0040 ranger   000256 16 01 10   24.26738393 23.38946200
Bench_McLachlan_Carpet_1lev 000010 0040 ranger   000256 16 16 10   108.02386809 382.44790200
Bench_McLachlan_Carpet_1lev 000010 0040 ranger   000512 16 01 10   29.43783911 28.64579000
Bench_McLachlan_Carpet_1lev 000010 0040 ranger   000512 16 16 10   108.61595389 380.72779400
Bench_McLachlan_Carpet_1lev 000010 0040 ranger   001024 16 01 10   33.11902405 32.53003300
Bench_McLachlan_Carpet_1lev 000010 0040 ranger   001024 16 16 10   110.45427103 381.94387000
Bench_McLachlan_Carpet_1lev 000010 0050 ranger   000016 16 01 10   40.04399590 38.77442300
Bench_McLachlan_Carpet_1lev 000010 0050 ranger   000016 16 16 10   165.70008790 629.16732100
Bench_McLachlan_Carpet_1lev 000010 0050 ranger   000032 16 01 10   40.04753589 39.21845100
Bench_McLachlan_Carpet_1lev 000010 0050 ranger   000032 16 16 10   165.83708906 628.94730600
Bench_McLachlan_Carpet_1lev 000010 0050 ranger   000064 16 01 10   42.06625312 41.73860900
Bench_McLachlan_Carpet_1lev 000010 0050 ranger   000064 16 16 10   169.73801699 639.61597400
Bench_McLachlan_Carpet_1lev 000010 0050 ranger   000128 16 01 10   40.54449803 39.87449200
Bench_McLachlan_Carpet_1lev 000010 0050 ranger   000128 16 16 10   195.86360202 700.73179300
Bench_McLachlan_Carpet_1lev 000010 0050 ranger   000256 16 01 10   43.69682396 43.33070800
Bench_McLachlan_Carpet_1lev 000010 0050 ranger   000256 16 16 10   216.43003799 725.08531500
Bench_McLachlan_Carpet_1lev 000010 0050 ranger   000512 16 01 10   44.62407700 44.21076300
Bench_McLachlan_Carpet_1lev 000010 0050 ranger   000512 16 16 10   216.63564103 730.24163700
Bench_McLachlan_Carpet_1lev 000010 0050 ranger   001024 16 01 10   46.62391201 45.45084000
Bench_McLachlan_Carpet_1lev 000010 0050 ranger   001024 16 16 10   221.22804389 744.04249900
Bench_McLachlan_Carpet_1lev 000010 0065 ranger   000001 01 01 10   83.18507704 60.13175800
Bench_McLachlan_Carpet_1lev 000010 0065 ranger   000002 02 01 10   91.87877504 65.33608400
Bench_McLachlan_Carpet_1lev 000010 0065 ranger   000002 02 02 10   78.67032012 123.89574300
Bench_McLachlan_Carpet_1lev 000010 0065 ranger   000004 04 01 10   95.99387902 71.74048400
Bench_McLachlan_Carpet_1lev 000010 0065 ranger   000004 04 02 10   91.99514203 145.10106800
Bench_McLachlan_Carpet_1lev 000010 0065 ranger   000004 04 04 10   79.72494904 311.85149000
Bench_McLachlan_Carpet_1lev 000010 0065 ranger   000008 08 01 10   78.06207090 77.24482700
Bench_McLachlan_Carpet_1lev 000010 0065 ranger   000008 08 02 10   76.56607496 150.89343000
Bench_McLachlan_Carpet_1lev 000010 0065 ranger   000008 08 04 10   87.55486100 336.73304400
Bench_McLachlan_Carpet_1lev 000010 0065 ranger   000008 08 08 10   189.60343990 739.99024700
Bench_McLachlan_Carpet_1lev 000010 0065 ranger   000016 16 01 10   87.85178311 87.17744800
Bench_McLachlan_Carpet_1lev 000010 0065 ranger   000016 16 01 31   89.20489201 86.76942300
Bench_McLachlan_Carpet_1lev 000010 0065 ranger   000016 16 01 32   87.75102210 86.19338600
Bench_McLachlan_Carpet_1lev 000010 0065 ranger   000016 16 01 40   95.36610303 94.86992900
Bench_McLachlan_Carpet_1lev 000010 0065 ranger   000016 16 01 41   209.39842807 94.06587900
Bench_McLachlan_Carpet_1lev 000010 0065 ranger   000016 16 01 42   104.04139005 94.24189000
Bench_McLachlan_Carpet_1lev 000010 0065 ranger   000016 16 02 10   91.38592989 178.61116300
Bench_McLachlan_Carpet_1lev 000010 0065 ranger   000016 16 02 31   177.00312105 174.39089800
Bench_McLachlan_Carpet_1lev 000010 0065 ranger   000016 16 02 32   88.63726289 173.45084000
Bench_McLachlan_Carpet_1lev 000010 0065 ranger   000016 16 04 10   101.10205707 363.86674000
Bench_McLachlan_Carpet_1lev 000010 0065 ranger   000016 16 04 31   357.12369290 352.43802600
Bench_McLachlan_Carpet_1lev 000010 0065 ranger   000016 16 04 32   98.66890411 368.92705600
Bench_McLachlan_Carpet_1lev 000010 0065 ranger   000016 16 04 40   103.93433793 392.48452800
Bench_McLachlan_Carpet_1lev 000010 0065 ranger   000016 16 04 41   106.34465798 388.16825900
Bench_McLachlan_Carpet_1lev 000010 0065 ranger   000016 16 04 42   109.67072592 391.36045800
Bench_McLachlan_Carpet_1lev 000010 0065 ranger   000016 16 08 10   185.97756412 724.96130700
Bench_McLachlan_Carpet_1lev 000010 0065 ranger   000016 16 08 31   657.61191309 651.49271600
Bench_McLachlan_Carpet_1lev 000010 0065 ranger   000016 16 08 32   188.61838409 735.22194800
Bench_McLachlan_Carpet_1lev 000010 0065 ranger   000016 16 16 10   378.76145102 1445.15431600
Bench_McLachlan_Carpet_1lev 000010 0065 ranger   000016 16 16 31   1269.97732811 1257.97461800
Bench_McLachlan_Carpet_1lev 000010 0065 ranger   000016 16 16 32   371.18344712 1413.04431000
Bench_McLachlan_Carpet_1lev 000010 0065 ranger   000032 16 01 10   91.66647007 91.00168700
Bench_McLachlan_Carpet_1lev 000010 0065 ranger   000032 16 01 40   102.57110697 100.74229600
Bench_McLachlan_Carpet_1lev 000010 0065 ranger   000032 16 01 41   199.58030689 101.55034700
Bench_McLachlan_Carpet_1lev 000010 0065 ranger   000032 16 01 42   121.75305000 109.09081800
Bench_McLachlan_Carpet_1lev 000010 0065 ranger   000032 16 04 10   105.09091497 377.62760100
Bench_McLachlan_Carpet_1lev 000010 0065 ranger   000032 16 04 40   109.35379200 412.74979500
Bench_McLachlan_Carpet_1lev 000010 0065 ranger   000032 16 04 41   417.37705606 460.16075900
Bench_McLachlan_Carpet_1lev 000010 0065 ranger   000032 16 04 42   113.78837607 412.49778000
Bench_McLachlan_Carpet_1lev 000010 0065 ranger   000064 16 01 10   94.40370604 93.64185200
Bench_McLachlan_Carpet_1lev 000010 0065 ranger   000064 16 01 40   106.66551899 104.69054300
Bench_McLachlan_Carpet_1lev 000010 0065 ranger   000064 16 01 42   114.86770295 109.95087200
Bench_McLachlan_Carpet_1lev 000010 0065 ranger   000064 16 04 10   104.70302604 393.31658100
Bench_McLachlan_Carpet_1lev 000010 0065 ranger   000064 16 04 40   112.06958098 432.35902000
Bench_McLachlan_Carpet_1lev 000010 0065 ranger   000064 16 04 41   142.34295011 461.58084700
Bench_McLachlan_Carpet_1lev 000010 0065 ranger   000064 16 04 42   111.51011292 429.58284800
Bench_McLachlan_Carpet_1lev 000010 0065 ranger   000128 16 01 10   95.93955095 94.04987700
Bench_McLachlan_Carpet_1lev 000010 0065 ranger   000128 16 01 40   104.61909200 103.17044800
Bench_McLachlan_Carpet_1lev 000010 0065 ranger   000128 16 01 41   105.75780595 103.37846100
Bench_McLachlan_Carpet_1lev 000010 0065 ranger   000128 16 01 42   110.18127208 106.26264100
Bench_McLachlan_Carpet_1lev 000010 0065 ranger   000128 16 04 10   107.15063894 382.53190700
Bench_McLachlan_Carpet_1lev 000010 0065 ranger   000128 16 04 40   115.45257497 424.14250700
Bench_McLachlan_Carpet_1lev 000010 0065 ranger   000128 16 04 41   115.20693307 429.13481900
Bench_McLachlan_Carpet_1lev 000010 0065 ranger   000128 16 04 42   118.59771590 430.20288600
Bench_McLachlan_Carpet_1lev 000010 0065 ranger   000128 16 16 10   630.82660093 2413.63884300
Bench_McLachlan_Carpet_1lev 000010 0065 ranger   000256 16 01 10   100.38175407 99.68223000
Bench_McLachlan_Carpet_1lev 000010 0065 ranger   000256 16 01 40   113.25577202 111.62297600
Bench_McLachlan_Carpet_1lev 000010 0065 ranger   000256 16 01 41   112.67832297 111.29095600
Bench_McLachlan_Carpet_1lev 000010 0065 ranger   000256 16 01 42   118.80191204 117.75135900
Bench_McLachlan_Carpet_1lev 000010 0065 ranger   000256 16 04 10   125.62971099 414.91393000
Bench_McLachlan_Carpet_1lev 000010 0065 ranger   000256 16 04 40   132.59285290 464.78904800
Bench_McLachlan_Carpet_1lev 000010 0065 ranger   000256 16 04 41   133.96170096 464.68104000
Bench_McLachlan_Carpet_1lev 000010 0065 ranger   000256 16 04 42   133.08636596 462.56890900
Bench_McLachlan_Carpet_1lev 000010 0065 ranger   000256 16 16 10   625.90028201 2392.38551500
Bench_McLachlan_Carpet_1lev 000010 0065 ranger   000512 16 01 10   100.13455802 99.09419300
Bench_McLachlan_Carpet_1lev 000010 0065 ranger   000512 16 01 40   113.96193907 112.52303200
Bench_McLachlan_Carpet_1lev 000010 0065 ranger   000512 16 01 42   133.20705693 131.34020900
Bench_McLachlan_Carpet_1lev 000010 0065 ranger   000512 16 04 10   114.34163311 402.92518100
Bench_McLachlan_Carpet_1lev 000010 0065 ranger   000512 16 04 41   125.11287703 453.74035700
Bench_McLachlan_Carpet_1lev 000010 0065 ranger   000512 16 04 42   127.04689406 445.74385700
Bench_McLachlan_Carpet_1lev 000010 0065 ranger   000512 16 16 10   540.60092001 1787.28769900
Bench_McLachlan_Carpet_1lev 000010 0065 ranger   001024 16 01 10   112.38352697 111.56697200
Bench_McLachlan_Carpet_1lev 000010 0065 ranger   001024 16 01 40   128.11013291 126.41590000
Bench_McLachlan_Carpet_1lev 000010 0065 ranger   001024 16 01 41   129.23531895 126.95193400
Bench_McLachlan_Carpet_1lev 000010 0065 ranger   001024 16 01 42   134.06232909 132.12025700
Bench_McLachlan_Carpet_1lev 000010 0065 ranger   001024 16 04 10   115.53678900 413.70185500
Bench_McLachlan_Carpet_1lev 000010 0065 ranger   001024 16 04 40   123.87549011 456.78054700
Bench_McLachlan_Carpet_1lev 000010 0065 ranger   001024 16 04 41   126.20752401 456.13650700
Bench_McLachlan_Carpet_1lev 000010 0065 ranger   001024 16 04 42   128.99931792 459.71273000
Bench_McLachlan_Carpet_1lev 000010 0065 ranger   001024 16 16 10   625.25922899 1849.49158600
Bench_McLachlan_Carpet_1lev 000010 0065 ranger   002048 16 04 40   143.38365793 475.19369800
Bench_McLachlan_Carpet_1lev 000010 0065 ranger   002048 16 04 41   145.44030601 479.90199200
Bench_McLachlan_Carpet_1lev 000010 0065 ranger   002048 16 04 42   147.32943590 481.07006500
Bench_McLachlan_Carpet_1lev 000010 0065 ranger   004096 16 04 40   173.00869696 529.33308100
Bench_McLachlan_Carpet_1lev 000010 0065 ranger   004096 16 04 41   173.77519708 524.03275000
Bench_McLachlan_Carpet_1lev 000010 0065 ranger   004096 16 04 42   168.91665497 523.98074700
Bench_McLachlan_Carpet_1lev 000064 0030 ranger   000016 16 01 01   58.27165611 56.71554400
Bench_McLachlan_Carpet_1lev 000064 0030 ranger   000064 16 01 01   61.07880906 60.18776200
Bench_McLachlan_Carpet_1lev 000064 0030 ranger   000512 16 01 01   88.58007994 86.62941400
Bench_McLachlan_Carpet_1lev 000100 0065 ranger   000016 16 01 21   783.63286991 776.24851300
Bench_McLachlan_Carpet_1lev 000100 0065 ranger   000016 16 02 21   841.46757192 1634.76616700
Bench_McLachlan_Carpet_1lev 000100 0065 ranger   000016 16 04 21   917.50944496 3498.43063900
Bench_McLachlan_Carpet_1lev 000100 0065 ranger   000016 16 08 21   1881.72155196 7397.97834500
Bench_McLachlan_Carpet_1lev 000100 0065 ranger   000016 16 16 21   3735.28508208 14340.54022800
Bench_McLachlan_Carpet_1lev 001000 0065 ranger   000016 16 01 20   7883.84069390 7872.60800800
Bench_McLachlan_Carpet_1lev 001000 0065 ranger   000016 16 01 21   7891.79869109 7823.65294800
Bench_McLachlan_Carpet_1lev 001000 0065 ranger   000016 16 02 20   8389.73299506 16228.49021700
Bench_McLachlan_Carpet_1lev 001000 0065 ranger   000016 16 02 21   8349.39720992 16296.55847200
Bench_McLachlan_Carpet_1lev 001000 0065 ranger   000016 16 04 20   9127.73749894 35569.79497300
Bench_McLachlan_Carpet_1lev 001000 0065 ranger   000016 16 04 21   9174.31368906 35816.39038400
Bench_McLachlan_Carpet_1lev 001000 0065 ranger   000016 16 08 20   18665.72757410 73314.78188800
Bench_McLachlan_Carpet_1lev 001000 0065 ranger   000016 16 08 21   18543.63465100 72860.26148200
Bench_McLachlan_Carpet_9lev 000064 0016 ranger   000064 16 16 00   227.23524505 876.85480000
Bench_McLachlan_Carpet_9lev 000064 0020 ranger   000016 16 16 00   325.43808392 1246.21388300
Bench_McLachlan_Carpet_9lev 000064 0020 ranger   000064 16 16 00   367.10283595 1324.02674600
Bench_McLachlan_Carpet_9lev 000064 0025 ranger   000008 08 04 14   1068.18729400 3643.11168100
Bench_McLachlan_Carpet_9lev 000064 0025 ranger   000016 16 16 00   606.55669805 2305.15206300
Bench_McLachlan_Carpet_9lev 000064 0025 ranger   000064 16 16 00   600.93722396 2307.16018900
Bench_McLachlan_Carpet_9lev 000064 0030 ranger   000008 08 01 00   154.09863504 153.03756400
Bench_McLachlan_Carpet_9lev 000064 0030 ranger   000016 16 01 40   232.23747894 227.12219500
Bench_McLachlan_Carpet_9lev 000064 0030 ranger   000016 16 01 41   231.05800906 229.55034600
Bench_McLachlan_Carpet_9lev 000064 0030 ranger   000016 16 01 42   232.40181598 230.26239000
Bench_McLachlan_Carpet_9lev 000064 0030 ranger   000016 16 04 40   355.54865009 1317.70635200
Bench_McLachlan_Carpet_9lev 000064 0030 ranger   000016 16 04 41   381.96883701 1324.50277600
Bench_McLachlan_Carpet_9lev 000064 0030 ranger   000016 16 04 42   375.09709891 1319.28645000
Bench_McLachlan_Carpet_9lev 000064 0030 ranger   000016 16 16 00   928.01875991 3473.17306000
Bench_McLachlan_Carpet_9lev 000064 0030 ranger   000016 16 16 10   943.05555689 3530.75265800
Bench_McLachlan_Carpet_9lev 000064 0030 ranger   000032 16 01 40   273.39451091 245.53134500
Bench_McLachlan_Carpet_9lev 000064 0030 ranger   000032 16 01 41   247.34621608 243.81123800
Bench_McLachlan_Carpet_9lev 000064 0030 ranger   000032 16 01 42   251.10524499 243.61922500
Bench_McLachlan_Carpet_9lev 000064 0030 ranger   000032 16 04 40   324.06053690 1178.87367500
Bench_McLachlan_Carpet_9lev 000064 0030 ranger   000032 16 04 41   376.84726207 1219.60022000
Bench_McLachlan_Carpet_9lev 000064 0030 ranger   000032 16 04 42   331.70990608 1188.93030300
Bench_McLachlan_Carpet_9lev 000064 0030 ranger   000032 16 16 10   940.59137596 3531.04067600
Bench_McLachlan_Carpet_9lev 000064 0030 ranger   000064 16 01 40   282.18788298 280.92955700
Bench_McLachlan_Carpet_9lev 000064 0030 ranger   000064 16 01 41   282.34322297 281.41358700
Bench_McLachlan_Carpet_9lev 000064 0030 ranger   000064 16 01 42   705.44640511 434.12313100
Bench_McLachlan_Carpet_9lev 000064 0030 ranger   000064 16 04 40   297.94091402 1104.47302500
Bench_McLachlan_Carpet_9lev 000064 0030 ranger   000064 16 04 41   310.28593289 1141.65134900
Bench_McLachlan_Carpet_9lev 000064 0030 ranger   000064 16 04 42   331.64861403 1185.91011400
Bench_McLachlan_Carpet_9lev 000064 0030 ranger   000064 16 16 00   909.69169497 3437.61083800
Bench_McLachlan_Carpet_9lev 000064 0030 ranger   000064 16 16 10   908.07191395 3426.15412100
Bench_McLachlan_Carpet_9lev 000064 0030 ranger   000128 16 01 40   295.73746204 294.45840300
Bench_McLachlan_Carpet_9lev 000064 0030 ranger   000128 16 01 41   297.49076703 296.15850800
Bench_McLachlan_Carpet_9lev 000064 0030 ranger   000128 16 01 42   299.50037411 294.46640300
Bench_McLachlan_Carpet_9lev 000064 0030 ranger   000128 16 04 40   325.56454207 1134.02287200
Bench_McLachlan_Carpet_9lev 000064 0030 ranger   000128 16 04 41   321.45865303 1096.84854800
Bench_McLachlan_Carpet_9lev 000064 0030 ranger   000128 16 04 42   325.81391492 1136.81504700
Bench_McLachlan_Carpet_9lev 000064 0030 ranger   000256 16 01 40   739.06411089 722.94918100
Bench_McLachlan_Carpet_9lev 000064 0030 ranger   000256 16 01 42   375.42897095 348.66579000
Bench_McLachlan_Carpet_9lev 000064 0030 ranger   000256 16 04 40   361.50674800 1166.25688600
Bench_McLachlan_Carpet_9lev 000064 0030 ranger   000256 16 04 41   375.70317499 1196.29076400
Bench_McLachlan_Carpet_9lev 000064 0030 ranger   000256 16 04 42   393.37428604 1224.46052400
Bench_McLachlan_Carpet_9lev 000064 0030 ranger   000512 16 01 40   717.72266300 466.49315400
Bench_McLachlan_Carpet_9lev 000064 0030 ranger   000512 16 01 41   427.83217704 426.36664600
Bench_McLachlan_Carpet_9lev 000064 0030 ranger   000512 16 01 42   500.36372702 494.01087400
Bench_McLachlan_Carpet_9lev 000064 0030 ranger   000512 16 04 40   784.36126301 1416.38051800
Bench_McLachlan_Carpet_9lev 000064 0030 ranger   000512 16 04 41   438.84307710 1328.36701700
Bench_McLachlan_Carpet_9lev 000064 0030 ranger   000512 16 04 42   437.54030701 1301.41733400
Bench_McLachlan_Carpet_9lev 000064 0030 ranger   001024 16 04 40   410.81965891 1296.45302300
Bench_McLachlan_Carpet_9lev 000064 0030 ranger   001024 16 04 41   415.30269793 1304.97355600
Bench_McLachlan_Carpet_9lev 000064 0030 ranger   001024 16 04 42   454.02923994 1355.53271600
Bench_McLachlan_Carpet_9lev 000064 0030 ranger   002048 16 04 40   454.30144811 1382.16638000
Bench_McLachlan_Carpet_9lev 000064 0030 ranger   002048 16 04 41   423.79109792 1301.48933800
Bench_McLachlan_Carpet_9lev 000064 0030 ranger   002048 16 04 42   483.56254105 1392.50302600
Bench_McLachlan_Carpet_9lev 000064 0030 ranger   004096 16 04 40   576.76640400 1561.67759900
Bench_McLachlan_Carpet_9lev 000064 0030 ranger   004096 16 04 41   572.03246104 1612.46077200
Bench_McLachlan_Carpet_9lev 000064 0030 ranger   004096 16 04 42   565.51124806 1607.33245200
Bench_McLachlan_PUGH 000010 0020 ranger   000016 16 01 00   7.11274696 6.31239400
Bench_McLachlan_PUGH 000010 0020 ranger   000016 16 01 03   7.19485598 6.12038300
Bench_McLachlan_PUGH 000010 0020 ranger   000016 16 01 04   6.99481490 6.13238300
Bench_McLachlan_PUGH 000010 0020 ranger   000016 16 01 10   6.73043411 6.11638200
Bench_McLachlan_PUGH 000010 0020 ranger   000016 16 16 10   12.96216499 49.73910900
Bench_McLachlan_PUGH 000010 0020 ranger   000032 16 01 10   6.71971206 6.60441300
Bench_McLachlan_PUGH 000010 0020 ranger   000032 16 16 10   15.08248497 55.23145200
Bench_McLachlan_PUGH 000010 0020 ranger   000064 16 01 10   8.31854706 7.51647000
Bench_McLachlan_PUGH 000010 0020 ranger   000128 16 01 00   9.12580692 8.40852500
Bench_McLachlan_PUGH 000010 0020 ranger   000128 16 01 03   9.95680411 8.98856200
Bench_McLachlan_PUGH 000010 0020 ranger   000128 16 01 04   8.60933403 8.42852600
Bench_McLachlan_PUGH 000010 0020 ranger   000128 16 01 10   8.05977811 7.48446800
Bench_McLachlan_PUGH 000010 0020 ranger   000128 16 16 10   24.58109298 84.72529500
Bench_McLachlan_PUGH 000010 0020 ranger   000256 16 01 10   8.60816800 7.96849800
Bench_McLachlan_PUGH 000010 0020 ranger   000256 16 16 10   24.51631910 85.37733600
Bench_McLachlan_PUGH 000010 0020 ranger   000512 16 01 10   9.64268693 9.52059500
Bench_McLachlan_PUGH 000010 0020 ranger   000512 16 16 10   42.92272600 116.13525800
Bench_McLachlan_PUGH 000010 0020 ranger   001024 16 01 00   11.37457801 10.62066300
Bench_McLachlan_PUGH 000010 0020 ranger   001024 16 01 00   9.81848701 8.85655300
Bench_McLachlan_PUGH 000010 0020 ranger   001024 16 01 03   10.93607495 10.41265100
Bench_McLachlan_PUGH 000010 0020 ranger   001024 16 01 04   10.50168688 9.84461500
Bench_McLachlan_PUGH 000010 0020 ranger   001024 16 01 10   10.04956191 9.34858400
Bench_McLachlan_PUGH 000010 0020 ranger   001024 16 16 10   33.21409501 98.51815700
Bench_McLachlan_PUGH 000010 0020 ranger   004096 16 01 04   11.94105509 10.70066800
Bench_McLachlan_PUGH 000010 0025 ranger   000016 16 01 10   9.12018802 8.98456100
Bench_McLachlan_PUGH 000010 0025 ranger   000016 16 16 10   21.41789003 83.00918800
Bench_McLachlan_PUGH 000010 0025 ranger   000032 16 01 10   9.64989003 9.50459400
Bench_McLachlan_PUGH 000010 0025 ranger   000032 16 16 10   25.34438593 96.03800200
Bench_McLachlan_PUGH 000010 0025 ranger   000064 16 01 10   11.00100399 10.87268000
Bench_McLachlan_PUGH 000010 0025 ranger   000128 16 01 10   11.71453595 11.02868900
Bench_McLachlan_PUGH 000010 0025 ranger   000256 16 01 10   14.23175309 13.52084500
Bench_McLachlan_PUGH 000010 0025 ranger   000256 16 16 10   42.81365901 137.22457600
Bench_McLachlan_PUGH 000010 0025 ranger   000512 16 01 10   14.04781894 13.37283600
Bench_McLachlan_PUGH 000010 0025 ranger   000512 16 16 10   50.65573992 149.02531300
Bench_McLachlan_PUGH 000010 0025 ranger   001024 16 01 10   14.87501408 14.11288200
Bench_McLachlan_PUGH 000010 0025 ranger   001024 16 16 10   56.13210407 153.47759200
Bench_McLachlan_PUGH 000010 0030 ranger   000016 16 01 10   13.44745712 12.95680900
Bench_McLachlan_PUGH 000010 0030 ranger   000016 16 16 10   66.61529602 260.51628200
Bench_McLachlan_PUGH 000010 0030 ranger   000032 16 01 10   14.46388908 13.96887300
Bench_McLachlan_PUGH 000010 0030 ranger   000032 16 16 10   58.41695398 226.42615000
Bench_McLachlan_PUGH 000010 0030 ranger   000064 16 01 10   16.16832292 15.42496400
Bench_McLachlan_PUGH 000010 0030 ranger   000064 16 16 10   48.17206796 177.08706700
Bench_McLachlan_PUGH 000010 0030 ranger   000128 16 01 10   20.20246491 20.09725600
Bench_McLachlan_PUGH 000010 0030 ranger   000128 16 16 10   50.76359810 181.52734500
Bench_McLachlan_PUGH 000010 0030 ranger   000256 16 01 10   20.65122910 20.40927500
Bench_McLachlan_PUGH 000010 0030 ranger   000256 16 16 10   54.21865400 184.71154400
Bench_McLachlan_PUGH 000010 0030 ranger   000512 16 01 10   21.94651200 21.11732000
Bench_McLachlan_PUGH 000010 0030 ranger   000512 16 16 10   61.66266503 192.08000400
Bench_McLachlan_PUGH 000010 0030 ranger   001024 16 01 10   22.90193707 22.36539800
Bench_McLachlan_PUGH 000010 0030 ranger   001024 16 16 10   77.97039404 212.17726000
Bench_McLachlan_PUGH 000010 0040 ranger   000016 16 01 10   25.59952991 24.86555400
Bench_McLachlan_PUGH 000010 0040 ranger   000016 16 16 10   86.56448296 338.30514300
Bench_McLachlan_PUGH 000010 0040 ranger   000032 16 01 10   27.17935895 26.67766700
Bench_McLachlan_PUGH 000010 0040 ranger   000064 16 01 10   29.58103712 29.32183300
Bench_McLachlan_PUGH 000010 0040 ranger   000064 16 16 10   94.35322010 365.81086200
Bench_McLachlan_PUGH 000010 0040 ranger   000128 16 01 10   30.52617391 29.54184700
Bench_McLachlan_PUGH 000010 0040 ranger   000256 16 01 10   33.20886808 32.51403200
Bench_McLachlan_PUGH 000010 0040 ranger   000512 16 01 10   32.81133004 32.59003700
Bench_McLachlan_PUGH 000010 0040 ranger   000512 16 16 10   133.55635797 455.60847400
Bench_McLachlan_PUGH 000010 0040 ranger   001024 16 01 10   35.45960911 34.60216300
Bench_McLachlan_PUGH 000010 0040 ranger   001024 16 16 10   146.02477800 475.13769400
Bench_McLachlan_PUGH 000010 0050 ranger   000016 16 01 10   46.85025989 45.97887400
Bench_McLachlan_PUGH 000010 0050 ranger   000016 16 16 10   156.87513500 607.01793600
Bench_McLachlan_PUGH 000010 0050 ranger   000032 16 01 10   51.97031493 50.79517400
Bench_McLachlan_PUGH 000010 0050 ranger   000064 16 01 10   52.18256698 51.78723600
Bench_McLachlan_PUGH 000010 0050 ranger   000064 16 16 10   184.41173903 701.03581200
Bench_McLachlan_PUGH 000010 0050 ranger   000128 16 01 10   54.65221901 53.21532600
Bench_McLachlan_PUGH 000010 0050 ranger   000256 16 01 10   54.74252798 54.02337600
Bench_McLachlan_PUGH 000010 0050 ranger   000256 16 16 10   279.32454293 725.38933400
Bench_McLachlan_PUGH 000010 0050 ranger   000512 16 01 10   56.42514990 56.11150700
Bench_McLachlan_PUGH 000010 0050 ranger   000512 16 16 10   241.78446989 761.57159500
Bench_McLachlan_PUGH 000010 0050 ranger   001024 16 01 10   57.32243001 56.23551400
Bench_McLachlan_PUGH 000010 0050 ranger   001024 16 16 10   255.46348709 779.71672900
Bench_McLachlan_PUGH 000010 0065 ranger   000001 01 01 10   100.23256511 62.16388500
Bench_McLachlan_PUGH 000010 0065 ranger   000002 02 01 10   106.23404490 67.56422300
Bench_McLachlan_PUGH 000010 0065 ranger   000002 02 02 10   90.74979192 135.80048700
Bench_McLachlan_PUGH 000010 0065 ranger   000004 04 01 10   102.80293300 73.35658500
Bench_McLachlan_PUGH 000010 0065 ranger   000004 04 02 10   70.98707094 140.60878800
Bench_McLachlan_PUGH 000010 0065 ranger   000004 04 04 10   85.89369701 337.74910800
Bench_McLachlan_PUGH 000010 0065 ranger   000008 08 01 10   84.90114804 84.48528000
Bench_McLachlan_PUGH 000010 0065 ranger   000008 08 02 10   79.33197100 156.76979700
Bench_McLachlan_PUGH 000010 0065 ranger   000008 08 04 10   82.83237405 324.60028700
Bench_McLachlan_PUGH 000010 0065 ranger   000008 08 08 10   188.42461107 733.91786700
Bench_McLachlan_PUGH 000010 0065 ranger   000016 16 01 10   98.65116909 96.63003900
Bench_McLachlan_PUGH 000010 0065 ranger   000016 16 01 40   102.74151211 100.81830100
Bench_McLachlan_PUGH 000010 0065 ranger   000016 16 02 10   103.57270405 201.24457700
Bench_McLachlan_PUGH 000010 0065 ranger   000016 16 04 10   95.03713705 370.60716100
Bench_McLachlan_PUGH 000010 0065 ranger   000016 16 04 40   96.29936298 375.37145900
Bench_McLachlan_PUGH 000010 0065 ranger   000016 16 08 10   198.29418894 770.31214100
Bench_McLachlan_PUGH 000010 0065 ranger   000016 16 16 10   371.52553207 1420.43677200
Bench_McLachlan_PUGH 000010 0065 ranger   000032 16 01 10   110.78647895 109.18282300
Bench_McLachlan_PUGH 000010 0065 ranger   000032 16 01 40   115.77951402 115.07919200
Bench_McLachlan_PUGH 000010 0065 ranger   000032 16 04 10   111.39455491 404.41727500
Bench_McLachlan_PUGH 000010 0065 ranger   000032 16 04 40   119.70286100 430.05487700
Bench_McLachlan_PUGH 000010 0065 ranger   000064 16 01 10   113.52522708 112.53503300
Bench_McLachlan_PUGH 000010 0065 ranger   000064 16 01 40   122.36069005 121.88761800
Bench_McLachlan_PUGH 000010 0065 ranger   000064 16 04 10   122.86938710 419.74623200
Bench_McLachlan_PUGH 000010 0065 ranger   000064 16 04 40   131.04529200 437.31533100
Bench_McLachlan_PUGH 000010 0065 ranger   000064 16 16 10   402.90951510 1487.83698400
Bench_McLachlan_PUGH 000010 0065 ranger   000128 16 01 10   114.75743390 112.77104800
Bench_McLachlan_PUGH 000010 0065 ranger   000128 16 01 40   122.72874098 120.70754400
Bench_McLachlan_PUGH 000010 0065 ranger   000128 16 04 10   124.11007707 419.29020400
Bench_McLachlan_PUGH 000010 0065 ranger   000128 16 16 10   482.95297890 1677.09681200
Bench_McLachlan_PUGH 000010 0065 ranger   000256 16 01 10   118.43549103 116.91530700
Bench_McLachlan_PUGH 000010 0065 ranger   000256 16 01 40   126.49836108 126.05187800
Bench_McLachlan_PUGH 000010 0065 ranger   000256 16 04 10   140.31193893 438.73541900
Bench_McLachlan_PUGH 000010 0065 ranger   000256 16 16 10   487.25232109 1684.00524400
Bench_McLachlan_PUGH 000010 0065 ranger   000512 16 01 10   121.46564496 120.48353000
Bench_McLachlan_PUGH 000010 0065 ranger   000512 16 04 10   142.55533003 437.04331300
Bench_McLachlan_PUGH 000010 0065 ranger   000512 16 16 10   486.57453388 1681.43308300
Bench_McLachlan_PUGH 000010 0065 ranger   001024 16 01 10   125.09069311 123.04769000
Bench_McLachlan_PUGH 000010 0065 ranger   001024 16 01 40   135.40611997 134.66041600
Bench_McLachlan_PUGH 000010 0065 ranger   001024 16 04 10   140.65304697 433.57109600
Bench_McLachlan_PUGH 000010 0065 ranger   001024 16 04 40   153.80182804 460.25276400
Bench_McLachlan_PUGH 000010 0065 ranger   001024 16 16 10   512.72758197 1701.55034000
Bench_McLachlan_PUGH 000010 0065 ranger   002048 16 16 10   578.53023306 1772.36276600
Bench_McLachlan_PUGH 000064 0030 ranger   000016 16 01 01   67.30291707 66.45215300
Bench_McLachlan_PUGH 000064 0030 ranger   000064 16 01 01   82.25918094 82.01712600
Bench_McLachlan_PUGH 000064 0030 ranger   000512 16 01 01   131.63310695 131.33220700
