Bench_WaveToy_Carpet_1lev_100l abe 000001 01 36.13228593 35.86254800
Bench_WaveToy_Carpet_1lev_100l abe 000001 02 19.86209490 19.76899500
Bench_WaveToy_Carpet_1lev_100l abe 000001 03 36.10791195 35.91554000
Bench_WaveToy_Carpet_1lev_100l abe 000001 04 20.05866889 19.96096600
Bench_WaveToy_Carpet_1lev_100l abe 000001 22 15.76100598 15.65062100
Bench_WaveToy_Carpet_1lev_100l abe 000001 24 16.00366006 15.90658100
Bench_WaveToy_Carpet_1lev_100l abe 000001 25 16.71933199 16.53548700
Bench_WaveToy_Carpet_1lev_100l abe 000002 01 41.42751104 41.15874300
Bench_WaveToy_Carpet_1lev_100l abe 000002 02 25.65864397 25.53711800
Bench_WaveToy_Carpet_1lev_100l abe 000002 03 39.17222092 38.91308400
Bench_WaveToy_Carpet_1lev_100l abe 000002 04 21.53793092 42.87048300
Bench_WaveToy_Carpet_1lev_100l abe 000002 22 16.50850910 16.22453300
Bench_WaveToy_Carpet_1lev_100l abe 000002 24 15.85886509 31.40222600
Bench_WaveToy_Carpet_1lev_100l abe 000002 25 16.61500498 32.97998600
Bench_WaveToy_Carpet_1lev_100l abe 000004 01 55.47272902 55.07362700
Bench_WaveToy_Carpet_1lev_100l abe 000004 02 31.51638693 31.37523100
Bench_WaveToy_Carpet_1lev_100l abe 000004 03 55.26529508 55.08562600
Bench_WaveToy_Carpet_1lev_100l abe 000004 04 34.44669506 136.75521000
Bench_WaveToy_Carpet_1lev_100l abe 000004 22 22.18411192 21.86267700
Bench_WaveToy_Carpet_1lev_100l abe 000004 24 21.27283603 84.66512900
Bench_WaveToy_Carpet_1lev_100l abe 000004 25 22.40057797 88.57353500
Bench_WaveToy_Carpet_1lev_100l abe 000008 01 116.53958507 116.22533100
Bench_WaveToy_Carpet_1lev_100l abe 000008 02 65.90410201 65.67601500
Bench_WaveToy_Carpet_1lev_100l abe 000008 03 116.51081397 115.76740000
Bench_WaveToy_Carpet_1lev_100l abe 000008 04 79.66193206 631.42700900
Bench_WaveToy_Carpet_1lev_100l abe 000008 14 66.54593505 527.22484900
Bench_WaveToy_Carpet_1lev_100l abe 000008 15 65.69527891 520.82282300
Bench_WaveToy_Carpet_1lev_100l abe 000008 16 62.11394810 492.38914500
Bench_WaveToy_Carpet_1lev_100l abe 000008 17 42.67928389 337.29572400
Bench_WaveToy_Carpet_1lev_100l abe 000008 22 48.41736898 47.40779300
Bench_WaveToy_Carpet_1lev_100l abe 000008 24 42.93757992 339.07745300
Bench_WaveToy_Carpet_1lev_100l abe 000008 25 46.00582498 363.67071400
Bench_WaveToy_Carpet_1lev_100l abe 000016 01 123.06425297 115.86638600
Bench_WaveToy_Carpet_1lev_100l abe 000016 02 66.34350007 66.11095000
Bench_WaveToy_Carpet_1lev_100l abe 000016 03 126.53066605 118.70895400
Bench_WaveToy_Carpet_1lev_100l abe 000016 04 80.83662007 640.79058500
Bench_WaveToy_Carpet_1lev_100l abe 000016 22 54.58812098 53.89180700
Bench_WaveToy_Carpet_1lev_100l abe 000016 24 43.16310789 342.22197500
Bench_WaveToy_Carpet_1lev_100l abe 000016 25 47.02755094 371.10158400
Bench_WaveToy_Carpet_1lev_100l abe 000032 01 194.20750607 113.02381800
Bench_WaveToy_Carpet_1lev_100l abe 000032 02 68.89493506 68.50158600
Bench_WaveToy_Carpet_1lev_100l abe 000032 03 162.93443209 123.38824300
Bench_WaveToy_Carpet_1lev_100l abe 000032 04 81.85271010 649.34428500
Bench_WaveToy_Carpet_1lev_100l abe 000032 22 52.97964111 52.16007000
Bench_WaveToy_Carpet_1lev_100l abe 000032 24 44.26500210 349.54686100
Bench_WaveToy_Carpet_1lev_100l abe 000064 01 255.46592492 125.32794700
Bench_WaveToy_Carpet_1lev_100l abe 000064 02 71.67216897 71.18617800
Bench_WaveToy_Carpet_1lev_100l abe 000064 03 277.11469104 142.81328900
Bench_WaveToy_Carpet_1lev_100l abe 000064 04 84.02686290 665.63880700
Bench_WaveToy_Carpet_1lev_100l abe 000064 22 56.88489690 56.27244500
Bench_WaveToy_Carpet_1lev_100l abe 000064 24 46.21277207 365.10449600
Bench_WaveToy_Carpet_1lev_100l abe 000128 01 540.65933201 152.98074300
Bench_WaveToy_Carpet_1lev_100l abe 000128 02 72.37997509 72.07404300
Bench_WaveToy_Carpet_1lev_100l abe 000128 03 310.50008695 131.77296800
Bench_WaveToy_Carpet_1lev_100l abe 000128 04 84.80294699 672.05583200
Bench_WaveToy_Carpet_1lev_100l abe 000128 22 58.97609606 58.61908900
Bench_WaveToy_Carpet_1lev_100l abe 000128 24 47.20328806 373.15427100
Bench_WaveToy_Carpet_1lev_100l abe 000256 01 866.20407203 208.58529000
Bench_WaveToy_Carpet_1lev_100l abe 000256 02 78.41440800 77.14027300
Bench_WaveToy_Carpet_1lev_100l abe 000256 03 510.73980491 107.64663500
Bench_WaveToy_Carpet_1lev_100l abe 000256 04 87.11977599 689.41919200
Bench_WaveToy_Carpet_1lev_100l abe 000256 22 62.91609000 61.84759800
Bench_WaveToy_Carpet_1lev_100l abe 000256 24 49.30406896 389.12284400
Bench_WaveToy_Carpet_1lev_100l abe 000512 02 87.93497497 85.92993700
Bench_WaveToy_Carpet_1lev_100l abe 000512 03 739.69835899 122.85632300
Bench_WaveToy_Carpet_1lev_100l abe 000512 04 89.06671892 705.09280900
Bench_WaveToy_Carpet_1lev_100l abe 000512 22 71.23470306 69.75839500
Bench_WaveToy_Carpet_1lev_100l abe 000512 24 51.56810394 407.30708000
Bench_WaveToy_Carpet_1lev_100l abe 001024 02 98.92545889 97.82012900
Bench_WaveToy_Carpet_1lev_100l abe 001024 03 795.79943710 143.94911600
Bench_WaveToy_Carpet_1lev_100l abe 001024 04 92.12712501 728.86419600
Bench_WaveToy_Carpet_1lev_100l abe 001024 22 86.76489704 83.44231500
Bench_WaveToy_Carpet_1lev_100l abe 001024 24 53.11540601 412.39030700
Bench_WaveToy_Carpet_1lev_100l abe 002048 04 92.85719508 729.13315500
Bench_WaveToy_Carpet_1lev_100l abe 002048 22 228.85800392 194.11649000
Bench_WaveToy_Carpet_1lev_100l abe 004096 04 100.00013693 775.71507300
Bench_WaveToy_Carpet_1lev_100l abe 004096 24 61.82261803 467.92786400
Bench_WaveToy_Carpet_1lev_100l abe 008192 24 67.99619297 506.79495600
Bench_WaveToy_Carpet_9lev_100l abe 000001 01 126.13222906 109.59133900
Bench_WaveToy_Carpet_9lev_100l abe 000001 02 103.86174593 87.41571100
Bench_WaveToy_Carpet_9lev_100l abe 000001 03 123.01102295 105.70593100
Bench_WaveToy_Carpet_9lev_100l abe 000001 04 105.47685101 89.53738800
Bench_WaveToy_Carpet_9lev_100l abe 000001 22 27.37543610 26.70694000
Bench_WaveToy_Carpet_9lev_100l abe 000001 24 27.02450008 26.44497900
Bench_WaveToy_Carpet_9lev_100l abe 000001 25 28.22133097 27.55481100
Bench_WaveToy_Carpet_9lev_100l abe 000002 01 134.51841008 116.31831700
Bench_WaveToy_Carpet_9lev_100l abe 000002 02 117.17813992 99.28690600
Bench_WaveToy_Carpet_9lev_100l abe 000002 03 138.58910390 117.18518500
Bench_WaveToy_Carpet_9lev_100l abe 000002 04 132.80915000 229.52510700
Bench_WaveToy_Carpet_9lev_100l abe 000002 22 32.39919104 31.73017600
Bench_WaveToy_Carpet_9lev_100l abe 000002 24 29.70496298 58.02118000
Bench_WaveToy_Carpet_9lev_100l abe 000002 25 30.63730492 59.73991800
Bench_WaveToy_Carpet_9lev_100l abe 000004 01 184.59587609 159.41676500
Bench_WaveToy_Carpet_9lev_100l abe 000004 02 156.55006994 134.39256900
Bench_WaveToy_Carpet_9lev_100l abe 000004 03 186.35170988 160.13065600
Bench_WaveToy_Carpet_9lev_100l abe 000004 04 215.83761998 788.98105600
Bench_WaveToy_Carpet_9lev_100l abe 000004 22 47.89711309 47.16283000
Bench_WaveToy_Carpet_9lev_100l abe 000004 24 40.82983690 159.82270400
Bench_WaveToy_Carpet_9lev_100l abe 000004 25 42.65959593 166.99761200
Bench_WaveToy_Carpet_9lev_100l abe 000008 01 386.87733008 336.87078800
Bench_WaveToy_Carpet_9lev_100l abe 000008 02 312.62406103 271.10778500
Bench_WaveToy_Carpet_9lev_100l abe 000008 03 387.57153499 327.25725000
Bench_WaveToy_Carpet_9lev_100l abe 000008 04 416.30676104 3149.33222900
Bench_WaveToy_Carpet_9lev_100l abe 000008 15 399.80240510 3045.11807200
Bench_WaveToy_Carpet_9lev_100l abe 000008 16 393.18508303 2992.10513100
Bench_WaveToy_Carpet_9lev_100l abe 000008 17 75.98936203 583.58528200
Bench_WaveToy_Carpet_9lev_100l abe 000008 22 105.35750910 103.14331900
Bench_WaveToy_Carpet_9lev_100l abe 000008 24 76.17161194 584.42215500
Bench_WaveToy_Carpet_9lev_100l abe 000008 25 78.20690993 601.53155300
Bench_WaveToy_Carpet_9lev_100l abe 000016 01 404.00009002 300.93025100
Bench_WaveToy_Carpet_9lev_100l abe 000016 02 316.67078401 315.23707700
Bench_WaveToy_Carpet_9lev_100l abe 000016 03 408.96036196 295.03014800
Bench_WaveToy_Carpet_9lev_100l abe 000016 22 115.96744504 114.54858600
Bench_WaveToy_Carpet_9lev_100l abe 000016 24 83.64383206 638.72190000
Bench_WaveToy_Carpet_9lev_100l abe 000016 25 85.58868701 655.43035900
Bench_WaveToy_Carpet_9lev_100l abe 000032 02 342.56060007 300.26535300
Bench_WaveToy_Carpet_9lev_100l abe 000032 03 518.76976693 286.97637300
Bench_WaveToy_Carpet_9lev_100l abe 000032 04 426.62663900 3213.54246700
Bench_WaveToy_Carpet_9lev_100l abe 000032 22 130.18238789 128.25650200
Bench_WaveToy_Carpet_9lev_100l abe 000032 24 90.07863989 680.42056000
Bench_WaveToy_Carpet_9lev_100l abe 000032 25 93.00820090 701.82830600
Bench_WaveToy_Carpet_9lev_100l abe 000064 02 351.58367505 349.60785100
Bench_WaveToy_Carpet_9lev_100l abe 000064 03 816.66642505 311.50164400
Bench_WaveToy_Carpet_9lev_100l abe 000064 04 440.50253495 3314.54411300
Bench_WaveToy_Carpet_9lev_100l abe 000064 22 139.25077806 137.70606500
Bench_WaveToy_Carpet_9lev_100l abe 000064 24 101.09486704 765.17667600
Bench_WaveToy_Carpet_9lev_100l abe 000128 02 347.30553895 345.66045100
Bench_WaveToy_Carpet_9lev_100l abe 000128 03 879.80435197 298.49662100
Bench_WaveToy_Carpet_9lev_100l abe 000128 04 466.82521804 3503.06645300
Bench_WaveToy_Carpet_9lev_100l abe 000128 22 144.34694209 143.06125200
Bench_WaveToy_Carpet_9lev_100l abe 000128 24 126.52824989 951.61133300
Bench_WaveToy_Carpet_9lev_100l abe 000256 02 418.49617795 413.90607700
Bench_WaveToy_Carpet_9lev_100l abe 000256 03 973.44099496 280.68732900
Bench_WaveToy_Carpet_9lev_100l abe 000256 04 519.06132111 3900.56102500
Bench_WaveToy_Carpet_9lev_100l abe 000256 22 165.82707709 163.73810800
Bench_WaveToy_Carpet_9lev_100l abe 000256 24 159.58978298 1205.98866200
Bench_WaveToy_Carpet_9lev_100l abe 000512 02 1211.34776692 974.70282200
Bench_WaveToy_Carpet_9lev_100l abe 000512 03 2654.43013700 396.49272300
Bench_WaveToy_Carpet_9lev_100l abe 000512 04 614.63186990 4462.30262700
Bench_WaveToy_Carpet_9lev_100l abe 000512 22 1052.58309494 897.25659600
Bench_WaveToy_Carpet_9lev_100l abe 000512 24 213.49636504 1633.52166700
Bench_WaveToy_Carpet_9lev_100l abe 001024 04 618.40497002 4532.93089000
Bench_WaveToy_Carpet_9lev_100l abe 001024 24 205.58574804 1553.51183000
Bench_WaveToy_PUGH_100l abe 000001 01 30.86577597 30.76732300
Bench_WaveToy_PUGH_100l abe 000001 03 31.00041194 30.80531700
Bench_WaveToy_PUGH_100l abe 000001 22 15.86860409 15.69161500
Bench_WaveToy_PUGH_100l abe 000001 24 15.81905496 15.75760400
Bench_WaveToy_PUGH_100l abe 000001 25 16.55057004 16.39850700
Bench_WaveToy_PUGH_100l abe 000002 01 34.13167994 33.90084600
Bench_WaveToy_PUGH_100l abe 000002 03 32.83689389 32.55405100
Bench_WaveToy_PUGH_100l abe 000002 22 16.48419391 16.38750900
Bench_WaveToy_PUGH_100l abe 000002 24 16.99460509 33.70987500
Bench_WaveToy_PUGH_100l abe 000002 25 17.40886810 34.54974800
Bench_WaveToy_PUGH_100l abe 000004 01 44.07216395 43.82433700
Bench_WaveToy_PUGH_100l abe 000004 03 44.16862297 43.87133000
Bench_WaveToy_PUGH_100l abe 000004 22 21.17780010 20.99080900
Bench_WaveToy_PUGH_100l abe 000004 24 23.40756610 91.67006400
Bench_WaveToy_PUGH_100l abe 000004 25 23.76364303 94.30166400
Bench_WaveToy_PUGH_100l abe 000008 01 96.64905506 96.22337200
Bench_WaveToy_PUGH_100l abe 000008 03 97.30730389 96.82628000
Bench_WaveToy_PUGH_100l abe 000008 16 42.85326110 337.59467700
Bench_WaveToy_PUGH_100l abe 000008 17 43.20399310 338.88248200
Bench_WaveToy_PUGH_100l abe 000008 22 48.69090392 48.22566900
Bench_WaveToy_PUGH_100l abe 000008 24 43.13499991 339.53538200
Bench_WaveToy_PUGH_100l abe 000008 25 45.84422406 359.13340300
Bench_WaveToy_PUGH_100l abe 000016 01 102.75565499 93.62776600
Bench_WaveToy_PUGH_100l abe 000016 03 106.06575994 99.05494100
Bench_WaveToy_PUGH_100l abe 000016 22 49.59145607 49.10953400
Bench_WaveToy_PUGH_100l abe 000016 24 44.13802795 348.19406700
Bench_WaveToy_PUGH_100l abe 000016 25 48.15496100 376.58375000
Bench_WaveToy_PUGH_100l abe 000032 01 229.94389591 109.77831100
Bench_WaveToy_PUGH_100l abe 000032 03 371.29091398 220.08554200
Bench_WaveToy_PUGH_100l abe 000032 22 51.01662399 50.70029200
Bench_WaveToy_PUGH_100l abe 000032 24 45.53198409 357.28668400
Bench_WaveToy_PUGH_100l abe 000032 25 49.34816206 387.23613100
Bench_WaveToy_PUGH_100l abe 000064 01 298.65198804 117.57112700
Bench_WaveToy_PUGH_100l abe 000064 03 379.32393598 213.58553100
Bench_WaveToy_PUGH_100l abe 000064 22 58.25639189 57.53925300
Bench_WaveToy_PUGH_100l abe 000064 24 53.69293088 421.80787600
Bench_WaveToy_PUGH_100l abe 000128 01 361.15717993 129.84326100
Bench_WaveToy_PUGH_100l abe 000128 03 260.04806695 150.92505600
Bench_WaveToy_PUGH_100l abe 000128 22 55.72259808 55.30659300
Bench_WaveToy_PUGH_100l abe 000128 24 53.99919005 423.69858800
Bench_WaveToy_PUGH_100l abe 000256 01 926.16659311 214.27242600
Bench_WaveToy_PUGH_100l abe 000256 03 440.95625111 221.99925100
Bench_WaveToy_PUGH_100l abe 000256 22 56.47358399 56.25244800
Bench_WaveToy_PUGH_100l abe 000256 24 56.27994410 441.27091700
Bench_WaveToy_PUGH_100l abe 000512 01 1300.96096400 253.31449000
Bench_WaveToy_PUGH_100l abe 000512 03 797.83064605 328.71802700
Bench_WaveToy_PUGH_100l abe 000512 22 61.39915990 61.05271900
Bench_WaveToy_PUGH_100l abe 000512 24 62.90528509 492.38714500
Bench_WaveToy_PUGH_100l abe 001024 01 1936.08091496 349.47687100
Bench_WaveToy_PUGH_100l abe 001024 03 673.60231099 311.97357300
Bench_WaveToy_PUGH_100l abe 001024 22 64.86119507 62.83844700
Bench_WaveToy_PUGH_100l abe 001024 24 64.30801503 498.61619800
Bench_WaveToy_PUGH_100l abe 002048 03 1396.88310406 510.51039100
Bench_WaveToy_PUGH_100l abe 002048 22 65.93411911 65.63602200
Bench_WaveToy_PUGH_100l abe 004096 03 1620.76987100 538.90507400
Bench_WaveToy_PUGH_100l abe 004096 22 73.46251290 67.91067600
Bench_WaveToy_PUGH_100l abe 004096 24 71.62607111 510.82834300
Bench_WaveToy_PUGH_100l abe 008192 24 71.56548595 530.59333800
