# Cactus benchmark results
#    processes = procs
#    nodes     = procs / ppn
#
# benchmark steps size machine   procs ppn tpp iter   walltime cputime
Bench_McLachlan_Carpet_1lev 000010 0020 queenbee   000001 01 01 00   2.18004488 2.13000000
Bench_McLachlan_Carpet_1lev 000010 0020 queenbee   000002 01 01 00   2.53055298 2.51000000
Bench_McLachlan_Carpet_1lev 000010 0020 queenbee   000002 02 01 00   2.72184103 2.69000000
Bench_McLachlan_Carpet_1lev 000010 0020 queenbee   000002 02 02 00   2.54615501 4.86000000
Bench_McLachlan_Carpet_1lev 000010 0020 queenbee   000004 01 01 00   2.96957104 2.91000000
Bench_McLachlan_Carpet_1lev 000010 0020 queenbee   000004 02 01 00   3.04461709 3.01000000
Bench_McLachlan_Carpet_1lev 000010 0020 queenbee   000004 02 02 00   3.12482799 6.15000000
Bench_McLachlan_Carpet_1lev 000010 0020 queenbee   000004 04 01 00   3.34263301 3.26000000
Bench_McLachlan_Carpet_1lev 000010 0020 queenbee   000004 04 02 00   3.35837095 6.50000000
Bench_McLachlan_Carpet_1lev 000010 0020 queenbee   000004 04 04 00   3.27572290 12.69000000
Bench_McLachlan_Carpet_1lev 000010 0020 queenbee   000008 01 01 00   3.49049698 3.44000000
Bench_McLachlan_Carpet_1lev 000010 0020 queenbee   000008 02 01 00   3.62397398 3.55000000
Bench_McLachlan_Carpet_1lev 000010 0020 queenbee   000008 02 02 00   3.89000105 7.58000000
Bench_McLachlan_Carpet_1lev 000010 0020 queenbee   000008 04 01 00   3.94215002 3.88000000
Bench_McLachlan_Carpet_1lev 000010 0020 queenbee   000008 04 02 00   4.20551997 8.24000000
Bench_McLachlan_Carpet_1lev 000010 0020 queenbee   000008 04 04 00   3.86819608 15.29000000
Bench_McLachlan_Carpet_1lev 000010 0020 queenbee   000008 08 01 00   5.99909205 5.52000000
Bench_McLachlan_Carpet_1lev 000010 0020 queenbee   000008 08 02 00   5.28777089 10.05000000
Bench_McLachlan_Carpet_1lev 000010 0020 queenbee   000008 08 04 00   5.49491405 18.72000000
Bench_McLachlan_Carpet_1lev 000010 0020 queenbee   000008 08 08 00   4.22172089 31.44000000
Bench_McLachlan_Carpet_1lev 000010 0020 queenbee   000016 02 01 00   4.32488199 4.24000000
Bench_McLachlan_Carpet_1lev 000010 0020 queenbee   000016 02 02 00   4.50699201 8.82000000
Bench_McLachlan_Carpet_1lev 000010 0020 queenbee   000016 04 01 00   4.61695802 4.56000000
Bench_McLachlan_Carpet_1lev 000010 0020 queenbee   000016 04 02 00   4.90378994 9.67000000
Bench_McLachlan_Carpet_1lev 000010 0020 queenbee   000016 04 04 00   5.09731894 19.67000000
Bench_McLachlan_Carpet_1lev 000010 0020 queenbee   000016 08 01 00   6.47746089 6.06000000
Bench_McLachlan_Carpet_1lev 000010 0020 queenbee   000016 08 02 00   6.14238098 11.76000000
Bench_McLachlan_Carpet_1lev 000010 0020 queenbee   000016 08 04 00   5.92249104 22.78000000
Bench_McLachlan_Carpet_1lev 000010 0020 queenbee   000016 08 08 00   5.10711994 38.63000000
Bench_McLachlan_Carpet_1lev 000010 0020 queenbee   000032 04 01 00   5.13169010 5.07000000
Bench_McLachlan_Carpet_1lev 000010 0020 queenbee   000032 04 02 00   5.66172997 11.11000000
Bench_McLachlan_Carpet_1lev 000010 0020 queenbee   000032 04 04 00   5.63717593 22.02000000
Bench_McLachlan_Carpet_1lev 000010 0020 queenbee   000032 08 01 00   7.46641389 7.04000000
Bench_McLachlan_Carpet_1lev 000010 0020 queenbee   000032 08 02 00   7.17890501 13.78000000
Bench_McLachlan_Carpet_1lev 000010 0020 queenbee   000032 08 04 00   6.97003410 26.37000000
Bench_McLachlan_Carpet_1lev 000010 0020 queenbee   000032 08 08 00   5.92858698 45.26000000
Bench_McLachlan_Carpet_1lev 000010 0020 queenbee   000064 08 01 00   8.22287292 7.70000000
Bench_McLachlan_Carpet_1lev 000010 0020 queenbee   000064 08 02 00   7.60101492 14.34000000
Bench_McLachlan_Carpet_1lev 000010 0020 queenbee   000064 08 04 00   8.24292906 31.64000000
Bench_McLachlan_Carpet_1lev 000010 0020 queenbee   000064 08 08 00   7.38067509 55.35000000
Bench_McLachlan_Carpet_1lev 000010 0025 queenbee   000001 01 01 00   4.31161090 4.25000000
Bench_McLachlan_Carpet_1lev 000010 0025 queenbee   000002 01 01 00   4.90874003 4.87000000
Bench_McLachlan_Carpet_1lev 000010 0025 queenbee   000002 02 01 00   5.28702111 4.99000000
Bench_McLachlan_Carpet_1lev 000010 0025 queenbee   000002 02 02 00   5.01386997 9.90000000
Bench_McLachlan_Carpet_1lev 000010 0025 queenbee   000004 01 01 00   5.57458706 5.56000000
Bench_McLachlan_Carpet_1lev 000010 0025 queenbee   000004 02 01 00   6.09571902 6.00000000
Bench_McLachlan_Carpet_1lev 000010 0025 queenbee   000004 02 02 00   6.17563607 12.14000000
Bench_McLachlan_Carpet_1lev 000010 0025 queenbee   000004 04 01 00   6.45769206 6.40000000
Bench_McLachlan_Carpet_1lev 000010 0025 queenbee   000004 04 02 00   6.70663112 12.98000000
Bench_McLachlan_Carpet_1lev 000010 0025 queenbee   000004 04 04 00   5.83782291 22.96000000
Bench_McLachlan_Carpet_1lev 000010 0025 queenbee   000008 01 01 00   6.45009810 6.34000000
Bench_McLachlan_Carpet_1lev 000010 0025 queenbee   000008 02 01 00   6.93284590 6.85000000
Bench_McLachlan_Carpet_1lev 000010 0025 queenbee   000008 02 02 00   6.74269011 13.35000000
Bench_McLachlan_Carpet_1lev 000010 0025 queenbee   000008 04 01 00   7.66499491 7.28000000
Bench_McLachlan_Carpet_1lev 000010 0025 queenbee   000008 04 02 00   7.55295604 14.86000000
Bench_McLachlan_Carpet_1lev 000010 0025 queenbee   000008 04 04 00   7.84472610 30.50000000
Bench_McLachlan_Carpet_1lev 000010 0025 queenbee   000008 08 01 00   10.80221701 10.28000000
Bench_McLachlan_Carpet_1lev 000010 0025 queenbee   000008 08 02 00   9.69583094 18.97000000
Bench_McLachlan_Carpet_1lev 000010 0025 queenbee   000008 08 04 00   9.47960001 36.52000000
Bench_McLachlan_Carpet_1lev 000010 0025 queenbee   000008 08 08 00   8.22377890 62.13000000
Bench_McLachlan_Carpet_1lev 000010 0025 queenbee   000016 02 01 00   7.56164302 7.50000000
Bench_McLachlan_Carpet_1lev 000010 0025 queenbee   000016 02 02 00   7.92276010 15.64000000
Bench_McLachlan_Carpet_1lev 000010 0025 queenbee   000016 04 01 00   8.33872201 8.18000000
Bench_McLachlan_Carpet_1lev 000010 0025 queenbee   000016 04 02 00   8.65624199 16.93000000
Bench_McLachlan_Carpet_1lev 000010 0025 queenbee   000016 04 04 00   9.06401491 35.02000000
Bench_McLachlan_Carpet_1lev 000010 0025 queenbee   000016 08 01 00   11.58219003 11.11000000
Bench_McLachlan_Carpet_1lev 000010 0025 queenbee   000016 08 02 00   10.74513900 21.07000000
Bench_McLachlan_Carpet_1lev 000010 0025 queenbee   000016 08 04 00   10.97339804 41.73000000
Bench_McLachlan_Carpet_1lev 000010 0025 queenbee   000016 08 08 00   9.36701293 70.65000000
Bench_McLachlan_Carpet_1lev 000010 0025 queenbee   000032 04 01 00   9.08913908 9.01000000
Bench_McLachlan_Carpet_1lev 000010 0025 queenbee   000032 04 02 00   9.93024996 19.42000000
Bench_McLachlan_Carpet_1lev 000010 0025 queenbee   000032 04 04 00   10.00218710 38.88000000
Bench_McLachlan_Carpet_1lev 000010 0025 queenbee   000032 08 01 00   12.90022605 12.46000000
Bench_McLachlan_Carpet_1lev 000010 0025 queenbee   000032 08 02 00   11.80972496 23.15000000
Bench_McLachlan_Carpet_1lev 000010 0025 queenbee   000032 08 04 00   12.01877888 46.62000000
Bench_McLachlan_Carpet_1lev 000010 0025 queenbee   000032 08 08 00   10.56503904 80.68000000
Bench_McLachlan_Carpet_1lev 000010 0025 queenbee   000064 08 01 00   13.77081301 13.37000000
Bench_McLachlan_Carpet_1lev 000010 0025 queenbee   000064 08 02 00   12.85026910 25.16000000
Bench_McLachlan_Carpet_1lev 000010 0025 queenbee   000064 08 04 00   13.06493991 50.84000000
Bench_McLachlan_Carpet_1lev 000010 0025 queenbee   000064 08 08 00   11.79338503 89.84000000
Bench_McLachlan_Carpet_1lev 000010 0030 queenbee   000001 01 01 00   8.07034294 8.00000000
Bench_McLachlan_Carpet_1lev 000010 0030 queenbee   000002 01 01 00   8.51725991 8.46000000
Bench_McLachlan_Carpet_1lev 000010 0030 queenbee   000002 02 01 00   8.77434499 8.69000000
Bench_McLachlan_Carpet_1lev 000010 0030 queenbee   000002 02 02 00   9.30627305 18.45000000
Bench_McLachlan_Carpet_1lev 000010 0030 queenbee   000004 01 01 00   9.50882790 9.40000000
Bench_McLachlan_Carpet_1lev 000010 0030 queenbee   000004 02 01 00   10.25404003 10.19000000
Bench_McLachlan_Carpet_1lev 000010 0030 queenbee   000004 02 02 00   9.93681109 19.65000000
Bench_McLachlan_Carpet_1lev 000010 0030 queenbee   000004 04 01 00   11.13738288 10.86000000
Bench_McLachlan_Carpet_1lev 000010 0030 queenbee   000004 04 02 00   10.75762799 21.18000000
Bench_McLachlan_Carpet_1lev 000010 0030 queenbee   000004 04 04 00   10.29982102 40.37000000
Bench_McLachlan_Carpet_1lev 000010 0030 queenbee   000008 01 01 00   10.48808808 10.40000000
Bench_McLachlan_Carpet_1lev 000010 0030 queenbee   000008 02 01 00   11.34777312 11.24000000
Bench_McLachlan_Carpet_1lev 000010 0030 queenbee   000008 02 02 00   11.61901994 22.98000000
Bench_McLachlan_Carpet_1lev 000010 0030 queenbee   000008 04 01 00   12.10791498 12.02000000
Bench_McLachlan_Carpet_1lev 000010 0030 queenbee   000008 04 02 00   12.43612996 24.49000000
Bench_McLachlan_Carpet_1lev 000010 0030 queenbee   000008 04 04 00   12.00686409 46.93000000
Bench_McLachlan_Carpet_1lev 000010 0030 queenbee   000008 08 01 00   16.95675189 16.36000000
Bench_McLachlan_Carpet_1lev 000010 0030 queenbee   000008 08 02 00   15.57873693 30.32000000
Bench_McLachlan_Carpet_1lev 000010 0030 queenbee   000008 08 04 00   14.72761595 57.37000000
Bench_McLachlan_Carpet_1lev 000010 0030 queenbee   000008 08 08 00   14.31310301 108.96000000
Bench_McLachlan_Carpet_1lev 000010 0030 queenbee   000016 02 01 00   12.83092607 12.69000000
Bench_McLachlan_Carpet_1lev 000010 0030 queenbee   000016 02 02 00   12.75074511 25.26000000
Bench_McLachlan_Carpet_1lev 000010 0030 queenbee   000016 04 01 00   13.69897303 13.58000000
Bench_McLachlan_Carpet_1lev 000010 0030 queenbee   000016 04 02 00   13.54775400 26.78000000
Bench_McLachlan_Carpet_1lev 000010 0030 queenbee   000016 04 04 00   13.97681208 54.70000000
Bench_McLachlan_Carpet_1lev 000010 0030 queenbee   000016 08 01 00   18.28561203 17.81000000
Bench_McLachlan_Carpet_1lev 000010 0030 queenbee   000016 08 02 00   16.42336306 32.31000000
Bench_McLachlan_Carpet_1lev 000010 0030 queenbee   000016 08 04 00   16.42514890 64.22000000
Bench_McLachlan_Carpet_1lev 000010 0030 queenbee   000016 08 08 00   14.73008806 113.12000000
Bench_McLachlan_Carpet_1lev 000010 0030 queenbee   000032 04 01 00   14.49679608 14.37000000
Bench_McLachlan_Carpet_1lev 000010 0030 queenbee   000032 04 02 00   14.79855791 29.11000000
Bench_McLachlan_Carpet_1lev 000010 0030 queenbee   000032 04 04 00   15.17417404 59.04000000
Bench_McLachlan_Carpet_1lev 000010 0030 queenbee   000032 08 01 00   19.65339097 19.13000000
Bench_McLachlan_Carpet_1lev 000010 0030 queenbee   000032 08 02 00   17.88508290 34.89000000
Bench_McLachlan_Carpet_1lev 000010 0030 queenbee   000032 08 04 00   18.92766697 71.98000000
Bench_McLachlan_Carpet_1lev 000010 0030 queenbee   000032 08 08 00   16.62619594 128.52000000
Bench_McLachlan_Carpet_1lev 000010 0030 queenbee   000064 08 01 00   20.99104103 20.42000000
Bench_McLachlan_Carpet_1lev 000010 0030 queenbee   000064 08 02 00   19.57391190 37.65000000
Bench_McLachlan_Carpet_1lev 000010 0030 queenbee   000064 08 04 00   21.04398009 80.52000000
Bench_McLachlan_Carpet_1lev 000010 0030 queenbee   000064 08 08 00   18.09125699 139.85000000
Bench_McLachlan_Carpet_1lev 000010 0040 queenbee   000001 01 01 00   18.60676605 18.49000000
Bench_McLachlan_Carpet_1lev 000010 0040 queenbee   000002 01 01 00   20.55914289 20.46000000
Bench_McLachlan_Carpet_1lev 000010 0040 queenbee   000002 02 01 00   21.11567690 21.00000000
Bench_McLachlan_Carpet_1lev 000010 0040 queenbee   000002 02 02 00   21.12278691 41.79000000
Bench_McLachlan_Carpet_1lev 000010 0040 queenbee   000004 01 01 00   22.10495392 21.99000000
Bench_McLachlan_Carpet_1lev 000010 0040 queenbee   000004 02 01 00   24.01601897 23.77000000
Bench_McLachlan_Carpet_1lev 000010 0040 queenbee   000004 02 02 00   23.13655510 45.98000000
Bench_McLachlan_Carpet_1lev 000010 0040 queenbee   000004 04 01 00   25.38805209 25.23000000
Bench_McLachlan_Carpet_1lev 000010 0040 queenbee   000004 04 02 00   24.91162811 49.41000000
Bench_McLachlan_Carpet_1lev 000010 0040 queenbee   000004 04 04 00   23.55984301 91.46000000
Bench_McLachlan_Carpet_1lev 000010 0040 queenbee   000008 01 01 00   24.01610303 23.87000000
Bench_McLachlan_Carpet_1lev 000010 0040 queenbee   000008 02 01 00   25.11782200 24.98000000
Bench_McLachlan_Carpet_1lev 000010 0040 queenbee   000008 02 02 00   24.78022305 49.17000000
Bench_McLachlan_Carpet_1lev 000010 0040 queenbee   000008 04 01 00   27.88567888 27.39000000
Bench_McLachlan_Carpet_1lev 000010 0040 queenbee   000008 04 02 00   27.39792904 54.32000000
Bench_McLachlan_Carpet_1lev 000010 0040 queenbee   000008 04 04 00   25.58380003 100.79000000
Bench_McLachlan_Carpet_1lev 000010 0040 queenbee   000008 08 01 00   37.34061292 36.70000000
Bench_McLachlan_Carpet_1lev 000010 0040 queenbee   000008 08 02 00   34.31908207 67.68000000
Bench_McLachlan_Carpet_1lev 000010 0040 queenbee   000008 08 04 00   30.90955202 121.57000000
Bench_McLachlan_Carpet_1lev 000010 0040 queenbee   000008 08 08 00   29.03546606 226.83000000
Bench_McLachlan_Carpet_1lev 000010 0040 queenbee   000016 02 01 00   27.07842490 26.89000000
Bench_McLachlan_Carpet_1lev 000010 0040 queenbee   000016 02 02 00   28.02433788 55.52000000
Bench_McLachlan_Carpet_1lev 000010 0040 queenbee   000016 04 01 00   29.87051788 29.64000000
Bench_McLachlan_Carpet_1lev 000010 0040 queenbee   000016 04 02 00   29.45247791 58.13000000
Bench_McLachlan_Carpet_1lev 000010 0040 queenbee   000016 04 04 00   30.74716889 121.30000000
Bench_McLachlan_Carpet_1lev 000010 0040 queenbee   000016 08 01 00   39.15893105 38.56000000
Bench_McLachlan_Carpet_1lev 000010 0040 queenbee   000016 08 02 00   36.60337705 72.08000000
Bench_McLachlan_Carpet_1lev 000010 0040 queenbee   000016 08 04 00   36.58784690 143.93000000
Bench_McLachlan_Carpet_1lev 000010 0040 queenbee   000016 08 08 00   32.37952709 252.39000000
Bench_McLachlan_Carpet_1lev 000010 0040 queenbee   000032 04 01 00   30.99038703 30.78000000
Bench_McLachlan_Carpet_1lev 000010 0040 queenbee   000032 04 02 00   32.02707308 63.15000000
Bench_McLachlan_Carpet_1lev 000010 0040 queenbee   000032 04 04 00   31.83177897 123.51000000
Bench_McLachlan_Carpet_1lev 000010 0040 queenbee   000032 08 01 00   41.83190904 41.20000000
Bench_McLachlan_Carpet_1lev 000010 0040 queenbee   000032 08 02 00   39.31356593 77.27000000
Bench_McLachlan_Carpet_1lev 000010 0040 queenbee   000032 08 04 00   37.86457191 148.35000000
Bench_McLachlan_Carpet_1lev 000010 0040 queenbee   000032 08 08 00   37.02799702 288.06000000
Bench_McLachlan_Carpet_1lev 000010 0040 queenbee   000064 08 01 00   43.88937509 43.27000000
Bench_McLachlan_Carpet_1lev 000010 0040 queenbee   000064 08 02 00   41.64126807 80.63000000
Bench_McLachlan_Carpet_1lev 000010 0040 queenbee   000064 08 04 00   43.30886188 166.22000000
Bench_McLachlan_Carpet_1lev 000010 0040 queenbee   000064 08 08 00   40.38987992 306.79000000
Bench_McLachlan_Carpet_1lev 000010 0050 queenbee   000001 01 01 00   36.93129809 36.75000000
Bench_McLachlan_Carpet_1lev 000010 0050 queenbee   000002 01 01 00   41.17640598 41.03000000
Bench_McLachlan_Carpet_1lev 000010 0050 queenbee   000002 02 01 00   44.90701700 44.51000000
Bench_McLachlan_Carpet_1lev 000010 0050 queenbee   000002 02 02 00   43.12124200 85.68000000
Bench_McLachlan_Carpet_1lev 000010 0050 queenbee   000004 01 01 00   43.09712991 42.84000000
Bench_McLachlan_Carpet_1lev 000010 0050 queenbee   000004 02 01 00   45.82941994 45.57000000
Bench_McLachlan_Carpet_1lev 000010 0050 queenbee   000004 02 02 00   45.15762890 89.73000000
Bench_McLachlan_Carpet_1lev 000010 0050 queenbee   000004 04 01 00   49.35314199 48.99000000
Bench_McLachlan_Carpet_1lev 000010 0050 queenbee   000004 04 02 00   47.79073794 94.66000000
Bench_McLachlan_Carpet_1lev 000010 0050 queenbee   000004 04 04 00   48.07013189 190.31000000
Bench_McLachlan_Carpet_1lev 000010 0050 queenbee   000008 01 01 00   45.88761102 45.66000000
Bench_McLachlan_Carpet_1lev 000010 0050 queenbee   000008 02 01 00   47.87326392 47.65000000
Bench_McLachlan_Carpet_1lev 000010 0050 queenbee   000008 02 02 00   47.52522193 94.43000000
Bench_McLachlan_Carpet_1lev 000010 0050 queenbee   000008 04 01 00   52.94725706 52.40000000
Bench_McLachlan_Carpet_1lev 000010 0050 queenbee   000008 04 02 00   50.97662305 101.27000000
Bench_McLachlan_Carpet_1lev 000010 0050 queenbee   000008 04 04 00   49.91004098 195.71000000
Bench_McLachlan_Carpet_1lev 000010 0050 queenbee   000008 08 01 00   69.84895894 68.81000000
Bench_McLachlan_Carpet_1lev 000010 0050 queenbee   000008 08 02 00   64.30337202 127.01000000
Bench_McLachlan_Carpet_1lev 000010 0050 queenbee   000008 08 04 00   61.17781599 239.30000000
Bench_McLachlan_Carpet_1lev 000010 0050 queenbee   000008 08 08 00   58.67670603 450.97000000
Bench_McLachlan_Carpet_1lev 000010 0050 queenbee   000016 02 01 00   54.20072001 53.94000000
Bench_McLachlan_Carpet_1lev 000010 0050 queenbee   000016 02 02 00   54.34956702 106.18000000
Bench_McLachlan_Carpet_1lev 000010 0050 queenbee   000016 04 01 00   57.30680796 56.98000000
Bench_McLachlan_Carpet_1lev 000010 0050 queenbee   000016 04 02 00   57.81266802 113.06000000
Bench_McLachlan_Carpet_1lev 000010 0050 queenbee   000016 04 04 00   57.01435691 222.80000000
Bench_McLachlan_Carpet_1lev 000010 0050 queenbee   000016 08 01 00   73.63229006 72.74000000
Bench_McLachlan_Carpet_1lev 000010 0050 queenbee   000016 08 02 00   71.46611089 136.25000000
Bench_McLachlan_Carpet_1lev 000010 0050 queenbee   000016 08 04 00   68.95855398 268.00000000
Bench_McLachlan_Carpet_1lev 000010 0050 queenbee   000016 08 08 00   63.49656588 488.22000000
Bench_McLachlan_Carpet_1lev 000010 0050 queenbee   000032 04 01 00   58.22315688 57.89000000
Bench_McLachlan_Carpet_1lev 000010 0050 queenbee   000032 04 02 00   57.19039289 112.79000000
Bench_McLachlan_Carpet_1lev 000010 0050 queenbee   000032 04 04 00   60.56296206 235.53000000
Bench_McLachlan_Carpet_1lev 000010 0050 queenbee   000032 08 01 00   77.02633092 76.15000000
Bench_McLachlan_Carpet_1lev 000010 0050 queenbee   000032 08 02 00   71.67237792 141.09000000
Bench_McLachlan_Carpet_1lev 000010 0050 queenbee   000032 08 04 00   72.50953107 279.54000000
Bench_McLachlan_Carpet_1lev 000010 0050 queenbee   000032 08 08 00   71.89221901 551.84000000
Bench_McLachlan_Carpet_1lev 000010 0050 queenbee   000064 08 01 00   79.72543589 78.72000000
Bench_McLachlan_Carpet_1lev 000010 0050 queenbee   000064 08 02 00   76.28469704 147.91000000
Bench_McLachlan_Carpet_1lev 000010 0050 queenbee   000064 08 04 00   79.45813789 305.16000000
Bench_McLachlan_Carpet_1lev 000010 0050 queenbee   000064 08 08 00   69.79828899 541.99000000
Bench_McLachlan_Carpet_1lev 000010 0065 queenbee   000001 01 01 00   86.92048394 86.56000000
Bench_McLachlan_Carpet_1lev 000010 0065 queenbee   000002 01 01 00   90.59310710 90.20000000
Bench_McLachlan_Carpet_1lev 000010 0065 queenbee   000002 02 01 00   92.60329998 92.20000000
Bench_McLachlan_Carpet_1lev 000010 0065 queenbee   000002 02 02 00   91.51956795 181.30000000
Bench_McLachlan_Carpet_1lev 000010 0065 queenbee   000004 01 01 00   99.35977708 99.05000000
Bench_McLachlan_Carpet_1lev 000010 0065 queenbee   000004 02 01 00   103.30395993 102.90000000
Bench_McLachlan_Carpet_1lev 000010 0065 queenbee   000004 02 02 00   103.62783197 205.27000000
Bench_McLachlan_Carpet_1lev 000010 0065 queenbee   000004 04 01 00   113.27748195 112.50000000
Bench_McLachlan_Carpet_1lev 000010 0065 queenbee   000004 04 02 00   109.69068007 217.39000000
Bench_McLachlan_Carpet_1lev 000010 0065 queenbee   000004 04 04 00   99.98610305 394.51000000
Bench_McLachlan_Carpet_1lev 000010 0065 queenbee   000008 01 01 00   103.91437210 103.46000000
Bench_McLachlan_Carpet_1lev 000010 0065 queenbee   000008 02 01 00   110.88415189 110.39000000
Bench_McLachlan_Carpet_1lev 000010 0065 queenbee   000008 02 02 00   102.79666589 203.75000000
Bench_McLachlan_Carpet_1lev 000010 0065 queenbee   000008 04 01 00   118.65965096 118.04000000
Bench_McLachlan_Carpet_1lev 000010 0065 queenbee   000008 04 02 00   111.15007998 220.11000000
Bench_McLachlan_Carpet_1lev 000010 0065 queenbee   000008 04 04 00   110.80149204 426.70000000
Bench_McLachlan_Carpet_1lev 000010 0065 queenbee   000008 08 01 00   153.31849594 151.81000000
Bench_McLachlan_Carpet_1lev 000010 0065 queenbee   000008 08 02 00   140.13946808 276.55000000
Bench_McLachlan_Carpet_1lev 000010 0065 queenbee   000008 08 04 00   134.71218697 519.74000000
Bench_McLachlan_Carpet_1lev 000010 0065 queenbee   000008 08 08 00   128.84487992 976.47000000
Bench_McLachlan_Carpet_1lev 000010 0065 queenbee   000008 08 08 01   128.63244905 978.01000000
Bench_McLachlan_Carpet_1lev 000010 0065 queenbee   000008 08 08 02   128.92663906 977.65000000
Bench_McLachlan_Carpet_1lev 000010 0065 queenbee   000016 02 01 00   113.69616604 113.14000000
Bench_McLachlan_Carpet_1lev 000010 0065 queenbee   000016 02 02 00   115.68996510 226.93000000
Bench_McLachlan_Carpet_1lev 000010 0065 queenbee   000016 04 01 00   120.65286310 120.01000000
Bench_McLachlan_Carpet_1lev 000010 0065 queenbee   000016 04 02 00   121.77095909 239.89000000
Bench_McLachlan_Carpet_1lev 000010 0065 queenbee   000016 04 04 00   120.70843006 463.36000000
Bench_McLachlan_Carpet_1lev 000010 0065 queenbee   000016 08 01 00   155.61644898 154.10000000
Bench_McLachlan_Carpet_1lev 000010 0065 queenbee   000016 08 02 00   151.03736605 294.84000000
Bench_McLachlan_Carpet_1lev 000010 0065 queenbee   000016 08 04 00   146.27602096 560.85000000
Bench_McLachlan_Carpet_1lev 000010 0065 queenbee   000016 08 08 00   138.54636898 1050.16000000
Bench_McLachlan_Carpet_1lev 000010 0065 queenbee   000016 08 08 01   138.32380789 1051.05000000
Bench_McLachlan_Carpet_1lev 000010 0065 queenbee   000016 08 08 02   138.29716198 1050.80000000
Bench_McLachlan_Carpet_1lev 000010 0065 queenbee   000032 04 01 00   124.63363612 123.97000000
Bench_McLachlan_Carpet_1lev 000010 0065 queenbee   000032 04 02 00   129.02028296 253.88000000
Bench_McLachlan_Carpet_1lev 000010 0065 queenbee   000032 04 04 00   127.68253306 483.85000000
Bench_McLachlan_Carpet_1lev 000010 0065 queenbee   000032 08 01 00   161.69497792 160.36000000
Bench_McLachlan_Carpet_1lev 000010 0065 queenbee   000032 08 02 00   156.97252394 307.77000000
Bench_McLachlan_Carpet_1lev 000010 0065 queenbee   000032 08 04 00   153.42513590 586.34000000
Bench_McLachlan_Carpet_1lev 000010 0065 queenbee   000032 08 08 00   143.57006003 1089.71000000
Bench_McLachlan_Carpet_1lev 000010 0065 queenbee   000032 08 08 01   144.63520108 1096.64000000
Bench_McLachlan_Carpet_1lev 000010 0065 queenbee   000032 08 08 02   145.46188598 1101.71000000
Bench_McLachlan_Carpet_1lev 000010 0065 queenbee   000064 08 01 00   165.95589590 164.58000000
Bench_McLachlan_Carpet_1lev 000010 0065 queenbee   000064 08 02 00   162.21556801 314.23000000
Bench_McLachlan_Carpet_1lev 000010 0065 queenbee   000064 08 04 00   159.69502009 604.25000000
Bench_McLachlan_Carpet_1lev 000010 0065 queenbee   000064 08 08 00   149.45360704 1142.90000000
Bench_McLachlan_Carpet_1lev 000010 0065 queenbee   000064 08 08 01   149.65203011 1144.72000000
Bench_McLachlan_Carpet_1lev 000010 0065 queenbee   000064 08 08 02   149.65125192 1148.56000000
Bench_McLachlan_Carpet_1lev 000010 0065 queenbee   000128 08 08 00   163.29604698 1249.20000000
Bench_McLachlan_Carpet_1lev 000010 0065 queenbee   000128 08 08 01   163.19706593 1243.51000000
Bench_McLachlan_Carpet_1lev 000010 0065 queenbee   000128 08 08 02   162.81985004 1245.85000000
Bench_McLachlan_Carpet_1lev 000010 0065 queenbee   000256 08 08 00   167.29902997 1214.92000000
Bench_McLachlan_Carpet_1lev 000010 0065 queenbee   000256 08 08 01   164.17879108 1211.36000000
Bench_McLachlan_Carpet_1lev 000010 0065 queenbee   000256 08 08 02   164.35978800 1218.76000000
Bench_McLachlan_Carpet_1lev 000010 0065 queenbee   000512 08 08 00   171.47582197 1278.56000000
Bench_McLachlan_Carpet_1lev 000010 0065 queenbee   000512 08 08 01   172.50656399 1283.77000000
Bench_McLachlan_Carpet_1lev 000010 0065 queenbee   000512 08 08 02   172.55246093 1271.73000000
Bench_McLachlan_Carpet_1lev 000010 0065 queenbee   001024 08 08 00   172.78898898 1279.59000000
Bench_McLachlan_Carpet_1lev 000010 0065 queenbee   001024 08 08 01   173.07974097 1278.18000000
Bench_McLachlan_Carpet_1lev 000010 0065 queenbee   001024 08 08 02   174.05483007 1285.97000000
Bench_McLachlan_Carpet_1lev 000010 0065 queenbee   002048 08 08 00   175.98954907 1245.02000000
Bench_McLachlan_Carpet_1lev 000010 0065 queenbee   002048 08 08 01   176.12608609 1247.00000000
Bench_McLachlan_Carpet_1lev 000010 0065 queenbee   002048 08 08 02   175.68515493 1233.51000000
Bench_McLachlan_Carpet_1lev 000010 0080 queenbee   000001 01 01 00   159.67817495 159.19000000
Bench_McLachlan_Carpet_1lev 000010 0080 queenbee   000002 01 01 00   168.65589290 168.01000000
Bench_McLachlan_Carpet_1lev 000010 0080 queenbee   000002 02 01 00   172.34424602 171.68000000
Bench_McLachlan_Carpet_1lev 000010 0080 queenbee   000002 02 02 00   169.10246096 336.26000000
Bench_McLachlan_Carpet_1lev 000010 0080 queenbee   000004 01 01 00   175.97425091 175.43000000
Bench_McLachlan_Carpet_1lev 000010 0080 queenbee   000004 02 01 00   186.88902589 186.19000000
Bench_McLachlan_Carpet_1lev 000010 0080 queenbee   000004 02 02 00   193.31298498 384.06000000
Bench_McLachlan_Carpet_1lev 000010 0080 queenbee   000004 04 01 00   200.13391489 199.30000000
Bench_McLachlan_Carpet_1lev 000010 0080 queenbee   000004 04 02 00   209.44489594 415.79000000
Bench_McLachlan_Carpet_1lev 000010 0080 queenbee   000004 04 04 00   193.10471891 751.27000000
Bench_McLachlan_Carpet_1lev 000010 0080 queenbee   000008 01 01 00   183.71507195 183.01000000
Bench_McLachlan_Carpet_1lev 000010 0080 queenbee   000008 02 01 00   193.07633796 192.42000000
Bench_McLachlan_Carpet_1lev 000010 0080 queenbee   000008 02 02 00   192.40318292 380.58000000
Bench_McLachlan_Carpet_1lev 000010 0080 queenbee   000008 04 01 00   209.60250094 208.27000000
Bench_McLachlan_Carpet_1lev 000010 0080 queenbee   000008 04 02 00   204.63071296 405.66000000
Bench_McLachlan_Carpet_1lev 000010 0080 queenbee   000008 04 04 00   202.97973405 801.46000000
Bench_McLachlan_Carpet_1lev 000010 0080 queenbee   000008 08 01 00   267.50841997 264.60000000
Bench_McLachlan_Carpet_1lev 000010 0080 queenbee   000008 08 02 00   254.28206106 501.51000000
Bench_McLachlan_Carpet_1lev 000010 0080 queenbee   000008 08 04 00   247.82470189 973.96000000
Bench_McLachlan_Carpet_1lev 000010 0080 queenbee   000008 08 08 00   242.11494899 1883.95000000
Bench_McLachlan_Carpet_1lev 000010 0080 queenbee   000016 02 01 00   205.30928694 204.38000000
Bench_McLachlan_Carpet_1lev 000010 0080 queenbee   000016 02 02 00   219.13280698 421.06000000
Bench_McLachlan_Carpet_1lev 000010 0080 queenbee   000016 04 01 00   219.66162909 218.67000000
Bench_McLachlan_Carpet_1lev 000010 0080 queenbee   000016 04 02 00   229.60083307 444.03000000
Bench_McLachlan_Carpet_1lev 000010 0080 queenbee   000016 04 04 00   221.24471310 867.53000000
Bench_McLachlan_Carpet_1lev 000010 0080 queenbee   000016 08 01 00   276.01589897 273.12000000
Bench_McLachlan_Carpet_1lev 000010 0080 queenbee   000016 08 02 00   278.17578195 537.40000000
Bench_McLachlan_Carpet_1lev 000010 0080 queenbee   000016 08 04 00   267.24126706 1044.21000000
Bench_McLachlan_Carpet_1lev 000010 0080 queenbee   000016 08 08 00   255.18105191 1987.10000000
Bench_McLachlan_Carpet_1lev 000010 0080 queenbee   000032 04 01 00   227.23121899 226.16000000
Bench_McLachlan_Carpet_1lev 000010 0080 queenbee   000032 04 02 00   236.76950704 451.76000000
Bench_McLachlan_Carpet_1lev 000010 0080 queenbee   000032 04 04 00   224.45145388 874.99000000
Bench_McLachlan_Carpet_1lev 000010 0080 queenbee   000032 08 01 00   300.63590396 297.36000000
Bench_McLachlan_Carpet_1lev 000010 0080 queenbee   000032 08 02 00   287.42305788 546.48000000
Bench_McLachlan_Carpet_1lev 000010 0080 queenbee   000032 08 04 00   275.04424797 1058.79000000
Bench_McLachlan_Carpet_1lev 000010 0080 queenbee   000032 08 08 00   263.54057208 2047.48000000
Bench_McLachlan_Carpet_1lev 000010 0080 queenbee   000064 08 01 00   1159.48837489 1144.35000000
Bench_McLachlan_Carpet_1lev 000010 0080 queenbee   000064 08 02 00   292.85378110 558.71000000
Bench_McLachlan_Carpet_1lev 000010 0080 queenbee   000064 08 04 00   288.27871096 1078.87000000
Bench_McLachlan_Carpet_1lev 000010 0080 queenbee   000064 08 08 00   278.50483904 2111.43000000
Bench_McLachlan_Carpet_9lev 000064 0016 queenbee   000064 08 01 00   115.59386906 114.78000000
Bench_McLachlan_Carpet_9lev 000064 0016 queenbee   000064 08 02 00   100.85583192 196.92000000
Bench_McLachlan_Carpet_9lev 000064 0016 queenbee   000064 08 04 00   104.94195797 408.02000000
Bench_McLachlan_Carpet_9lev 000064 0016 queenbee   000064 08 08 00   84.74133298 661.65000000
Bench_McLachlan_Carpet_9lev 000064 0020 queenbee   000008 01 01 00   81.54073007 80.87000000
Bench_McLachlan_Carpet_9lev 000064 0020 queenbee   000008 02 01 00   88.80776508 85.23000000
Bench_McLachlan_Carpet_9lev 000064 0020 queenbee   000008 02 02 00   85.61784708 169.52000000
Bench_McLachlan_Carpet_9lev 000064 0020 queenbee   000008 04 01 00   95.02713595 94.19000000
Bench_McLachlan_Carpet_9lev 000064 0020 queenbee   000008 04 02 00   91.31258300 181.26000000
Bench_McLachlan_Carpet_9lev 000064 0020 queenbee   000008 04 04 00   83.30184293 329.11000000
Bench_McLachlan_Carpet_9lev 000064 0020 queenbee   000008 08 01 00   135.17112896 134.09000000
Bench_McLachlan_Carpet_9lev 000064 0020 queenbee   000008 08 02 00   115.15615800 228.21000000
Bench_McLachlan_Carpet_9lev 000064 0020 queenbee   000008 08 04 00   99.39485996 392.72000000
Bench_McLachlan_Carpet_9lev 000064 0020 queenbee   000008 08 08 00   78.84805889 617.90000000
Bench_McLachlan_Carpet_9lev 000064 0020 queenbee   000016 02 01 00   97.52310903 96.58000000
Bench_McLachlan_Carpet_9lev 000064 0020 queenbee   000016 02 02 00   101.86756805 200.97000000
Bench_McLachlan_Carpet_9lev 000064 0020 queenbee   000016 04 01 00   107.45749189 106.48000000
Bench_McLachlan_Carpet_9lev 000064 0020 queenbee   000016 04 02 00   108.91522409 214.64000000
Bench_McLachlan_Carpet_9lev 000064 0020 queenbee   000016 04 04 00   114.33667004 446.67000000
Bench_McLachlan_Carpet_9lev 000064 0020 queenbee   000016 08 01 00   147.69368402 146.66000000
Bench_McLachlan_Carpet_9lev 000064 0020 queenbee   000016 08 02 00   130.95252708 258.93000000
Bench_McLachlan_Carpet_9lev 000064 0020 queenbee   000016 08 04 00   134.30081291 524.72000000
Bench_McLachlan_Carpet_9lev 000064 0020 queenbee   000016 08 08 00   102.56660190 800.31000000
Bench_McLachlan_Carpet_9lev 000064 0020 queenbee   000032 04 01 00   117.44971500 116.88000000
Bench_McLachlan_Carpet_9lev 000064 0020 queenbee   000032 04 02 00   119.72637098 235.41000000
Bench_McLachlan_Carpet_9lev 000064 0020 queenbee   000032 04 04 00   126.99183100 491.52000000
Bench_McLachlan_Carpet_9lev 000064 0020 queenbee   000032 08 01 00   167.50195503 164.90000000
Bench_McLachlan_Carpet_9lev 000064 0020 queenbee   000032 08 02 00   139.01734112 272.57000000
Bench_McLachlan_Carpet_9lev 000064 0020 queenbee   000032 08 04 00   147.14391697 571.66000000
Bench_McLachlan_Carpet_9lev 000064 0020 queenbee   000032 08 08 00   118.94265409 929.93000000
Bench_McLachlan_Carpet_9lev 000064 0020 queenbee   000064 08 01 00   180.53561288 179.69000000
Bench_McLachlan_Carpet_9lev 000064 0020 queenbee   000064 08 02 00   152.33482707 292.32000000
Bench_McLachlan_Carpet_9lev 000064 0020 queenbee   000064 08 04 00   159.52864692 616.76000000
Bench_McLachlan_Carpet_9lev 000064 0020 queenbee   000064 08 08 00   133.88764489 1042.28000000
Bench_McLachlan_Carpet_9lev 000064 0025 queenbee   000008 01 01 00   132.93988293 131.40000000
Bench_McLachlan_Carpet_9lev 000064 0025 queenbee   000008 02 01 00   139.16743804 138.51000000
Bench_McLachlan_Carpet_9lev 000064 0025 queenbee   000008 02 02 00   141.58351198 279.80000000
Bench_McLachlan_Carpet_9lev 000064 0025 queenbee   000008 04 01 00   156.79707893 155.68000000
Bench_McLachlan_Carpet_9lev 000064 0025 queenbee   000008 04 02 00   153.08041697 303.94000000
Bench_McLachlan_Carpet_9lev 000064 0025 queenbee   000008 04 04 00   143.95747909 569.34000000
Bench_McLachlan_Carpet_9lev 000064 0025 queenbee   000008 08 01 00   219.48205689 217.81000000
Bench_McLachlan_Carpet_9lev 000064 0025 queenbee   000008 08 02 00   194.96602692 386.72000000
Bench_McLachlan_Carpet_9lev 000064 0025 queenbee   000008 08 04 00   164.70040489 652.43000000
Bench_McLachlan_Carpet_9lev 000064 0025 queenbee   000008 08 08 00   135.74210398 1065.42000000
Bench_McLachlan_Carpet_9lev 000064 0025 queenbee   000008 08 08 01   135.92444288 1067.82000000
Bench_McLachlan_Carpet_9lev 000064 0025 queenbee   000008 08 08 02   135.51861194 1067.25000000
Bench_McLachlan_Carpet_9lev 000064 0025 queenbee   000016 02 01 00   159.07396191 158.38000000
Bench_McLachlan_Carpet_9lev 000064 0025 queenbee   000016 02 02 00   163.60617392 321.07000000
Bench_McLachlan_Carpet_9lev 000064 0025 queenbee   000016 04 01 00   176.52204106 175.68000000
Bench_McLachlan_Carpet_9lev 000064 0025 queenbee   000016 04 02 00   176.90883590 346.49000000
Bench_McLachlan_Carpet_9lev 000064 0025 queenbee   000016 04 04 00   184.69744198 722.45000000
Bench_McLachlan_Carpet_9lev 000064 0025 queenbee   000016 08 01 00   242.25982794 240.51000000
Bench_McLachlan_Carpet_9lev 000064 0025 queenbee   000016 08 02 00   218.43522707 431.05000000
Bench_McLachlan_Carpet_9lev 000064 0025 queenbee   000016 08 04 00   223.53287903 871.38000000
Bench_McLachlan_Carpet_9lev 000064 0025 queenbee   000016 08 08 00   174.28226592 1364.46000000
Bench_McLachlan_Carpet_9lev 000064 0025 queenbee   000016 08 08 01   173.15016599 1355.67000000
Bench_McLachlan_Carpet_9lev 000064 0025 queenbee   000016 08 08 02   174.48434610 1363.43000000
Bench_McLachlan_Carpet_9lev 000064 0025 queenbee   000032 04 01 00   192.57722710 191.66000000
Bench_McLachlan_Carpet_9lev 000064 0025 queenbee   000032 04 02 00   189.52889491 370.43000000
Bench_McLachlan_Carpet_9lev 000064 0025 queenbee   000032 04 04 00   199.22883903 769.40000000
Bench_McLachlan_Carpet_9lev 000064 0025 queenbee   000032 08 01 00   271.61022289 266.89000000
Bench_McLachlan_Carpet_9lev 000064 0025 queenbee   000032 08 02 00   225.77770808 437.97000000
Bench_McLachlan_Carpet_9lev 000064 0025 queenbee   000032 08 04 00   235.54972904 914.68000000
Bench_McLachlan_Carpet_9lev 000064 0025 queenbee   000032 08 08 00   188.20879788 1470.12000000
Bench_McLachlan_Carpet_9lev 000064 0025 queenbee   000032 08 08 01   188.94482294 1478.62000000
Bench_McLachlan_Carpet_9lev 000064 0025 queenbee   000032 08 08 02   188.66156204 1473.64000000
Bench_McLachlan_Carpet_9lev 000064 0025 queenbee   000064 08 01 00   293.51944701 292.16000000
Bench_McLachlan_Carpet_9lev 000064 0025 queenbee   000064 08 02 00   246.66138892 476.90000000
Bench_McLachlan_Carpet_9lev 000064 0025 queenbee   000064 08 04 00   245.24582607 945.99000000
Bench_McLachlan_Carpet_9lev 000064 0025 queenbee   000064 08 08 00   210.25826991 1641.26000000
Bench_McLachlan_Carpet_9lev 000064 0025 queenbee   000064 08 08 01   210.54641390 1647.30000000
Bench_McLachlan_Carpet_9lev 000064 0025 queenbee   000064 08 08 02   211.35679097 1649.98000000
Bench_McLachlan_Carpet_9lev 000064 0025 queenbee   000128 08 08 00   255.14758205 1918.64000000
Bench_McLachlan_Carpet_9lev 000064 0025 queenbee   000128 08 08 01   249.49207097 1893.49000000
Bench_McLachlan_Carpet_9lev 000064 0025 queenbee   000128 08 08 02   246.09332902 1875.85000000
Bench_McLachlan_Carpet_9lev 000064 0025 queenbee   000256 08 08 00   290.60763305 2092.27000000
Bench_McLachlan_Carpet_9lev 000064 0025 queenbee   000256 08 08 01   285.70022309 2064.23000000
Bench_McLachlan_Carpet_9lev 000064 0025 queenbee   000256 08 08 02   287.60713603 2062.66000000
Bench_McLachlan_Carpet_9lev 000064 0025 queenbee   000512 08 08 00   338.03868002 2332.43000000
Bench_McLachlan_Carpet_9lev 000064 0025 queenbee   000512 08 08 01   332.21836990 2306.92000000
Bench_McLachlan_Carpet_9lev 000064 0025 queenbee   000512 08 08 02   334.49084405 2318.48000000
Bench_McLachlan_Carpet_9lev 000064 0025 queenbee   001024 08 08 00   337.94839592 2314.54000000
Bench_McLachlan_Carpet_9lev 000064 0025 queenbee   001024 08 08 01   349.92447294 2375.19000000
Bench_McLachlan_Carpet_9lev 000064 0025 queenbee   001024 08 08 02   348.10513003 2370.09000000
Bench_McLachlan_Carpet_9lev 000064 0025 queenbee   002048 08 08 00   347.98411111 2368.93000000
Bench_McLachlan_Carpet_9lev 000064 0025 queenbee   002048 08 08 01   353.01850498 2373.07000000
Bench_McLachlan_Carpet_9lev 000064 0025 queenbee   002048 08 08 02   347.64809106 2355.37000000
Bench_McLachlan_Carpet_9lev 000064 0030 queenbee   000008 01 01 00   205.93404307 204.14000000
Bench_McLachlan_Carpet_9lev 000064 0030 queenbee   000008 02 01 00   221.88822295 220.75000000
Bench_McLachlan_Carpet_9lev 000064 0030 queenbee   000008 02 02 00   220.05583799 434.78000000
Bench_McLachlan_Carpet_9lev 000064 0030 queenbee   000008 04 01 00   243.66537309 242.51000000
Bench_McLachlan_Carpet_9lev 000064 0030 queenbee   000008 04 02 00   238.77274104 473.00000000
Bench_McLachlan_Carpet_9lev 000064 0030 queenbee   000008 04 04 00   233.98911002 915.63000000
Bench_McLachlan_Carpet_9lev 000064 0030 queenbee   000008 08 01 00   342.87347406 340.48000000
Bench_McLachlan_Carpet_9lev 000064 0030 queenbee   000008 08 02 00   304.81174490 604.68000000
Bench_McLachlan_Carpet_9lev 000064 0030 queenbee   000008 08 04 00   276.02780094 1082.94000000
Bench_McLachlan_Carpet_9lev 000064 0030 queenbee   000008 08 08 00   229.19072295 1745.20000000
Bench_McLachlan_Carpet_9lev 000064 0030 queenbee   000016 02 01 00   243.72539290 242.84000000
Bench_McLachlan_Carpet_9lev 000064 0030 queenbee   000016 02 02 00   251.72799597 491.71000000
Bench_McLachlan_Carpet_9lev 000064 0030 queenbee   000016 04 01 00   272.66942397 270.41000000
Bench_McLachlan_Carpet_9lev 000064 0030 queenbee   000016 04 02 00   269.99293106 525.55000000
Bench_McLachlan_Carpet_9lev 000064 0030 queenbee   000016 04 04 00   292.73198193 1132.53000000
Bench_McLachlan_Carpet_9lev 000064 0030 queenbee   000016 08 01 00   373.42632007 371.13000000
Bench_McLachlan_Carpet_9lev 000064 0030 queenbee   000016 08 02 00   330.25857690 649.99000000
Bench_McLachlan_Carpet_9lev 000064 0030 queenbee   000016 08 04 00   339.83401202 1314.90000000
Bench_McLachlan_Carpet_9lev 000064 0030 queenbee   000016 08 08 00   277.91514004 2121.63000000
Bench_McLachlan_Carpet_9lev 000064 0030 queenbee   000032 04 01 00   295.79746105 294.58000000
Bench_McLachlan_Carpet_9lev 000064 0030 queenbee   000032 04 02 00   293.46391112 565.45000000
Bench_McLachlan_Carpet_9lev 000064 0030 queenbee   000032 04 04 00   307.99034003 1177.44000000
Bench_McLachlan_Carpet_9lev 000064 0030 queenbee   000032 08 01 00   406.88189493 405.01000000
Bench_McLachlan_Carpet_9lev 000064 0030 queenbee   000032 08 02 00   358.80136004 697.56000000
Bench_McLachlan_Carpet_9lev 000064 0030 queenbee   000032 08 04 00   361.58643496 1389.89000000
Bench_McLachlan_Carpet_9lev 000064 0030 queenbee   000032 08 08 00   309.12512696 2357.87000000
Bench_McLachlan_Carpet_9lev 000064 0030 queenbee   000064 08 01 00   432.46560991 430.57000000
Bench_McLachlan_Carpet_9lev 000064 0030 queenbee   000064 08 02 00   387.36520700 732.04000000
Bench_McLachlan_Carpet_9lev 000064 0030 queenbee   000064 08 04 00   372.69091002 1431.49000000
Bench_McLachlan_Carpet_9lev 000064 0030 queenbee   000064 08 08 00   330.77191005 2519.12000000
Bench_McLachlan_PUGH 000010 0020 queenbee   000001 01 01 00   4.88041394 4.73000000
Bench_McLachlan_PUGH 000010 0020 queenbee   000002 01 01 00   5.12765509 5.04000000
Bench_McLachlan_PUGH 000010 0020 queenbee   000002 02 01 00   5.30229390 5.16000000
Bench_McLachlan_PUGH 000010 0020 queenbee   000002 02 02 00   4.24752998 7.45000000
Bench_McLachlan_PUGH 000010 0020 queenbee   000004 01 01 00   5.46017009 5.43000000
Bench_McLachlan_PUGH 000010 0020 queenbee   000004 02 01 00   5.73989591 5.59000000
Bench_McLachlan_PUGH 000010 0020 queenbee   000004 02 02 00   4.46270300 8.23000000
Bench_McLachlan_PUGH 000010 0020 queenbee   000004 04 01 00   6.09295302 5.75000000
Bench_McLachlan_PUGH 000010 0020 queenbee   000004 04 02 00   4.54454806 8.23000000
Bench_McLachlan_PUGH 000010 0020 queenbee   000004 04 04 00   4.19961993 14.22000000
Bench_McLachlan_PUGH 000010 0020 queenbee   000008 01 01 00   6.05550395 5.95000000
Bench_McLachlan_PUGH 000010 0020 queenbee   000008 02 01 00   6.13049789 5.98000000
Bench_McLachlan_PUGH 000010 0020 queenbee   000008 02 02 00   5.01074707 9.26000000
Bench_McLachlan_PUGH 000010 0020 queenbee   000008 04 01 00   6.76800804 6.45000000
Bench_McLachlan_PUGH 000010 0020 queenbee   000008 04 02 00   5.28290196 9.59000000
Bench_McLachlan_PUGH 000010 0020 queenbee   000008 04 04 00   4.68605211 16.52000000
Bench_McLachlan_PUGH 000010 0020 queenbee   000008 08 01 00   8.40730310 7.92000000
Bench_McLachlan_PUGH 000010 0020 queenbee   000008 08 02 00   6.32760994 11.45000000
Bench_McLachlan_PUGH 000010 0020 queenbee   000008 08 04 00   5.44399397 19.14000000
Bench_McLachlan_PUGH 000010 0020 queenbee   000008 08 08 00   6.04637693 35.66000000
Bench_McLachlan_PUGH 000010 0020 queenbee   000016 02 01 00   6.87581795 6.77000000
Bench_McLachlan_PUGH 000010 0020 queenbee   000016 02 02 00   5.89413996 10.94000000
Bench_McLachlan_PUGH 000010 0020 queenbee   000016 04 01 00   7.24913997 7.15000000
Bench_McLachlan_PUGH 000010 0020 queenbee   000016 04 02 00   6.33862699 11.74000000
Bench_McLachlan_PUGH 000010 0020 queenbee   000016 04 04 00   4.98894510 17.65000000
Bench_McLachlan_PUGH 000010 0020 queenbee   000016 08 01 00   8.86734202 8.35000000
Bench_McLachlan_PUGH 000010 0020 queenbee   000016 08 02 00   7.20201592 13.26000000
Bench_McLachlan_PUGH 000010 0020 queenbee   000016 08 04 00   5.92666990 20.70000000
Bench_McLachlan_PUGH 000010 0020 queenbee   000016 08 08 00   5.97289700 40.09000000
Bench_McLachlan_PUGH 000010 0020 queenbee   000032 04 01 00   8.78409812 7.86000000
Bench_McLachlan_PUGH 000010 0020 queenbee   000032 04 02 00   8.00568794 13.01000000
Bench_McLachlan_PUGH 000010 0020 queenbee   000032 04 04 00   7.62414190 23.34000000
Bench_McLachlan_PUGH 000010 0020 queenbee   000032 08 01 00   10.28447190 9.78000000
Bench_McLachlan_PUGH 000010 0020 queenbee   000032 08 02 00   7.78566198 14.48000000
Bench_McLachlan_PUGH 000010 0020 queenbee   000032 08 04 00   7.98483210 28.37000000
Bench_McLachlan_PUGH 000010 0020 queenbee   000032 08 08 00   6.48229397 45.39000000
Bench_McLachlan_PUGH 000010 0020 queenbee   000064 08 01 00   13.76758790 11.64000000
Bench_McLachlan_PUGH 000010 0020 queenbee   000064 08 02 00   10.06081498 16.73000000
Bench_McLachlan_PUGH 000010 0020 queenbee   000064 08 04 00   10.39822792 30.67000000
Bench_McLachlan_PUGH 000010 0020 queenbee   000064 08 08 00   8.40305803 54.71000000
Bench_McLachlan_PUGH 000010 0025 queenbee   000001 01 01 00   7.19133695 6.97000000
Bench_McLachlan_PUGH 000010 0025 queenbee   000002 01 01 00   7.43172307 7.27000000
Bench_McLachlan_PUGH 000010 0025 queenbee   000002 02 01 00   7.56061206 7.44000000
Bench_McLachlan_PUGH 000010 0025 queenbee   000002 02 02 00   6.68027496 12.53000000
Bench_McLachlan_PUGH 000010 0025 queenbee   000004 01 01 00   8.04461300 7.88000000
Bench_McLachlan_PUGH 000010 0025 queenbee   000004 02 01 00   8.13845689 7.99000000
Bench_McLachlan_PUGH 000010 0025 queenbee   000004 02 02 00   7.04156993 13.28000000
Bench_McLachlan_PUGH 000010 0025 queenbee   000004 04 01 00   8.82741601 8.60000000
Bench_McLachlan_PUGH 000010 0025 queenbee   000004 04 02 00   7.22927309 13.62000000
Bench_McLachlan_PUGH 000010 0025 queenbee   000004 04 04 00   7.11881600 26.25000000
Bench_McLachlan_PUGH 000010 0025 queenbee   000008 01 01 00   8.73932491 8.58000000
Bench_McLachlan_PUGH 000010 0025 queenbee   000008 02 01 00   9.33368611 9.19000000
Bench_McLachlan_PUGH 000010 0025 queenbee   000008 02 02 00   7.96743212 15.14000000
Bench_McLachlan_PUGH 000010 0025 queenbee   000008 04 01 00   10.01747701 9.65000000
Bench_McLachlan_PUGH 000010 0025 queenbee   000008 04 02 00   8.35296690 15.74000000
Bench_McLachlan_PUGH 000010 0025 queenbee   000008 04 04 00   7.64404592 27.12000000
Bench_McLachlan_PUGH 000010 0025 queenbee   000008 08 01 00   12.74664197 12.14000000
Bench_McLachlan_PUGH 000010 0025 queenbee   000008 08 02 00   10.00501700 18.75000000
Bench_McLachlan_PUGH 000010 0025 queenbee   000008 08 04 00   8.83660712 32.70000000
Bench_McLachlan_PUGH 000010 0025 queenbee   000008 08 08 00   9.29751605 66.01000000
Bench_McLachlan_PUGH 000010 0025 queenbee   000016 02 01 00   10.01427991 9.89000000
Bench_McLachlan_PUGH 000010 0025 queenbee   000016 02 02 00   9.12006991 17.28000000
Bench_McLachlan_PUGH 000010 0025 queenbee   000016 04 01 00   10.64005002 10.55000000
Bench_McLachlan_PUGH 000010 0025 queenbee   000016 04 02 00   10.01310608 18.89000000
Bench_McLachlan_PUGH 000010 0025 queenbee   000016 04 04 00   8.00972892 29.63000000
Bench_McLachlan_PUGH 000010 0025 queenbee   000016 08 01 00   13.52064010 12.98000000
Bench_McLachlan_PUGH 000010 0025 queenbee   000016 08 02 00   11.43629910 21.79000000
Bench_McLachlan_PUGH 000010 0025 queenbee   000016 08 04 00   9.53239611 35.28000000
Bench_McLachlan_PUGH 000010 0025 queenbee   000016 08 08 00   9.52798908 68.18000000
Bench_McLachlan_PUGH 000010 0025 queenbee   000032 04 01 00   13.12076206 12.32000000
Bench_McLachlan_PUGH 000010 0025 queenbee   000032 04 02 00   11.35831505 20.18000000
Bench_McLachlan_PUGH 000010 0025 queenbee   000032 04 04 00   11.64888712 37.59000000
Bench_McLachlan_PUGH 000010 0025 queenbee   000032 08 01 00   15.10109491 14.61000000
Bench_McLachlan_PUGH 000010 0025 queenbee   000032 08 02 00   12.41963800 23.28000000
Bench_McLachlan_PUGH 000010 0025 queenbee   000032 08 04 00   12.49330393 46.09000000
Bench_McLachlan_PUGH 000010 0025 queenbee   000032 08 08 00   10.37795898 75.10000000
Bench_McLachlan_PUGH 000010 0025 queenbee   000064 08 01 00   18.30584403 16.11000000
Bench_McLachlan_PUGH 000010 0025 queenbee   000064 08 02 00   15.47772399 26.48000000
Bench_McLachlan_PUGH 000010 0025 queenbee   000064 08 04 00   15.00310989 49.59000000
Bench_McLachlan_PUGH 000010 0025 queenbee   000064 08 08 00   16.51247799 94.67000000
Bench_McLachlan_PUGH 000010 0030 queenbee   000001 01 01 00   11.16576009 11.00000000
Bench_McLachlan_PUGH 000010 0030 queenbee   000002 01 01 00   11.30708809 11.25000000
Bench_McLachlan_PUGH 000010 0030 queenbee   000002 02 01 00   11.51180088 11.29000000
Bench_McLachlan_PUGH 000010 0030 queenbee   000002 02 02 00   11.22227491 21.45000000
Bench_McLachlan_PUGH 000010 0030 queenbee   000004 01 01 00   11.83568703 11.65000000
Bench_McLachlan_PUGH 000010 0030 queenbee   000004 02 01 00   12.64945002 12.50000000
Bench_McLachlan_PUGH 000010 0030 queenbee   000004 02 02 00   11.32761095 21.71000000
Bench_McLachlan_PUGH 000010 0030 queenbee   000004 04 01 00   13.13599491 12.93000000
Bench_McLachlan_PUGH 000010 0030 queenbee   000004 04 02 00   11.55703195 22.22000000
Bench_McLachlan_PUGH 000010 0030 queenbee   000004 04 04 00   12.48859496 47.56000000
Bench_McLachlan_PUGH 000010 0030 queenbee   000008 01 01 00   13.08008006 12.74000000
Bench_McLachlan_PUGH 000010 0030 queenbee   000008 02 01 00   13.49434205 13.23000000
Bench_McLachlan_PUGH 000010 0030 queenbee   000008 02 02 00   11.88901593 22.90000000
Bench_McLachlan_PUGH 000010 0030 queenbee   000008 04 01 00   14.60154594 14.44000000
Bench_McLachlan_PUGH 000010 0030 queenbee   000008 04 02 00   12.60732100 24.17000000
Bench_McLachlan_PUGH 000010 0030 queenbee   000008 04 04 00   12.60051388 47.23000000
Bench_McLachlan_PUGH 000010 0030 queenbee   000008 08 01 00   18.86713602 18.29000000
Bench_McLachlan_PUGH 000010 0030 queenbee   000008 08 02 00   15.12717998 29.05000000
Bench_McLachlan_PUGH 000010 0030 queenbee   000008 08 04 00   14.73963510 55.92000000
Bench_McLachlan_PUGH 000010 0030 queenbee   000008 08 08 00   16.19707501 121.49000000
Bench_McLachlan_PUGH 000010 0030 queenbee   000016 02 01 00   14.70746203 14.41000000
Bench_McLachlan_PUGH 000010 0030 queenbee   000016 02 02 00   13.89914192 26.92000000
Bench_McLachlan_PUGH 000010 0030 queenbee   000016 04 01 00   15.76825598 15.45000000
Bench_McLachlan_PUGH 000010 0030 queenbee   000016 04 02 00   14.60953109 28.14000000
Bench_McLachlan_PUGH 000010 0030 queenbee   000016 04 04 00   12.63011199 48.12000000
Bench_McLachlan_PUGH 000010 0030 queenbee   000016 08 01 00   19.84843705 19.29000000
Bench_McLachlan_PUGH 000010 0030 queenbee   000016 08 02 00   17.72755708 33.99000000
Bench_McLachlan_PUGH 000010 0030 queenbee   000016 08 04 00   14.94659791 56.36000000
Bench_McLachlan_PUGH 000010 0030 queenbee   000016 08 08 00   15.97432409 120.57000000
Bench_McLachlan_PUGH 000010 0030 queenbee   000032 04 01 00   16.85889204 16.55000000
Bench_McLachlan_PUGH 000010 0030 queenbee   000032 04 02 00   16.10147891 29.64000000
Bench_McLachlan_PUGH 000010 0030 queenbee   000032 04 04 00   17.07359194 59.26000000
Bench_McLachlan_PUGH 000010 0030 queenbee   000032 08 01 00   21.87159298 21.27000000
Bench_McLachlan_PUGH 000010 0030 queenbee   000032 08 02 00   18.90305809 36.31000000
Bench_McLachlan_PUGH 000010 0030 queenbee   000032 08 04 00   19.11239594 71.26000000
Bench_McLachlan_PUGH 000010 0030 queenbee   000032 08 08 00   15.74069710 117.23000000
Bench_McLachlan_PUGH 000010 0030 queenbee   000064 08 01 00   25.70617692 23.64000000
Bench_McLachlan_PUGH 000010 0030 queenbee   000064 08 02 00   20.98814589 39.61000000
Bench_McLachlan_PUGH 000010 0030 queenbee   000064 08 04 00   25.08101201 77.40000000
Bench_McLachlan_PUGH 000010 0030 queenbee   000064 08 08 00   22.31386505 142.79000000
Bench_McLachlan_PUGH 000010 0040 queenbee   000001 01 01 00   21.43480404 21.15000000
Bench_McLachlan_PUGH 000010 0040 queenbee   000002 01 01 00   22.82156793 22.70000000
Bench_McLachlan_PUGH 000010 0040 queenbee   000002 02 01 00   24.38863792 24.11000000
Bench_McLachlan_PUGH 000010 0040 queenbee   000002 02 02 00   22.69962897 44.47000000
Bench_McLachlan_PUGH 000010 0040 queenbee   000004 01 01 00   24.85697892 24.65000000
Bench_McLachlan_PUGH 000010 0040 queenbee   000004 02 01 00   26.84097806 26.53000000
Bench_McLachlan_PUGH 000010 0040 queenbee   000004 02 02 00   24.56774199 47.99000000
Bench_McLachlan_PUGH 000010 0040 queenbee   000004 04 01 00   27.77441806 27.50000000
Bench_McLachlan_PUGH 000010 0040 queenbee   000004 04 02 00   25.30396502 49.17000000
Bench_McLachlan_PUGH 000010 0040 queenbee   000004 04 04 00   23.79240906 92.47000000
Bench_McLachlan_PUGH 000010 0040 queenbee   000008 01 01 00   26.15060003 25.96000000
Bench_McLachlan_PUGH 000010 0040 queenbee   000008 02 01 00   28.27895100 28.14000000
Bench_McLachlan_PUGH 000010 0040 queenbee   000008 02 02 00   25.57932804 49.97000000
Bench_McLachlan_PUGH 000010 0040 queenbee   000008 04 01 00   29.76358609 29.51000000
Bench_McLachlan_PUGH 000010 0040 queenbee   000008 04 02 00   27.22396702 53.14000000
Bench_McLachlan_PUGH 000010 0040 queenbee   000008 04 04 00   27.17323699 105.60000000
Bench_McLachlan_PUGH 000010 0040 queenbee   000008 08 01 00   38.53966889 37.84000000
Bench_McLachlan_PUGH 000010 0040 queenbee   000008 08 02 00   33.06155607 64.34000000
Bench_McLachlan_PUGH 000010 0040 queenbee   000008 08 04 00   32.37287601 125.26000000
Bench_McLachlan_PUGH 000010 0040 queenbee   000008 08 08 00   30.25697402 233.83000000
Bench_McLachlan_PUGH 000010 0040 queenbee   000016 02 01 00   29.16370598 28.88000000
Bench_McLachlan_PUGH 000010 0040 queenbee   000016 02 02 00   28.20899897 55.12000000
Bench_McLachlan_PUGH 000010 0040 queenbee   000016 04 01 00   31.35022407 31.07000000
Bench_McLachlan_PUGH 000010 0040 queenbee   000016 04 02 00   29.70055001 58.13000000
Bench_McLachlan_PUGH 000010 0040 queenbee   000016 04 04 00   26.67372890 103.20000000
Bench_McLachlan_PUGH 000010 0040 queenbee   000016 08 01 00   40.02393891 39.22000000
Bench_McLachlan_PUGH 000010 0040 queenbee   000016 08 02 00   36.91696905 71.68000000
Bench_McLachlan_PUGH 000010 0040 queenbee   000016 08 04 00   32.37777208 125.51000000
Bench_McLachlan_PUGH 000010 0040 queenbee   000016 08 08 00   35.31464412 263.17000000
Bench_McLachlan_PUGH 000010 0040 queenbee   000032 04 01 00   32.70190295 32.47000000
Bench_McLachlan_PUGH 000010 0040 queenbee   000032 04 02 00   32.83173206 61.64000000
Bench_McLachlan_PUGH 000010 0040 queenbee   000032 04 04 00   33.34526309 122.36000000
Bench_McLachlan_PUGH 000010 0040 queenbee   000032 08 01 00   42.76095991 41.93000000
Bench_McLachlan_PUGH 000010 0040 queenbee   000032 08 02 00   39.25040591 75.63000000
Bench_McLachlan_PUGH 000010 0040 queenbee   000032 08 04 00   38.65989311 147.55000000
Bench_McLachlan_PUGH 000010 0040 queenbee   000032 08 08 00   34.92949190 261.09000000
Bench_McLachlan_PUGH 000010 0040 queenbee   000064 08 01 00   47.62576606 45.36000000
Bench_McLachlan_PUGH 000010 0040 queenbee   000064 08 02 00   46.10733691 81.05000000
Bench_McLachlan_PUGH 000010 0040 queenbee   000064 08 04 00   41.57966108 154.54000000
Bench_McLachlan_PUGH 000010 0040 queenbee   000064 08 08 00   45.08433796 306.85000000
Bench_McLachlan_PUGH 000010 0050 queenbee   000001 01 01 00   40.00456407 39.77000000
Bench_McLachlan_PUGH 000010 0050 queenbee   000002 01 01 00   41.93107596 41.06000000
Bench_McLachlan_PUGH 000010 0050 queenbee   000002 02 01 00   45.08527000 44.70000000
Bench_McLachlan_PUGH 000010 0050 queenbee   000002 02 02 00   43.52280011 85.93000000
Bench_McLachlan_PUGH 000010 0050 queenbee   000004 01 01 00   44.26377794 44.00000000
Bench_McLachlan_PUGH 000010 0050 queenbee   000004 02 01 00   47.16458305 46.85000000
Bench_McLachlan_PUGH 000010 0050 queenbee   000004 02 02 00   42.64120498 84.00000000
Bench_McLachlan_PUGH 000010 0050 queenbee   000004 04 01 00   49.97842209 49.45000000
Bench_McLachlan_PUGH 000010 0050 queenbee   000004 04 02 00   46.23858896 90.98000000
Bench_McLachlan_PUGH 000010 0050 queenbee   000004 04 04 00   46.91517995 183.73000000
Bench_McLachlan_PUGH 000010 0050 queenbee   000008 01 01 00   49.10661791 48.95000000
Bench_McLachlan_PUGH 000010 0050 queenbee   000008 02 01 00   51.74728291 51.50000000
Bench_McLachlan_PUGH 000010 0050 queenbee   000008 02 02 00   50.51079594 99.43000000
Bench_McLachlan_PUGH 000010 0050 queenbee   000008 04 01 00   55.87430298 55.46000000
Bench_McLachlan_PUGH 000010 0050 queenbee   000008 04 02 00   53.18681011 104.84000000
Bench_McLachlan_PUGH 000010 0050 queenbee   000008 04 04 00   48.57806701 189.02000000
Bench_McLachlan_PUGH 000010 0050 queenbee   000008 08 01 00   71.77269999 70.86000000
Bench_McLachlan_PUGH 000010 0050 queenbee   000008 08 02 00   65.06322294 128.13000000
Bench_McLachlan_PUGH 000010 0050 queenbee   000008 08 04 00   58.90850590 229.97000000
Bench_McLachlan_PUGH 000010 0050 queenbee   000008 08 08 00   60.31358790 458.69000000
Bench_McLachlan_PUGH 000010 0050 queenbee   000016 02 01 00   54.31606102 53.90000000
Bench_McLachlan_PUGH 000010 0050 queenbee   000016 02 02 00   52.94516199 103.89000000
Bench_McLachlan_PUGH 000010 0050 queenbee   000016 04 01 00   57.47548203 56.96000000
Bench_McLachlan_PUGH 000010 0050 queenbee   000016 04 02 00   56.65817489 111.11000000
Bench_McLachlan_PUGH 000010 0050 queenbee   000016 04 04 00   50.73859404 197.33000000
Bench_McLachlan_PUGH 000010 0050 queenbee   000016 08 01 00   73.16637100 72.31000000
Bench_McLachlan_PUGH 000010 0050 queenbee   000016 08 02 00   69.76462806 136.25000000
Bench_McLachlan_PUGH 000010 0050 queenbee   000016 08 04 00   61.54717403 239.42000000
Bench_McLachlan_PUGH 000010 0050 queenbee   000016 08 08 00   63.82023399 488.64000000
Bench_McLachlan_PUGH 000010 0050 queenbee   000032 04 01 00   59.46578390 59.09000000
Bench_McLachlan_PUGH 000010 0050 queenbee   000032 04 02 00   60.11389700 116.23000000
Bench_McLachlan_PUGH 000010 0050 queenbee   000032 04 04 00   60.33699992 225.98000000
Bench_McLachlan_PUGH 000010 0050 queenbee   000032 08 01 00   76.77809806 75.77000000
Bench_McLachlan_PUGH 000010 0050 queenbee   000032 08 02 00   73.44584200 141.65000000
Bench_McLachlan_PUGH 000010 0050 queenbee   000032 08 04 00   72.91171899 275.27000000
Bench_McLachlan_PUGH 000010 0050 queenbee   000032 08 08 00   65.12932804 498.32000000
Bench_McLachlan_PUGH 000010 0050 queenbee   000064 08 01 00   83.26294399 80.94000000
Bench_McLachlan_PUGH 000010 0050 queenbee   000064 08 02 00   77.47483499 147.17000000
Bench_McLachlan_PUGH 000010 0050 queenbee   000064 08 04 00   80.45506109 285.41000000
Bench_McLachlan_PUGH 000010 0050 queenbee   000064 08 08 00   78.47625195 560.01000000
Bench_McLachlan_PUGH 000010 0065 queenbee   000001 01 01 00   87.67734211 87.22000000
Bench_McLachlan_PUGH 000010 0065 queenbee   000002 01 01 00   95.65734102 95.25000000
Bench_McLachlan_PUGH 000010 0065 queenbee   000002 02 01 00   102.84501189 102.24000000
Bench_McLachlan_PUGH 000010 0065 queenbee   000002 02 02 00   102.92170706 204.23000000
Bench_McLachlan_PUGH 000010 0065 queenbee   000004 01 01 00   94.64517398 94.17000000
Bench_McLachlan_PUGH 000010 0065 queenbee   000004 02 01 00   101.15597001 100.63000000
Bench_McLachlan_PUGH 000010 0065 queenbee   000004 02 02 00   97.05917392 191.82000000
Bench_McLachlan_PUGH 000010 0065 queenbee   000004 04 01 00   106.71809000 106.21000000
Bench_McLachlan_PUGH 000010 0065 queenbee   000004 04 02 00   102.64595191 202.91000000
Bench_McLachlan_PUGH 000010 0065 queenbee   000004 04 04 00   107.68129109 422.32000000
Bench_McLachlan_PUGH 000010 0065 queenbee   000008 01 01 00   102.24121209 101.84000000
Bench_McLachlan_PUGH 000010 0065 queenbee   000008 02 01 00   111.77298392 111.33000000
Bench_McLachlan_PUGH 000010 0065 queenbee   000008 02 02 00   101.49993605 200.84000000
Bench_McLachlan_PUGH 000010 0065 queenbee   000008 04 01 00   117.20480193 116.60000000
Bench_McLachlan_PUGH 000010 0065 queenbee   000008 04 02 00   107.28608691 212.25000000
Bench_McLachlan_PUGH 000010 0065 queenbee   000008 04 04 00   105.39906388 414.44000000
Bench_McLachlan_PUGH 000010 0065 queenbee   000008 08 01 00   149.17299002 147.65000000
Bench_McLachlan_PUGH 000010 0065 queenbee   000008 08 02 00   133.24499609 262.41000000
Bench_McLachlan_PUGH 000010 0065 queenbee   000008 08 04 00   130.86912689 511.94000000
Bench_McLachlan_PUGH 000010 0065 queenbee   000008 08 08 00   136.12687304 1029.68000000
Bench_McLachlan_PUGH 000010 0065 queenbee   000008 08 08 01   136.86403300 1032.11000000
Bench_McLachlan_PUGH 000010 0065 queenbee   000008 08 08 02   136.34280699 1027.15000000
Bench_McLachlan_PUGH 000010 0065 queenbee   000016 02 01 00   112.79596007 112.33000000
Bench_McLachlan_PUGH 000010 0065 queenbee   000016 02 02 00   112.43546292 219.94000000
Bench_McLachlan_PUGH 000010 0065 queenbee   000016 04 01 00   119.18492296 118.52000000
Bench_McLachlan_PUGH 000010 0065 queenbee   000016 04 02 00   118.67720089 232.63000000
Bench_McLachlan_PUGH 000010 0065 queenbee   000016 04 04 00   112.16516192 440.14000000
Bench_McLachlan_PUGH 000010 0065 queenbee   000016 08 01 00   150.95678604 149.34000000
Bench_McLachlan_PUGH 000010 0065 queenbee   000016 08 02 00   148.10807793 286.79000000
Bench_McLachlan_PUGH 000010 0065 queenbee   000016 08 04 00   137.57196510 539.62000000
Bench_McLachlan_PUGH 000010 0065 queenbee   000016 08 08 00   139.70567799 1067.43000000
Bench_McLachlan_PUGH 000010 0065 queenbee   000016 08 08 01   139.69814402 1064.45000000
Bench_McLachlan_PUGH 000010 0065 queenbee   000016 08 08 02   139.67865208 1067.31000000
Bench_McLachlan_PUGH 000010 0065 queenbee   000032 04 01 00   127.38434612 126.68000000
Bench_McLachlan_PUGH 000010 0065 queenbee   000032 04 02 00   124.21514289 240.17000000
Bench_McLachlan_PUGH 000010 0065 queenbee   000032 04 04 00   128.57219406 484.21000000
Bench_McLachlan_PUGH 000010 0065 queenbee   000032 08 01 00   161.69151402 160.15000000
Bench_McLachlan_PUGH 000010 0065 queenbee   000032 08 02 00   151.83555788 293.02000000
Bench_McLachlan_PUGH 000010 0065 queenbee   000032 08 04 00   158.64917593 594.55000000
Bench_McLachlan_PUGH 000010 0065 queenbee   000032 08 08 00   143.47433407 1092.77000000
Bench_McLachlan_PUGH 000010 0065 queenbee   000032 08 08 01   145.62418004 1101.44000000
Bench_McLachlan_PUGH 000010 0065 queenbee   000032 08 08 02   142.87540989 1086.79000000
Bench_McLachlan_PUGH 000010 0065 queenbee   000064 08 01 00   170.25112198 166.85000000
Bench_McLachlan_PUGH 000010 0065 queenbee   000064 08 02 00   168.53991588 312.05000000
Bench_McLachlan_PUGH 000010 0065 queenbee   000064 08 04 00   166.76362702 604.37000000
Bench_McLachlan_PUGH 000010 0065 queenbee   000064 08 08 00   162.62025005 1174.03000000
Bench_McLachlan_PUGH 000010 0065 queenbee   000064 08 08 01   160.38643810 1164.94000000
Bench_McLachlan_PUGH 000010 0065 queenbee   000064 08 08 02   158.40463511 1164.73000000
Bench_McLachlan_PUGH 000010 0065 queenbee   000128 08 08 00   165.05738395 1183.31000000
Bench_McLachlan_PUGH 000010 0065 queenbee   000128 08 08 01   165.43101004 1185.68000000
Bench_McLachlan_PUGH 000010 0065 queenbee   000128 08 08 02   165.58303997 1176.27000000
Bench_McLachlan_PUGH 000010 0065 queenbee   000256 08 08 00   172.01062592 1182.97000000
Bench_McLachlan_PUGH 000010 0065 queenbee   000256 08 08 01   170.61720893 1196.31000000
Bench_McLachlan_PUGH 000010 0065 queenbee   000256 08 08 02   170.24327110 1198.42000000
Bench_McLachlan_PUGH 000010 0065 queenbee   000512 08 08 00   188.33221793 1209.88000000
Bench_McLachlan_PUGH 000010 0065 queenbee   000512 08 08 01   188.63477604 1216.24000000
Bench_McLachlan_PUGH 000010 0065 queenbee   000512 08 08 02   189.44518195 1213.55000000
Bench_McLachlan_PUGH 000010 0065 queenbee   001024 08 08 00   189.91139189 1218.34000000
Bench_McLachlan_PUGH 000010 0065 queenbee   001024 08 08 01   188.98647007 1221.38000000
Bench_McLachlan_PUGH 000010 0065 queenbee   001024 08 08 02   191.17903707 1219.38000000
Bench_McLachlan_PUGH 000010 0065 queenbee   002048 08 08 00   193.61992891 1215.35000000
Bench_McLachlan_PUGH 000010 0065 queenbee   002048 08 08 01   193.34559007 1215.36000000
Bench_McLachlan_PUGH 000010 0065 queenbee   002048 08 08 02   193.00474607 1221.89000000
Bench_McLachlan_PUGH 000010 0080 queenbee   000001 01 01 00   167.07100090 166.40000000
Bench_McLachlan_PUGH 000010 0080 queenbee   000002 01 01 00   169.87376392 168.91000000
Bench_McLachlan_PUGH 000010 0080 queenbee   000002 02 01 00   172.84471507 172.13000000
Bench_McLachlan_PUGH 000010 0080 queenbee   000002 02 02 00   174.46569304 346.20000000
Bench_McLachlan_PUGH 000010 0080 queenbee   000004 01 01 00   175.56088794 174.44000000
Bench_McLachlan_PUGH 000010 0080 queenbee   000004 02 01 00   183.91897097 182.72000000
Bench_McLachlan_PUGH 000010 0080 queenbee   000004 02 02 00   182.81119798 361.65000000
Bench_McLachlan_PUGH 000010 0080 queenbee   000004 04 01 00   197.34596898 196.22000000
Bench_McLachlan_PUGH 000010 0080 queenbee   000004 04 02 00   194.54799091 385.19000000
Bench_McLachlan_PUGH 000010 0080 queenbee   000004 04 04 00   193.50105002 763.60000000
Bench_McLachlan_PUGH 000010 0080 queenbee   000008 01 01 00   187.25522312 185.88000000
Bench_McLachlan_PUGH 000010 0080 queenbee   000008 02 01 00   195.74181294 194.46000000
Bench_McLachlan_PUGH 000010 0080 queenbee   000008 02 02 00   192.18311709 378.39000000
Bench_McLachlan_PUGH 000010 0080 queenbee   000008 04 01 00   213.17371294 211.78000000
Bench_McLachlan_PUGH 000010 0080 queenbee   000008 04 02 00   200.82515308 397.11000000
Bench_McLachlan_PUGH 000010 0080 queenbee   000008 04 04 00   199.83585496 783.04000000
Bench_McLachlan_PUGH 000010 0080 queenbee   000008 08 01 00   276.85735092 268.48000000
Bench_McLachlan_PUGH 000010 0080 queenbee   000008 08 02 00   247.84417107 487.95000000
Bench_McLachlan_PUGH 000010 0080 queenbee   000008 08 04 00   247.20186290 961.67000000
Bench_McLachlan_PUGH 000010 0080 queenbee   000008 08 08 00   254.99490690 1983.53000000
Bench_McLachlan_PUGH 000010 0080 queenbee   000016 02 01 00   217.86481501 216.43000000
Bench_McLachlan_PUGH 000010 0080 queenbee   000016 02 02 00   209.97008888 410.82000000
Bench_McLachlan_PUGH 000010 0080 queenbee   000016 04 01 00   231.07413590 229.49000000
Bench_McLachlan_PUGH 000010 0080 queenbee   000016 04 02 00   220.13305192 429.26000000
Bench_McLachlan_PUGH 000010 0080 queenbee   000016 04 04 00   204.99133995 804.06000000
Bench_McLachlan_PUGH 000010 0080 queenbee   000016 08 01 00   306.54035910 288.55000000
Bench_McLachlan_PUGH 000010 0080 queenbee   000016 08 02 00   270.71795798 523.13000000
Bench_McLachlan_PUGH 000010 0080 queenbee   000016 08 04 00   252.91203508 987.47000000
Bench_McLachlan_PUGH 000010 0080 queenbee   000016 08 08 00   256.51419401 1943.49000000
Bench_McLachlan_PUGH 000010 0080 queenbee   000032 04 01 00   234.68639994 233.14000000
Bench_McLachlan_PUGH 000010 0080 queenbee   000032 04 02 00   224.90770890 433.71000000
Bench_McLachlan_PUGH 000010 0080 queenbee   000032 04 04 00   233.28113108 882.42000000
Bench_McLachlan_PUGH 000010 0080 queenbee   000032 08 01 00   442.66955489 422.23000000
Bench_McLachlan_PUGH 000010 0080 queenbee   000032 08 02 00   273.56484094 526.40000000
Bench_McLachlan_PUGH 000010 0080 queenbee   000032 08 04 00   283.91916007 1062.21000000
Bench_McLachlan_PUGH 000010 0080 queenbee   000032 08 08 00   262.12074806 1978.04000000
Bench_McLachlan_PUGH 000010 0080 queenbee   000064 08 01 00   1777.09717402 1603.87000000
Bench_McLachlan_PUGH 000010 0080 queenbee   000064 08 02 00   290.91119699 544.24000000
Bench_McLachlan_PUGH 000010 0080 queenbee   000064 08 04 00   313.41001501 1092.26000000
Bench_McLachlan_PUGH 000010 0080 queenbee   000064 08 08 00   297.21790793 2115.19000000
