# Cactus benchmark results
#    processes = procs
#    nodes     = procs / ppn
#
# benchmark steps size machine   procs ppn tpp iter   walltime cputime
Bench_McLachlan_Carpet_1lev 000010 0020 ranger   000001 01 01 00   1.56899407 1.52809600
Bench_McLachlan_Carpet_1lev 000010 0020 ranger   000002 01 01 00   2.04139105 2.00012500
Bench_McLachlan_Carpet_1lev 000010 0020 ranger   000004 02 01 00   2.55302600 2.49615600
Bench_McLachlan_Carpet_1lev 000010 0020 ranger   000004 02 02 00   2.54489193 5.00431300
Bench_McLachlan_Carpet_1lev 000010 0020 ranger   000004 04 04 00   2.89985290 10.02462600
Bench_McLachlan_Carpet_1lev 000010 0020 ranger   000008 01 01 00   3.18305703 3.14419700
Bench_McLachlan_Carpet_1lev 000010 0020 ranger   000008 04 01 00   3.40544307 3.34020900
Bench_McLachlan_Carpet_1lev 000010 0020 ranger   000008 08 01 00   3.64233502 3.61222600
Bench_McLachlan_Carpet_1lev 000010 0020 ranger   000008 08 02 00   3.62558490 7.08844300
Bench_McLachlan_Carpet_1lev 000010 0020 ranger   000008 08 04 00   3.44682397 13.58084800
Bench_McLachlan_Carpet_1lev 000010 0020 ranger   000008 08 08 00   5.72743808 22.55741000
Bench_McLachlan_Carpet_1lev 000010 0020 ranger   000016 01 01 00   3.76735695 3.69223100
Bench_McLachlan_Carpet_1lev 000010 0020 ranger   000016 02 01 00   3.82754004 3.74823400
Bench_McLachlan_Carpet_1lev 000010 0020 ranger   000016 02 02 00   4.34812700 8.57253500
Bench_McLachlan_Carpet_1lev 000010 0020 ranger   000016 04 04 00   4.95004608 19.27720500
Bench_McLachlan_Carpet_1lev 000010 0020 ranger   000016 08 08 00   7.88443006 30.86992900
Bench_McLachlan_Carpet_1lev 000010 0020 ranger   000016 16 01 00   4.81612002 4.73229600
Bench_McLachlan_Carpet_1lev 000010 0020 ranger   000016 16 02 00   5.12342409 9.96062200
Bench_McLachlan_Carpet_1lev 000010 0020 ranger   000016 16 04 00   5.13523198 19.92124500
Bench_McLachlan_Carpet_1lev 000010 0020 ranger   000016 16 08 00   7.70727694 30.33789600
Bench_McLachlan_Carpet_1lev 000010 0020 ranger   000016 16 16 00   12.90111795 50.10713100
Bench_McLachlan_Carpet_1lev 000010 0020 ranger   000032 02 01 00   4.61708989 4.53228400
Bench_McLachlan_Carpet_1lev 000010 0020 ranger   000032 02 02 00   5.03279199 9.84861500
Bench_McLachlan_Carpet_1lev 000010 0020 ranger   000032 04 01 00   4.88332697 4.82830200
Bench_McLachlan_Carpet_1lev 000010 0020 ranger   000032 04 02 00   5.08211201 9.91661900
Bench_McLachlan_Carpet_1lev 000010 0020 ranger   000032 04 04 00   6.19730506 23.95349700
Bench_McLachlan_Carpet_1lev 000010 0020 ranger   000032 08 01 00   4.79474190 4.62028800
Bench_McLachlan_Carpet_1lev 000010 0020 ranger   000032 08 02 00   5.30654604 10.30064400
Bench_McLachlan_Carpet_1lev 000010 0020 ranger   000032 08 04 00   6.35979212 24.79355000
Bench_McLachlan_Carpet_1lev 000010 0020 ranger   000032 08 08 00   10.03680291 38.57841100
Bench_McLachlan_Carpet_1lev 000010 0020 ranger   000032 16 01 00   5.56778699 5.44434000
Bench_McLachlan_Carpet_1lev 000010 0020 ranger   000032 16 02 00   6.64142890 12.37277300
Bench_McLachlan_Carpet_1lev 000010 0020 ranger   000032 16 04 00   6.60315501 25.70160600
Bench_McLachlan_Carpet_1lev 000010 0020 ranger   000032 16 08 00   10.15412595 39.63047600
Bench_McLachlan_Carpet_1lev 000010 0020 ranger   000032 16 16 00   18.79708792 72.44852800
Bench_McLachlan_Carpet_1lev 000010 0020 ranger   000064 04 01 00   5.34094889 5.24832800
Bench_McLachlan_Carpet_1lev 000010 0020 ranger   000064 08 01 00   5.65006300 5.54034700
Bench_McLachlan_Carpet_1lev 000010 0020 ranger   000064 08 02 00   6.78212908 13.18082400
Bench_McLachlan_Carpet_1lev 000010 0020 ranger   000064 08 04 00   8.03063799 30.90593100
Bench_McLachlan_Carpet_1lev 000010 0020 ranger   000064 08 08 00   14.92002598 56.96356000
Bench_McLachlan_Carpet_1lev 000010 0020 ranger   000064 16 01 00   6.52542098 6.24439000
Bench_McLachlan_Carpet_1lev 000010 0020 ranger   000064 16 02 00   7.56498302 14.67691700
Bench_McLachlan_Carpet_1lev 000010 0020 ranger   000064 16 04 00   8.10210990 31.39396200
Bench_McLachlan_Carpet_1lev 000010 0020 ranger   000064 16 16 00   25.55909791 96.58603600
Bench_McLachlan_Carpet_1lev 000010 0020 ranger   000128 16 01 00   6.80409010 6.66841700
Bench_McLachlan_Carpet_1lev 000010 0020 ranger   000128 16 02 00   7.40824500 14.14088400
Bench_McLachlan_Carpet_1lev 000010 0020 ranger   000128 16 04 00   8.13701699 31.38996200
Bench_McLachlan_Carpet_1lev 000010 0020 ranger   000128 16 08 00   17.85522011 64.20401200
Bench_McLachlan_Carpet_1lev 000010 0020 ranger   000128 16 16 00   43.40006996 137.88861700
Bench_McLachlan_Carpet_1lev 000010 0020 ranger   000256 16 01 00   7.82405100 6.84842800
Bench_McLachlan_Carpet_1lev 000010 0020 ranger   000256 16 02 00   9.06926803 17.17707300
Bench_McLachlan_Carpet_1lev 000010 0020 ranger   000256 16 04 00   10.20544311 38.37039800
Bench_McLachlan_Carpet_1lev 000010 0020 ranger   000256 16 08 00   22.94108706 80.89305600
Bench_McLachlan_Carpet_1lev 000010 0020 ranger   000256 16 16 00   47.11109008 150.29339300
Bench_McLachlan_Carpet_1lev 000010 0025 ranger   000001 01 01 00   2.96644203 2.94418400
Bench_McLachlan_Carpet_1lev 000010 0025 ranger   000002 01 01 00   3.66742189 3.66822900
Bench_McLachlan_Carpet_1lev 000010 0025 ranger   000002 02 01 00   3.85410105 3.72423300
Bench_McLachlan_Carpet_1lev 000010 0025 ranger   000002 02 02 00   3.32830006 6.42840100
Bench_McLachlan_Carpet_1lev 000010 0025 ranger   000004 01 01 00   4.37805599 4.33627100
Bench_McLachlan_Carpet_1lev 000010 0025 ranger   000004 02 01 00   4.43189905 4.37627400
Bench_McLachlan_Carpet_1lev 000010 0025 ranger   000004 02 02 00   4.70634205 9.27658000
Bench_McLachlan_Carpet_1lev 000010 0025 ranger   000004 04 01 00   4.61310191 4.56828600
Bench_McLachlan_Carpet_1lev 000010 0025 ranger   000004 04 02 00   4.76840410 9.41658800
Bench_McLachlan_Carpet_1lev 000010 0025 ranger   000004 04 04 00   3.96359299 15.63697700
Bench_McLachlan_Carpet_1lev 000010 0025 ranger   000008 01 01 00   5.27260491 5.22032600
Bench_McLachlan_Carpet_1lev 000010 0025 ranger   000008 04 01 00   5.66178397 5.54434700
Bench_McLachlan_Carpet_1lev 000010 0025 ranger   000008 08 01 00   5.94544811 5.86436600
Bench_McLachlan_Carpet_1lev 000010 0025 ranger   000008 08 02 00   6.08427907 11.92874500
Bench_McLachlan_Carpet_1lev 000010 0025 ranger   000008 08 04 00   6.23329906 24.47352900
Bench_McLachlan_Carpet_1lev 000010 0025 ranger   000008 08 08 00   10.91998701 42.92668300
Bench_McLachlan_Carpet_1lev 000010 0025 ranger   000016 01 01 00   6.08084703 5.98437400
Bench_McLachlan_Carpet_1lev 000010 0025 ranger   000016 02 01 00   6.22389501 6.10038100
Bench_McLachlan_Carpet_1lev 000010 0025 ranger   000016 02 02 00   7.18267495 14.15288400
Bench_McLachlan_Carpet_1lev 000010 0025 ranger   000016 16 01 00   8.07137906 7.81248800
Bench_McLachlan_Carpet_1lev 000010 0025 ranger   000016 16 02 00   8.37721308 16.40902600
Bench_McLachlan_Carpet_1lev 000010 0025 ranger   000016 16 04 00   9.14054792 35.73823300
Bench_McLachlan_Carpet_1lev 000010 0025 ranger   000016 16 08 00   13.86209610 53.43134000
Bench_McLachlan_Carpet_1lev 000010 0025 ranger   000016 16 16 00   33.24022799 129.46809200
Bench_McLachlan_Carpet_1lev 000010 0025 ranger   000032 02 01 00   7.16725404 7.13244600
Bench_McLachlan_Carpet_1lev 000010 0025 ranger   000032 02 02 00   8.38961691 16.55303500
Bench_McLachlan_Carpet_1lev 000010 0025 ranger   000032 04 01 00   7.50573412 7.37646100
Bench_McLachlan_Carpet_1lev 000010 0025 ranger   000032 04 02 00   8.38864708 16.48103000
Bench_McLachlan_Carpet_1lev 000010 0025 ranger   000032 04 04 00   9.72673199 37.80636300
Bench_McLachlan_Carpet_1lev 000010 0025 ranger   000032 08 01 00   7.55863407 7.39246200
Bench_McLachlan_Carpet_1lev 000010 0025 ranger   000032 08 02 00   8.75502090 17.10506900
Bench_McLachlan_Carpet_1lev 000010 0025 ranger   000032 08 04 00   10.05221608 39.03444000
Bench_McLachlan_Carpet_1lev 000010 0025 ranger   000032 08 08 00   17.97853205 69.63635200
Bench_McLachlan_Carpet_1lev 000010 0025 ranger   000032 16 01 00   9.04629712 8.69254400
Bench_McLachlan_Carpet_1lev 000010 0025 ranger   000032 16 02 00   9.79724699 19.24520300
Bench_McLachlan_Carpet_1lev 000010 0025 ranger   000032 16 04 00   10.66942204 41.00656300
Bench_McLachlan_Carpet_1lev 000010 0025 ranger   000032 16 08 00   17.71379306 68.83230200
Bench_McLachlan_Carpet_1lev 000010 0025 ranger   000032 16 16 00   40.67662103 154.08963000
Bench_McLachlan_Carpet_1lev 000010 0025 ranger   000064 04 01 00   9.30222700 9.16457300
Bench_McLachlan_Carpet_1lev 000010 0025 ranger   000064 08 01 00   9.26416890 9.16857300
Bench_McLachlan_Carpet_1lev 000010 0025 ranger   000064 08 02 00   10.06505811 19.66922900
Bench_McLachlan_Carpet_1lev 000010 0025 ranger   000064 08 04 00   11.78238995 45.56284800
Bench_McLachlan_Carpet_1lev 000010 0025 ranger   000064 08 08 00   20.99542595 81.06106600
Bench_McLachlan_Carpet_1lev 000010 0025 ranger   000064 16 01 00   9.93302499 9.82861400
Bench_McLachlan_Carpet_1lev 000010 0025 ranger   000064 16 02 00   11.39035192 21.98137400
Bench_McLachlan_Carpet_1lev 000010 0025 ranger   000064 16 04 00   12.53596588 47.96699700
Bench_McLachlan_Carpet_1lev 000010 0025 ranger   000064 16 08 00   21.23426012 80.98506200
Bench_McLachlan_Carpet_1lev 000010 0025 ranger   000064 16 16 00   47.15243399 175.31895600
Bench_McLachlan_Carpet_1lev 000010 0025 ranger   000128 16 01 00   10.48720111 10.34464700
Bench_McLachlan_Carpet_1lev 000010 0025 ranger   000128 16 02 00   13.80461389 26.06962900
Bench_McLachlan_Carpet_1lev 000010 0025 ranger   000128 16 04 00   12.19577895 47.05894100
Bench_McLachlan_Carpet_1lev 000010 0025 ranger   000128 16 08 00   24.97599600 93.21782600
Bench_McLachlan_Carpet_1lev 000010 0025 ranger   000256 16 01 00   12.51509504 12.12475700
Bench_McLachlan_Carpet_1lev 000010 0025 ranger   000256 16 02 00   14.06786392 26.82167600
Bench_McLachlan_Carpet_1lev 000010 0025 ranger   000256 16 04 00   13.39791607 51.05519000
Bench_McLachlan_Carpet_1lev 000010 0025 ranger   000256 16 08 00   31.02963702 110.17888600
Bench_McLachlan_Carpet_1lev 000010 0025 ranger   000256 16 16 00   73.28384098 250.32364400
Bench_McLachlan_Carpet_1lev 000010 0030 ranger   000001 01 01 00   5.53058589 5.47234200
Bench_McLachlan_Carpet_1lev 000010 0030 ranger   000002 01 01 00   6.33382911 5.87236700
Bench_McLachlan_Carpet_1lev 000010 0030 ranger   000002 02 01 00   5.96964010 5.93637100
Bench_McLachlan_Carpet_1lev 000010 0030 ranger   000002 02 02 00   7.29277591 14.46490400
Bench_McLachlan_Carpet_1lev 000010 0030 ranger   000004 02 01 00   7.00679203 6.95243500
Bench_McLachlan_Carpet_1lev 000010 0030 ranger   000004 02 02 00   7.28190604 14.40890100
Bench_McLachlan_Carpet_1lev 000010 0030 ranger   000004 04 01 00   7.39037288 7.27645500
Bench_McLachlan_Carpet_1lev 000010 0030 ranger   000004 04 02 00   7.32937108 14.50890700
Bench_McLachlan_Carpet_1lev 000010 0030 ranger   000004 04 04 00   8.60219097 34.09013100
Bench_McLachlan_Carpet_1lev 000010 0030 ranger   000008 01 01 00   8.12123189 8.02050200
Bench_McLachlan_Carpet_1lev 000010 0030 ranger   000008 04 01 00   8.81126406 8.66854200
Bench_McLachlan_Carpet_1lev 000010 0030 ranger   000008 08 01 00   9.13866600 9.07656700
Bench_McLachlan_Carpet_1lev 000010 0030 ranger   000008 08 02 00   9.25630390 18.24914100
Bench_McLachlan_Carpet_1lev 000010 0030 ranger   000008 08 04 00   10.98447007 42.67866800
Bench_McLachlan_Carpet_1lev 000010 0030 ranger   000008 08 08 00   35.06939410 138.42065100
Bench_McLachlan_Carpet_1lev 000010 0030 ranger   000016 02 01 00   9.26374206 9.16457300
Bench_McLachlan_Carpet_1lev 000010 0030 ranger   000016 02 02 00   11.24885506 22.12938300
Bench_McLachlan_Carpet_1lev 000010 0030 ranger   000016 08 01 00   10.40393910 10.21263800
Bench_McLachlan_Carpet_1lev 000010 0030 ranger   000016 08 02 00   11.91374802 23.31345700
Bench_McLachlan_Carpet_1lev 000010 0030 ranger   000016 08 04 00   12.65043507 49.43909000
Bench_McLachlan_Carpet_1lev 000010 0030 ranger   000016 08 08 00   26.49654803 104.11050700
Bench_McLachlan_Carpet_1lev 000010 0030 ranger   000016 16 01 00   12.52448408 12.00075000
Bench_McLachlan_Carpet_1lev 000010 0030 ranger   000016 16 02 00   12.90677600 25.47759300
Bench_McLachlan_Carpet_1lev 000010 0030 ranger   000016 16 04 00   13.05745196 50.93918400
Bench_McLachlan_Carpet_1lev 000010 0030 ranger   000032 04 01 00   11.13310790 10.96468500
Bench_McLachlan_Carpet_1lev 000010 0030 ranger   000032 04 02 00   11.81477495 23.24145200
Bench_McLachlan_Carpet_1lev 000010 0030 ranger   000032 04 04 00   14.43568300 56.52353300
Bench_McLachlan_Carpet_1lev 000010 0030 ranger   000032 08 01 00   11.22914309 11.00468800
Bench_McLachlan_Carpet_1lev 000010 0030 ranger   000032 08 02 00   12.58149191 24.69354400
Bench_McLachlan_Carpet_1lev 000010 0030 ranger   000032 08 04 00   14.50079411 56.49553100
Bench_McLachlan_Carpet_1lev 000010 0030 ranger   000032 08 08 00   29.62056695 114.75117200
Bench_McLachlan_Carpet_1lev 000010 0030 ranger   000032 16 01 00   13.74530603 13.50084400
Bench_McLachlan_Carpet_1lev 000010 0030 ranger   000032 16 02 00   14.12603388 27.59772500
Bench_McLachlan_Carpet_1lev 000010 0030 ranger   000032 16 04 00   15.14372910 59.00368800
Bench_McLachlan_Carpet_1lev 000010 0030 ranger   000032 16 08 00   30.03008591 116.55128400
Bench_McLachlan_Carpet_1lev 000010 0030 ranger   000032 16 16 00   57.61731895 217.40158600
Bench_McLachlan_Carpet_1lev 000010 0030 ranger   000064 08 02 00   14.19756204 27.58572400
Bench_McLachlan_Carpet_1lev 000010 0030 ranger   000064 08 04 00   17.49095106 66.77217300
Bench_McLachlan_Carpet_1lev 000010 0030 ranger   000064 08 08 00   36.84150000 139.50071900
Bench_McLachlan_Carpet_1lev 000010 0030 ranger   000064 16 01 00   18.30384488 18.12113300
Bench_McLachlan_Carpet_1lev 000010 0030 ranger   000064 16 02 00   16.16594910 31.08194300
Bench_McLachlan_Carpet_1lev 000010 0030 ranger   000064 16 04 00   18.59455693 70.79642500
Bench_McLachlan_Carpet_1lev 000010 0030 ranger   000064 16 08 00   34.76923700 135.54847100
Bench_McLachlan_Carpet_1lev 000010 0030 ranger   000064 16 16 00   70.17846910 259.21220000
Bench_McLachlan_Carpet_1lev 000010 0030 ranger   000128 16 01 00   15.63114389 15.23695200
Bench_McLachlan_Carpet_1lev 000010 0030 ranger   000256 16 01 00   18.86079298 18.64516500
Bench_McLachlan_Carpet_1lev 000010 0030 ranger   000256 16 02 00   17.77125405 33.80611300
Bench_McLachlan_Carpet_1lev 000010 0030 ranger   000256 16 04 00   19.18610001 72.80855100
Bench_McLachlan_Carpet_1lev 000010 0030 ranger   000256 16 08 00   51.17532890 177.44309000
Bench_McLachlan_Carpet_1lev 000010 0030 ranger   000256 16 16 00   102.54717296 331.90474200
Bench_McLachlan_Carpet_1lev 000010 0040 ranger   000008 01 01 00   17.58568694 17.43309000
Bench_McLachlan_Carpet_1lev 000010 0040 ranger   000008 04 02 00   19.00573206 37.58234900
Bench_McLachlan_Carpet_1lev 000010 0040 ranger   000008 04 04 00   24.20876397 95.24595300
Bench_McLachlan_Carpet_1lev 000010 0040 ranger   000016 02 02 00   22.51672098 44.39077400
Bench_McLachlan_Carpet_1lev 000010 0040 ranger   000016 08 01 00   23.59167102 23.45346600
Bench_McLachlan_Carpet_1lev 000010 0040 ranger   000016 08 02 00   24.30866812 47.75898500
Bench_McLachlan_Carpet_1lev 000010 0040 ranger   000016 08 04 00   31.55463691 122.50365600
Bench_McLachlan_Carpet_1lev 000010 0040 ranger   000016 08 08 00   56.57028094 218.50565600
Bench_McLachlan_Carpet_1lev 000010 0040 ranger   000032 04 01 00   22.91696604 22.60141300
Bench_McLachlan_Carpet_1lev 000010 0040 ranger   000032 04 02 00   24.33020203 47.86299100
Bench_McLachlan_Carpet_1lev 000010 0040 ranger   000032 04 04 00   33.43377194 129.20007400
Bench_McLachlan_Carpet_1lev 000010 0040 ranger   000032 08 01 00   24.59790891 24.44152800
Bench_McLachlan_Carpet_1lev 000010 0040 ranger   000032 08 02 00   25.62925898 50.34714600
Bench_McLachlan_Carpet_1lev 000010 0040 ranger   000032 08 04 00   33.50023308 126.52790700
Bench_McLachlan_Carpet_1lev 000010 0040 ranger   000032 08 08 00   63.52916602 243.26320300
Bench_McLachlan_Carpet_1lev 000010 0040 ranger   000032 16 01 00   29.41290898 28.72179500
Bench_McLachlan_Carpet_1lev 000010 0040 ranger   000032 16 02 00   31.31017804 61.19982500
Bench_McLachlan_Carpet_1lev 000010 0040 ranger   000032 16 08 00   63.95223798 243.51121800
Bench_McLachlan_Carpet_1lev 000010 0040 ranger   000032 16 16 00   103.24674611 398.50490500
Bench_McLachlan_Carpet_1lev 000010 0040 ranger   000064 08 01 00   27.29892599 27.11769500
Bench_McLachlan_Carpet_1lev 000010 0040 ranger   000064 08 02 00   29.47447796 56.54753400
Bench_McLachlan_Carpet_1lev 000010 0040 ranger   000064 16 01 00   31.84360904 31.14594700
Bench_McLachlan_Carpet_1lev 000010 0040 ranger   000064 16 02 00   34.75833396 65.82811400
Bench_McLachlan_Carpet_1lev 000010 0040 ranger   000064 16 04 00   41.91071493 159.02993900
Bench_McLachlan_Carpet_1lev 000010 0040 ranger   000128 08 02 00   29.56615508 56.70754400
Bench_McLachlan_Carpet_1lev 000010 0050 ranger   000001 01 01 00   23.53669098 23.41346400
Bench_McLachlan_Carpet_1lev 000010 0050 ranger   000008 01 01 00   34.45200012 34.25814100
Bench_McLachlan_Carpet_1lev 000010 0050 ranger   000008 04 02 00   41.09472101 81.22507600
Bench_McLachlan_Carpet_1lev 000010 0050 ranger   000008 04 04 00   45.45660402 176.65904100
Bench_McLachlan_Carpet_1lev 000010 0050 ranger   000016 02 01 00   36.17146491 35.92224500
Bench_McLachlan_Carpet_1lev 000010 0050 ranger   000016 08 01 00   41.52916998 41.29858100
Bench_McLachlan_Carpet_1lev 000010 0050 ranger   000016 08 02 00   54.47936811 107.50271800
Bench_McLachlan_Carpet_1lev 000010 0050 ranger   000016 08 04 00   68.44213400 245.36333400
Bench_McLachlan_Carpet_1lev 000010 0050 ranger   000016 08 08 00   141.01169995 543.98999800
Bench_McLachlan_Carpet_1lev 000010 0050 ranger   000016 16 08 00   141.19438810 551.19844800
Bench_McLachlan_Carpet_1lev 000010 0050 ranger   000016 16 16 00   186.99395210 710.08037700
Bench_McLachlan_Carpet_1lev 000010 0050 ranger   000032 04 01 00   40.87609999 40.42652700
Bench_McLachlan_Carpet_1lev 000010 0050 ranger   000032 04 02 00   53.45035689 105.23057600
Bench_McLachlan_Carpet_1lev 000010 0050 ranger   000032 04 04 00   64.65682997 246.54340800
Bench_McLachlan_Carpet_1lev 000010 0050 ranger   000032 08 01 00   41.28432396 41.01056300
Bench_McLachlan_Carpet_1lev 000010 0050 ranger   000032 16 08 00   112.15501788 424.07050200
Bench_McLachlan_Carpet_1lev 000010 0050 ranger   000032 16 16 00   198.79291889 750.89092800
Bench_McLachlan_Carpet_1lev 000010 0050 ranger   000064 04 02 00   73.47126396 129.13207000
Bench_McLachlan_Carpet_1lev 000010 0050 ranger   000064 08 01 00   45.73746897 45.13882100
Bench_McLachlan_Carpet_1lev 000010 0050 ranger   000064 08 02 00   78.97795899 137.52459400
Bench_McLachlan_Carpet_1lev 000010 0050 ranger   000128 16 02 00   82.91919693 146.79317400
Bench_McLachlan_Carpet_1lev 000010 0050 ranger   000128 16 04 00   76.21962910 283.96974700
Bench_McLachlan_Carpet_1lev 000010 0050 ranger   000128 16 08 00   141.64971810 500.01524900
Bench_McLachlan_Carpet_1lev 000010 0050 ranger   000128 16 16 00   273.04204502 919.98949500
Bench_McLachlan_Carpet_1lev 000010 0065 ranger   000001 01 01 00   81.19326989 80.92105700
Bench_McLachlan_Carpet_1lev 000010 0065 ranger   000002 01 01 00   75.57881102 75.28470500
Bench_McLachlan_Carpet_1lev 000010 0065 ranger   000002 02 01 00   75.20966599 74.80067400
Bench_McLachlan_Carpet_1lev 000010 0065 ranger   000002 02 02 00   74.06561209 147.16519800
Bench_McLachlan_Carpet_1lev 000010 0065 ranger   000004 02 01 00   101.05507897 100.72229500
Bench_McLachlan_Carpet_1lev 000010 0065 ranger   000004 02 02 00   91.39501411 180.27526700
Bench_McLachlan_Carpet_1lev 000010 0065 ranger   000004 04 01 00   111.78165302 111.35495900
Bench_McLachlan_Carpet_1lev 000010 0065 ranger   000004 04 02 00   92.23816592 181.52734500
Bench_McLachlan_Carpet_1lev 000010 0065 ranger   000004 04 04 00   91.76669805 361.86661600
Bench_McLachlan_Carpet_1lev 000010 0065 ranger   000008 04 01 00   102.41108694 101.18232300
Bench_McLachlan_Carpet_1lev 000010 0065 ranger   000008 08 01 00   106.30212907 105.87861700
Bench_McLachlan_Carpet_1lev 000010 0065 ranger   000016 01 01 00   92.95425905 92.62978900
Bench_McLachlan_Carpet_1lev 000010 0065 ranger   000016 16 04 01   135.03241900 509.92386800
Bench_McLachlan_Carpet_1lev 000010 0065 ranger   000016 16 04 02   134.63654396 507.75973300
Bench_McLachlan_Carpet_1lev 000010 0065 ranger   000016 16 08 00   214.46684505 830.65991300
Bench_McLachlan_Carpet_1lev 000010 0065 ranger   000016 16 16 00   383.01305094 1440.98605600
Bench_McLachlan_Carpet_1lev 000010 0065 ranger   000032 02 01 00   116.66420694 116.33527100
Bench_McLachlan_Carpet_1lev 000010 0065 ranger   000032 02 02 00   115.91846810 228.44627700
Bench_McLachlan_Carpet_1lev 000010 0065 ranger   000032 04 01 00   125.90435288 125.18382400
Bench_McLachlan_Carpet_1lev 000010 0065 ranger   000032 16 01 00   144.28089501 143.29295600
Bench_McLachlan_Carpet_1lev 000010 0065 ranger   000032 16 02 00   138.58835712 272.03300100
Bench_McLachlan_Carpet_1lev 000010 0065 ranger   000032 16 04 01   142.03716589 521.67660300
Bench_McLachlan_Carpet_1lev 000010 0065 ranger   000032 16 04 02   141.97502211 522.84467600
Bench_McLachlan_Carpet_1lev 000010 0065 ranger   000064 04 01 00   127.02499107 125.97587300
Bench_McLachlan_Carpet_1lev 000010 0065 ranger   000064 04 02 00   146.02900100 250.80767500
Bench_McLachlan_Carpet_1lev 000010 0065 ranger   000064 08 01 00   131.11489794 130.02012600
Bench_McLachlan_Carpet_1lev 000010 0065 ranger   000064 08 02 00   152.64683812 262.48840500
Bench_McLachlan_Carpet_1lev 000010 0065 ranger   000064 08 04 00   143.73815708 518.71641800
Bench_McLachlan_Carpet_1lev 000010 0065 ranger   000064 08 08 00   252.76035698 935.43046000
Bench_McLachlan_Carpet_1lev 000010 0065 ranger   000064 16 04 02   156.96743405 566.66341400
Bench_McLachlan_Carpet_1lev 000010 0065 ranger   000128 16 01 00   143.96603698 143.42896400
Bench_McLachlan_Carpet_1lev 000010 0065 ranger   000128 16 02 00   164.60896189 285.78186100
Bench_McLachlan_Carpet_1lev 000010 0065 ranger   000128 16 04 00   162.46507194 548.27026500
Bench_McLachlan_Carpet_1lev 000010 0065 ranger   000128 16 08 00   286.11177489 976.72104100
Bench_McLachlan_Carpet_1lev 000010 0065 ranger   000128 16 16 00   646.18016498 2313.48458400
Bench_McLachlan_Carpet_1lev 000010 0065 ranger   000256 16 04 01   184.37672901 592.78104600
Bench_McLachlan_Carpet_1lev 000010 0065 ranger   000512 16 04 00   193.47074391 596.88530300
Bench_McLachlan_Carpet_1lev 000010 0065 ranger   000512 16 04 01   194.24912996 599.32145500
Bench_McLachlan_Carpet_1lev 000010 0065 ranger   000512 16 04 02   192.97821503 599.02143700
Bench_McLachlan_Carpet_1lev 000010 0065 ranger   001024 16 04 00   195.93050412 596.65328800
Bench_McLachlan_Carpet_1lev 000010 0065 ranger   001024 16 04 01   196.74863610 600.95755800
Bench_McLachlan_Carpet_1lev 000010 0065 ranger   002048 16 04 00   199.97020907 596.94530700
Bench_McLachlan_Carpet_1lev 000010 0065 ranger   004096 16 04 00   204.06178805 620.13075600
Bench_McLachlan_Carpet_1lev 000010 0065 ranger   004096 16 04 01   203.55896895 679.53046800
Bench_McLachlan_Carpet_1lev 000010 0065 ranger   004096 16 04 02   203.89659098 614.04237500
Bench_McLachlan_Carpet_1lev 000010 0065 ranger   008192 16 04 00   209.53715903 624.27101500
Bench_McLachlan_Carpet_1lev 000010 0065 ranger   008192 16 04 01   210.51032997 614.40239700
Bench_McLachlan_Carpet_1lev 000010 0065 ranger   008192 16 04 02   213.06955295 707.53221800
Bench_McLachlan_Carpet_1lev 000010 0080 ranger   000001 01 01 00   128.50195608 127.97999800
Bench_McLachlan_Carpet_1lev 000010 0080 ranger   000002 01 01 00   170.33055712 169.24257700
Bench_McLachlan_Carpet_1lev 000010 0080 ranger   000002 02 01 00   174.30566092 173.31083100
Bench_McLachlan_Carpet_1lev 000010 0080 ranger   000002 02 02 00   142.23531609 282.78967300
Bench_McLachlan_Carpet_1lev 000010 0080 ranger   000004 02 01 00   142.72796196 141.10481900
Bench_McLachlan_Carpet_1lev 000010 0080 ranger   000004 02 02 00   143.94532199 284.17376000
Bench_McLachlan_Carpet_1lev 000010 0080 ranger   000004 04 01 00   152.73467501 151.21745000
Bench_McLachlan_Carpet_1lev 000010 0080 ranger   000004 04 02 00   145.43074602 287.50596800
Bench_McLachlan_Carpet_1lev 000010 0080 ranger   000004 04 04 00   173.36658310 674.53015600
Bench_McLachlan_Carpet_1lev 000010 0080 ranger   000008 01 01 00   161.33355393 159.32595700
Bench_McLachlan_Carpet_1lev 000010 0080 ranger   000008 04 01 00   177.99935504 174.81892600
Bench_McLachlan_Carpet_1lev 000010 0080 ranger   000008 04 04 00   172.36405703 670.28189000
Bench_McLachlan_Carpet_1lev 000010 0080 ranger   000008 08 01 00   182.04982897 178.50315600
Bench_McLachlan_Carpet_1lev 000010 0080 ranger   000008 08 02 00   169.26369111 331.36871000
Bench_McLachlan_Carpet_1lev 000010 0080 ranger   000008 08 04 00   172.50610404 670.02187400
Bench_McLachlan_Carpet_1lev 000010 0080 ranger   000008 08 08 00   387.42437201 1516.83079600
Bench_McLachlan_Carpet_1lev 000010 0080 ranger   000016 01 01 00   172.14832307 170.20663700
Bench_McLachlan_Carpet_1lev 000010 0080 ranger   000016 02 01 00   174.29833390 172.31877000
Bench_McLachlan_Carpet_1lev 000010 0080 ranger   000016 02 02 00   176.50106893 338.61316200
Bench_McLachlan_Carpet_1lev 000010 0080 ranger   000016 08 01 00   195.75885891 193.71210600
Bench_McLachlan_Carpet_1lev 000010 0080 ranger   000016 08 02 00   194.06331607 375.68747900
Bench_McLachlan_Carpet_1lev 000010 0080 ranger   000016 08 04 00   212.46606493 782.08487700
Bench_McLachlan_Carpet_1lev 000010 0080 ranger   000016 08 08 00   371.50834491 1449.08656200
Bench_McLachlan_Carpet_1lev 000010 0080 ranger   000016 16 01 00   209.91467892 207.19694900
Bench_McLachlan_Carpet_1lev 000010 0080 ranger   000016 16 02 00   205.07950790 398.70891800
Bench_McLachlan_Carpet_1lev 000010 0080 ranger   000016 16 04 00   219.23840494 830.41989800
Bench_McLachlan_Carpet_1lev 000010 0080 ranger   000016 16 08 00   369.03660211 1434.57365500
Bench_McLachlan_Carpet_1lev 000010 0080 ranger   000032 02 01 00   182.67216195 180.80330000
Bench_McLachlan_Carpet_1lev 000010 0080 ranger   000032 02 02 00   258.95820509 431.31495600
Bench_McLachlan_Carpet_1lev 000010 0080 ranger   000032 04 01 00   198.35120797 195.06819100
Bench_McLachlan_Carpet_1lev 000010 0080 ranger   000064 04 01 00   200.15881495 196.58428500
Bench_McLachlan_Carpet_1lev 000010 0080 ranger   000064 04 02 00   221.46445101 391.91249300
Bench_McLachlan_Carpet_1lev 000010 0080 ranger   000064 08 04 00   242.90179003 835.41621000
Bench_McLachlan_Carpet_1lev 000010 0080 ranger   000064 08 08 00   432.26642408 1555.38920500
Bench_McLachlan_Carpet_1lev 000010 0080 ranger   000064 16 08 00   435.53331211 1560.14550300
Bench_McLachlan_Carpet_1lev 000010 0080 ranger   000128 08 08 00   472.26309107 1630.07787400
Bench_McLachlan_Carpet_1lev 000010 0080 ranger   000128 16 01 00   230.49698410 227.25820200
Bench_McLachlan_Carpet_1lev 000010 0080 ranger   000128 16 02 00   259.95180497 462.11688100
Bench_McLachlan_Carpet_9lev 000064 0020 ranger   000008 01 01 00   78.16594591 76.87280500
Bench_McLachlan_Carpet_9lev 000064 0020 ranger   000008 04 01 00   84.02619503 82.94518400
Bench_McLachlan_Carpet_9lev 000064 0020 ranger   000008 04 02 00   82.71984899 162.66616600
Bench_McLachlan_Carpet_9lev 000064 0020 ranger   000008 04 04 00   82.24742006 323.49621700
Bench_McLachlan_Carpet_9lev 000064 0020 ranger   000008 08 04 00   81.71868004 321.30808100
Bench_McLachlan_Carpet_9lev 000064 0020 ranger   000008 08 08 00   146.82394191 580.06425200
Bench_McLachlan_Carpet_9lev 000064 0020 ranger   000016 02 01 00   95.31076297 94.93793300
Bench_McLachlan_Carpet_9lev 000064 0020 ranger   000016 02 02 00   108.96079794 211.36521000
Bench_McLachlan_Carpet_9lev 000064 0020 ranger   000016 04 04 00   130.17496097 500.84330000
Bench_McLachlan_Carpet_9lev 000064 0020 ranger   000016 08 01 00   105.08273707 104.71854400
Bench_McLachlan_Carpet_9lev 000064 0020 ranger   000016 08 02 00   114.33063007 221.76585900
Bench_McLachlan_Carpet_9lev 000064 0020 ranger   000016 08 04 00   132.91482593 510.97993500
Bench_McLachlan_Carpet_9lev 000064 0020 ranger   000016 08 08 00   214.17429510 827.12369200
Bench_McLachlan_Carpet_9lev 000064 0020 ranger   000016 16 01 00   118.16954290 117.67535500
Bench_McLachlan_Carpet_9lev 000064 0020 ranger   000016 16 02 00   120.82377504 235.10669300
Bench_McLachlan_Carpet_9lev 000064 0020 ranger   000016 16 04 00   135.42004294 520.83655000
Bench_McLachlan_Carpet_9lev 000064 0020 ranger   000016 16 08 00   198.98904395 776.67253900
Bench_McLachlan_Carpet_9lev 000064 0020 ranger   000016 16 16 00   268.28511105 1053.97786900
Bench_McLachlan_Carpet_9lev 000064 0020 ranger   000032 02 01 00   116.73256991 116.26726600
Bench_McLachlan_Carpet_9lev 000064 0020 ranger   000032 02 02 00   126.23556890 241.36708500
Bench_McLachlan_Carpet_9lev 000064 0020 ranger   000032 04 01 00   124.06274993 123.69173000
Bench_McLachlan_Carpet_9lev 000064 0020 ranger   000032 04 02 00   126.42574892 243.09519300
Bench_McLachlan_Carpet_9lev 000064 0020 ranger   000032 04 04 00   151.93019199 573.39183500
Bench_McLachlan_Carpet_9lev 000064 0020 ranger   000032 08 01 00   121.78468997 120.50753100
Bench_McLachlan_Carpet_9lev 000064 0020 ranger   000032 08 02 00   133.67674391 256.04800200
Bench_McLachlan_Carpet_9lev 000064 0020 ranger   000032 08 04 00   153.54440312 585.52059300
Bench_McLachlan_Carpet_9lev 000064 0020 ranger   000032 08 08 00   311.76186502 1140.95130500
Bench_McLachlan_Carpet_9lev 000064 0020 ranger   000032 16 01 00   136.82004294 136.21651300
Bench_McLachlan_Carpet_9lev 000064 0020 ranger   000032 16 16 00   437.34140003 1640.99455600
Bench_McLachlan_Carpet_9lev 000064 0020 ranger   000064 04 01 00   142.37828102 141.27282900
Bench_McLachlan_Carpet_9lev 000064 0020 ranger   000064 04 02 00   150.90971610 286.93393300
Bench_McLachlan_Carpet_9lev 000064 0020 ranger   000064 16 01 00   157.63062489 157.18982300
Bench_McLachlan_Carpet_9lev 000064 0020 ranger   000064 16 02 00   171.49699401 326.75642100
Bench_McLachlan_Carpet_9lev 000064 0020 ranger   000064 16 04 00   179.95497803 680.61853600
Bench_McLachlan_Carpet_9lev 000064 0020 ranger   000064 16 08 00   545.12531101 1780.85129600
Bench_McLachlan_Carpet_9lev 000064 0020 ranger   000064 16 16 00   668.84726404 2273.71809800
Bench_McLachlan_Carpet_9lev 000064 0020 ranger   000128 08 01 00   141.41835300 141.11281900
Bench_McLachlan_Carpet_9lev 000064 0020 ranger   000128 08 02 00   167.20893107 310.53140700
Bench_McLachlan_Carpet_9lev 000064 0020 ranger   000128 08 04 00   185.67277398 673.05406300
Bench_McLachlan_Carpet_9lev 000064 0020 ranger   000128 08 08 00   703.35587891 2016.65403300
Bench_McLachlan_Carpet_9lev 000064 0020 ranger   000128 16 08 00   709.51801789 2053.24432000
Bench_McLachlan_Carpet_9lev 000064 0020 ranger   000256 16 01 00   166.63661202 165.99837400
Bench_McLachlan_Carpet_9lev 000064 0025 ranger   000008 01 01 00   115.36703505 113.99512500
Bench_McLachlan_Carpet_9lev 000064 0025 ranger   000008 02 01 00   117.00203006 115.70723100
Bench_McLachlan_Carpet_9lev 000064 0025 ranger   000008 02 02 00   126.22078599 248.05550200
Bench_McLachlan_Carpet_9lev 000064 0025 ranger   000016 02 01 00   143.50158490 143.02093800
Bench_McLachlan_Carpet_9lev 000064 0025 ranger   000016 02 02 00   172.33395610 331.69672900
Bench_McLachlan_Carpet_9lev 000064 0025 ranger   000016 04 01 00   153.06775304 152.30551800
Bench_McLachlan_Carpet_9lev 000064 0025 ranger   000016 04 02 00   172.20565705 331.17269700
Bench_McLachlan_Carpet_9lev 000064 0025 ranger   000016 04 04 00   244.73074307 927.54596800
Bench_McLachlan_Carpet_9lev 000064 0025 ranger   000016 08 04 00   248.70978800 941.07481400
Bench_McLachlan_Carpet_9lev 000064 0025 ranger   000016 08 08 00   328.35571189 1258.43464700
Bench_McLachlan_Carpet_9lev 000064 0025 ranger   000016 16 01 00   182.20122002 181.32733200
Bench_McLachlan_Carpet_9lev 000064 0025 ranger   000016 16 02 00   195.61053911 377.95962100
Bench_McLachlan_Carpet_9lev 000064 0025 ranger   000016 16 04 00   256.76788690 972.70479000
Bench_McLachlan_Carpet_9lev 000064 0025 ranger   000016 16 04 01   257.78612395 974.72091700
Bench_McLachlan_Carpet_9lev 000064 0025 ranger   000016 16 04 02   257.63475594 975.26095000
Bench_McLachlan_Carpet_9lev 000064 0025 ranger   000016 16 08 00   353.13484693 1349.92836500
Bench_McLachlan_Carpet_9lev 000064 0025 ranger   000016 16 16 00   509.79399294 1984.89604900
Bench_McLachlan_Carpet_9lev 000064 0025 ranger   000032 02 02 00   198.35474107 373.41133600
Bench_McLachlan_Carpet_9lev 000064 0025 ranger   000032 04 01 00   178.38318808 176.87905400
Bench_McLachlan_Carpet_9lev 000064 0025 ranger   000032 04 04 00   271.46504693 1010.19913400
Bench_McLachlan_Carpet_9lev 000064 0025 ranger   000032 08 01 00   179.87835690 178.25914100
Bench_McLachlan_Carpet_9lev 000064 0025 ranger   000032 16 01 00   208.27209492 207.50496800
Bench_McLachlan_Carpet_9lev 000064 0025 ranger   000032 16 02 00   225.34039211 424.28251600
Bench_McLachlan_Carpet_9lev 000064 0025 ranger   000032 16 04 00   286.12344208 1060.88230100
Bench_McLachlan_Carpet_9lev 000064 0025 ranger   000032 16 04 01   284.64863309 1056.15400500
Bench_McLachlan_Carpet_9lev 000064 0025 ranger   000032 16 04 02   286.33593699 1063.40245800
Bench_McLachlan_Carpet_9lev 000064 0025 ranger   000032 16 08 00   482.57239210 1741.78085500
Bench_McLachlan_Carpet_9lev 000064 0025 ranger   000064 04 01 00   235.07863393 233.34658300
Bench_McLachlan_Carpet_9lev 000064 0025 ranger   000064 16 04 01   280.62907611 1046.92542800
Bench_McLachlan_Carpet_9lev 000064 0025 ranger   000064 16 04 02   281.58249406 1052.06175000
Bench_McLachlan_Carpet_9lev 000064 0025 ranger   000128 16 04 01   312.13322100 1086.45589900
Bench_McLachlan_Carpet_9lev 000064 0025 ranger   000128 16 04 02   312.20404605 1083.85173700
Bench_McLachlan_Carpet_9lev 000064 0025 ranger   000256 16 04 01   359.00587710 1215.48796300
Bench_McLachlan_Carpet_9lev 000064 0025 ranger   000256 16 04 02   395.08505899 1311.77798100
Bench_McLachlan_Carpet_9lev 000064 0025 ranger   000512 16 04 00   391.68890301 1263.37095500
Bench_McLachlan_Carpet_9lev 000064 0025 ranger   000512 16 04 01   397.46514600 1287.26044900
Bench_McLachlan_Carpet_9lev 000064 0025 ranger   000512 16 04 02   404.00121306 1298.71716500
Bench_McLachlan_Carpet_9lev 000064 0025 ranger   001024 16 04 00   395.76760811 1294.20088200
Bench_McLachlan_Carpet_9lev 000064 0025 ranger   001024 16 04 01   410.77356692 1359.58096900
Bench_McLachlan_Carpet_9lev 000064 0025 ranger   001024 16 04 02   404.25559795 1312.98205600
Bench_McLachlan_Carpet_9lev 000064 0025 ranger   002048 16 04 00   417.22062903 1340.95980500
Bench_McLachlan_Carpet_9lev 000064 0025 ranger   002048 16 04 01   415.96150608 1331.27920000
Bench_McLachlan_Carpet_9lev 000064 0025 ranger   002048 16 04 02   419.58647410 1345.30807700
Bench_McLachlan_Carpet_9lev 000064 0025 ranger   004096 16 04 00   485.89635398 1410.29213800
Bench_McLachlan_Carpet_9lev 000064 0025 ranger   004096 16 04 01   487.93309798 1420.91680200
Bench_McLachlan_Carpet_9lev 000064 0025 ranger   004096 16 04 02   494.22711696 1422.82092000
Bench_McLachlan_Carpet_9lev 000064 0025 ranger   008192 16 04 00   782.57155704 1750.96942900
Bench_McLachlan_Carpet_9lev 000064 0025 ranger   008192 16 04 02   770.93800892 1735.25244600
Bench_McLachlan_Carpet_9lev 000064 0030 ranger   000008 04 01 00   189.18558202 185.71560700
Bench_McLachlan_Carpet_9lev 000064 0030 ranger   000008 04 02 00   276.81167192 545.45408900
Bench_McLachlan_Carpet_9lev 000064 0030 ranger   000008 04 04 00   294.17792298 1142.25938700
Bench_McLachlan_Carpet_9lev 000064 0030 ranger   000008 08 01 00   201.80412706 198.60841300
Bench_McLachlan_Carpet_9lev 000064 0030 ranger   000008 08 02 00   293.79924099 578.58816000
Bench_McLachlan_Carpet_9lev 000064 0030 ranger   000008 08 04 00   292.85230698 1140.43927300
Bench_McLachlan_Carpet_9lev 000064 0030 ranger   000008 08 08 00   409.51807094 1601.69209900
Bench_McLachlan_Carpet_9lev 000064 0030 ranger   000016 08 01 00   236.32528797 234.43865100
Bench_McLachlan_Carpet_9lev 000064 0030 ranger   000016 08 02 00   351.88129497 675.89024000
Bench_McLachlan_Carpet_9lev 000064 0030 ranger   000016 08 04 00   375.87730609 1395.17119300
Bench_McLachlan_Carpet_9lev 000064 0030 ranger   000016 08 08 00   536.65712506 2044.95580200
Bench_McLachlan_Carpet_9lev 000064 0030 ranger   000016 16 01 00   278.12361795 272.69704200
Bench_McLachlan_Carpet_9lev 000064 0030 ranger   000016 16 02 00   358.39395911 693.22332400
Bench_McLachlan_Carpet_9lev 000064 0030 ranger   000016 16 04 00   399.11384104 1487.22494600
Bench_McLachlan_Carpet_9lev 000064 0030 ranger   000016 16 08 00   536.76269500 2048.49602300
Bench_McLachlan_Carpet_9lev 000064 0030 ranger   000032 02 02 00   352.87939805 669.04181200
Bench_McLachlan_Carpet_9lev 000064 0030 ranger   000064 04 01 00   346.98470492 343.25745200
Bench_McLachlan_Carpet_9lev 000064 0030 ranger   000064 04 02 00   407.55175100 760.47952700
Bench_McLachlan_Carpet_9lev 000064 0030 ranger   000064 04 04 00   409.72961793 1477.54034100
Bench_McLachlan_Carpet_9lev 000064 0030 ranger   000064 08 01 00   374.26404400 370.05512700
Bench_McLachlan_Carpet_9lev 000064 0030 ranger   000128 08 01 00   374.13870691 369.71510600
Bench_McLachlan_Carpet_9lev 000064 0030 ranger   000128 08 02 00   432.73596195 789.48534000
Bench_McLachlan_Carpet_9lev 000064 0030 ranger   000128 08 04 00   428.45524091 1503.20594500
Bench_McLachlan_Carpet_9lev 000064 0030 ranger   000128 08 08 00   1152.45225910 3485.60583700
Bench_McLachlan_Carpet_9lev 000064 0030 ranger   000128 16 01 00   389.83130296 387.46421500
Bench_McLachlan_Carpet_9lev 000064 0030 ranger   000128 16 02 00   452.34565304 825.77560800
Bench_McLachlan_Carpet_9lev 000064 0030 ranger   000128 16 04 00   447.76624206 1556.46127300
Bench_McLachlan_Carpet_9lev 000064 0030 ranger   000256 16 01 00   379.69651092 377.59959800
Bench_McLachlan_Carpet_9lev 000064 0030 ranger   000256 16 02 00   457.91388090 835.18419600
Bench_McLachlan_PUGH 000010 0020 ranger   000001 01 01 00   4.57816300 4.43227700
Bench_McLachlan_PUGH 000010 0020 ranger   000002 01 01 00   4.64898103 4.55628500
Bench_McLachlan_PUGH 000010 0020 ranger   000002 02 01 00   4.87477406 4.55228400
Bench_McLachlan_PUGH 000010 0020 ranger   000002 02 02 00   3.53824891 6.52840800
Bench_McLachlan_PUGH 000010 0020 ranger   000004 02 01 00   5.02514707 4.92430800
Bench_McLachlan_PUGH 000010 0020 ranger   000004 02 02 00   3.69787891 7.02443900
Bench_McLachlan_PUGH 000010 0020 ranger   000004 04 02 00   3.81422989 6.96843600
Bench_McLachlan_PUGH 000010 0020 ranger   000004 04 04 00   3.39057399 12.37277300
Bench_McLachlan_PUGH 000010 0020 ranger   000008 04 01 00   6.02261312 5.83636500
Bench_McLachlan_PUGH 000010 0020 ranger   000008 04 02 00   4.09560193 7.74048400
Bench_McLachlan_PUGH 000010 0020 ranger   000008 04 04 00   3.78918307 14.00887500
Bench_McLachlan_PUGH 000010 0020 ranger   000008 08 01 00   6.21873395 6.05237800
Bench_McLachlan_PUGH 000010 0020 ranger   000008 08 02 00   4.24675511 8.00450000
Bench_McLachlan_PUGH 000010 0020 ranger   000008 08 04 00   3.82942800 13.90886900
Bench_McLachlan_PUGH 000010 0020 ranger   000008 08 08 00   7.04400991 26.55766000
Bench_McLachlan_PUGH 000010 0020 ranger   000016 01 01 00   6.21610296 6.14438400
Bench_McLachlan_PUGH 000010 0020 ranger   000016 08 01 00   6.47148092 6.33639600
Bench_McLachlan_PUGH 000010 0020 ranger   000016 08 02 00   5.60173804 10.63266500
Bench_McLachlan_PUGH 000010 0020 ranger   000016 08 04 00   4.46816304 14.93293300
Bench_McLachlan_PUGH 000010 0020 ranger   000016 16 01 00   7.00828693 6.85242900
Bench_McLachlan_PUGH 000010 0020 ranger   000016 16 02 00   6.04811601 11.42871400
Bench_McLachlan_PUGH 000010 0020 ranger   000016 16 04 00   4.23980593 15.74898500
Bench_McLachlan_PUGH 000010 0020 ranger   000032 02 01 00   6.53477789 6.40840000
Bench_McLachlan_PUGH 000010 0020 ranger   000032 02 02 00   5.72599110 10.84467800
Bench_McLachlan_PUGH 000010 0020 ranger   000032 04 02 00   6.00997499 11.24070300
Bench_McLachlan_PUGH 000010 0020 ranger   000032 04 04 00   6.28316010 22.96143500
Bench_McLachlan_PUGH 000010 0020 ranger   000064 04 02 00   6.22623702 11.81673900
Bench_McLachlan_PUGH 000010 0020 ranger   000064 04 04 00   7.22048702 24.09350600
Bench_McLachlan_PUGH 000010 0020 ranger   000064 08 01 00   8.55611609 8.42452700
Bench_McLachlan_PUGH 000010 0020 ranger   000064 16 02 00   7.34691109 13.81286300
Bench_McLachlan_PUGH 000010 0020 ranger   000064 16 04 00   7.98740394 28.26976700
Bench_McLachlan_PUGH 000010 0020 ranger   000064 16 08 00   18.90202388 61.76786100
Bench_McLachlan_PUGH 000010 0020 ranger   000064 16 16 00   21.51323704 77.84886500
Bench_McLachlan_PUGH 000010 0020 ranger   000128 08 01 00   12.49499799 8.80055000
Bench_McLachlan_PUGH 000010 0020 ranger   000128 08 04 00   7.95605304 27.78973700
Bench_McLachlan_PUGH 000010 0020 ranger   000128 08 08 00   16.73451602 56.69154300
Bench_McLachlan_PUGH 000010 0020 ranger   000128 16 01 00   9.48478692 9.19657400
Bench_McLachlan_PUGH 000010 0020 ranger   000128 16 02 00   9.24400691 16.91705700
Bench_McLachlan_PUGH 000010 0020 ranger   000128 16 04 00   8.45906609 30.48990600
Bench_McLachlan_PUGH 000010 0025 ranger   000001 01 01 00   5.75259901 5.63235200
Bench_McLachlan_PUGH 000010 0025 ranger   000002 02 01 00   6.19232797 6.09238100
Bench_McLachlan_PUGH 000010 0025 ranger   000002 02 02 00   5.06375204 9.69260600
Bench_McLachlan_PUGH 000010 0025 ranger   000004 01 01 00   8.27227004 6.49640600
Bench_McLachlan_PUGH 000010 0025 ranger   000004 04 01 00   6.86427505 6.70842000
Bench_McLachlan_PUGH 000010 0025 ranger   000004 04 02 00   5.33723791 10.19263700
Bench_McLachlan_PUGH 000010 0025 ranger   000004 04 04 00   5.94412397 21.95337200
Bench_McLachlan_PUGH 000010 0025 ranger   000008 02 01 00   7.78155199 7.70048200
Bench_McLachlan_PUGH 000010 0025 ranger   000008 02 02 00   6.22566804 11.92474500
Bench_McLachlan_PUGH 000010 0025 ranger   000008 04 01 00   8.18685101 7.92449600
Bench_McLachlan_PUGH 000010 0025 ranger   000008 04 02 00   6.20237108 11.90074400
Bench_McLachlan_PUGH 000010 0025 ranger   000008 04 04 00   5.50001503 20.69329400
Bench_McLachlan_PUGH 000010 0025 ranger   000008 08 01 00   8.28263906 8.16451000
Bench_McLachlan_PUGH 000010 0025 ranger   000008 08 02 00   6.37962292 12.26076600
Bench_McLachlan_PUGH 000010 0025 ranger   000008 08 04 00   5.59027501 21.20132500
Bench_McLachlan_PUGH 000010 0025 ranger   000008 08 08 00   11.80352090 44.90680600
Bench_McLachlan_PUGH 000010 0025 ranger   000016 02 02 00   7.68430792 14.72892000
Bench_McLachlan_PUGH 000010 0025 ranger   000016 04 01 00   8.98445288 8.67654200
Bench_McLachlan_PUGH 000010 0025 ranger   000016 04 02 00   7.86153003 15.07294200
Bench_McLachlan_PUGH 000010 0025 ranger   000016 04 04 00   6.24061400 23.27745500
Bench_McLachlan_PUGH 000010 0025 ranger   000016 08 01 00   9.02756993 8.80455000
Bench_McLachlan_PUGH 000010 0025 ranger   000016 08 02 00   8.19945101 15.64097700
Bench_McLachlan_PUGH 000010 0025 ranger   000016 08 04 00   6.22150703 23.65347800
Bench_McLachlan_PUGH 000010 0025 ranger   000016 16 01 00   10.14655592 9.93662100
Bench_McLachlan_PUGH 000010 0025 ranger   000016 16 02 00   9.05173907 17.39308700
Bench_McLachlan_PUGH 000010 0025 ranger   000016 16 04 00   6.68932210 24.90555600
Bench_McLachlan_PUGH 000010 0025 ranger   000016 16 08 00   13.49214510 50.77117300
Bench_McLachlan_PUGH 000010 0025 ranger   000016 16 16 00   33.61404612 130.85617800
Bench_McLachlan_PUGH 000010 0025 ranger   000032 04 01 00   9.39769592 9.22857700
Bench_McLachlan_PUGH 000010 0025 ranger   000032 04 02 00   8.17691891 15.52497000
Bench_McLachlan_PUGH 000010 0025 ranger   000032 04 04 00   9.64458796 36.45427800
Bench_McLachlan_PUGH 000010 0025 ranger   000064 04 04 00   10.48376797 38.13838300
Bench_McLachlan_PUGH 000010 0025 ranger   000064 08 01 00   12.66445605 12.49278100
Bench_McLachlan_PUGH 000010 0025 ranger   000064 08 02 00   9.84342712 18.71316900
Bench_McLachlan_PUGH 000010 0025 ranger   000064 08 04 00   11.06322797 39.54647200
Bench_McLachlan_PUGH 000010 0025 ranger   000064 08 08 00   25.94053388 86.72542000
Bench_McLachlan_PUGH 000010 0025 ranger   000064 16 02 00   10.42933507 19.80523800
Bench_McLachlan_PUGH 000010 0025 ranger   000128 08 02 00   13.79033403 25.39358700
Bench_McLachlan_PUGH 000010 0025 ranger   000128 16 01 00   14.45394194 14.06087900
Bench_McLachlan_PUGH 000010 0025 ranger   000128 16 08 00   25.94698790 86.93343300
Bench_McLachlan_PUGH 000010 0025 ranger   000128 16 16 00   61.55142706 193.90811800
Bench_McLachlan_PUGH 000010 0030 ranger   000001 01 01 00   10.61301997 10.48065500
Bench_McLachlan_PUGH 000010 0030 ranger   000002 01 01 00   9.45331806 9.34058400
Bench_McLachlan_PUGH 000010 0030 ranger   000002 02 01 00   9.39105206 9.29258100
Bench_McLachlan_PUGH 000010 0030 ranger   000002 02 02 00   10.94550288 21.31333200
Bench_McLachlan_PUGH 000010 0030 ranger   000004 01 01 00   9.09525905 8.90055600
Bench_McLachlan_PUGH 000010 0030 ranger   000004 02 01 00   9.03282009 8.89655600
Bench_McLachlan_PUGH 000010 0030 ranger   000004 02 02 00   8.90532894 17.27308000
Bench_McLachlan_PUGH 000010 0030 ranger   000004 04 01 00   9.30526208 9.12457000
Bench_McLachlan_PUGH 000010 0030 ranger   000004 04 02 00   8.85644401 17.27708000
Bench_McLachlan_PUGH 000010 0030 ranger   000004 04 04 00   12.17869088 47.20695100
Bench_McLachlan_PUGH 000010 0030 ranger   000008 04 01 00   11.36466693 11.10069400
Bench_McLachlan_PUGH 000010 0030 ranger   000008 04 02 00   8.57390710 16.63704000
Bench_McLachlan_PUGH 000010 0030 ranger   000008 08 01 00   11.68202491 11.50071900
Bench_McLachlan_PUGH 000010 0030 ranger   000008 08 02 00   8.89402691 17.17707300
Bench_McLachlan_PUGH 000010 0030 ranger   000008 08 04 00   10.97666508 42.54265800
Bench_McLachlan_PUGH 000010 0030 ranger   000008 08 08 00   36.60515100 141.91687000
Bench_McLachlan_PUGH 000010 0030 ranger   000016 02 02 00   10.75607704 20.69329400
Bench_McLachlan_PUGH 000010 0030 ranger   000016 04 01 00   12.18852303 11.90474400
Bench_McLachlan_PUGH 000010 0030 ranger   000016 04 02 00   11.16801399 21.34533400
Bench_McLachlan_PUGH 000010 0030 ranger   000016 04 04 00   9.90440402 38.03437700
Bench_McLachlan_PUGH 000010 0030 ranger   000016 08 02 00   11.63097894 22.42940200
Bench_McLachlan_PUGH 000010 0030 ranger   000016 08 04 00   9.97567897 37.79836300
Bench_McLachlan_PUGH 000010 0030 ranger   000016 08 08 00   37.67933404 143.31695700
Bench_McLachlan_PUGH 000010 0030 ranger   000016 16 01 00   14.28367310 14.12088200
Bench_McLachlan_PUGH 000010 0030 ranger   000016 16 02 00   13.38748193 25.84561500
Bench_McLachlan_PUGH 000010 0030 ranger   000032 04 02 00   11.82184189 22.78942400
Bench_McLachlan_PUGH 000010 0030 ranger   000032 16 01 00   15.98694496 15.66897900
Bench_McLachlan_PUGH 000010 0030 ranger   000032 16 02 00   15.46381001 29.14582200
Bench_McLachlan_PUGH 000010 0030 ranger   000032 16 04 00   16.22086903 60.46377900
Bench_McLachlan_PUGH 000010 0030 ranger   000032 16 08 00   32.31220107 120.25551500
Bench_McLachlan_PUGH 000010 0030 ranger   000032 16 16 00   52.51875708 202.01262500
Bench_McLachlan_PUGH 000010 0030 ranger   000064 04 02 00   12.85275502 24.28551800
Bench_McLachlan_PUGH 000010 0030 ranger   000064 16 02 00   15.79399291 29.84186500
Bench_McLachlan_PUGH 000010 0030 ranger   000064 16 04 00   16.98166699 63.51196900
Bench_McLachlan_PUGH 000010 0030 ranger   000064 16 08 00   43.69830889 151.28545500
Bench_McLachlan_PUGH 000010 0030 ranger   000064 16 16 00   59.58553011 213.44133900
Bench_McLachlan_PUGH 000010 0030 ranger   000128 16 01 00   22.39630489 22.01737600
Bench_McLachlan_PUGH 000010 0030 ranger   000128 16 02 00   18.93136898 35.76223500
Bench_McLachlan_PUGH 000010 0030 ranger   000128 16 04 00   17.78859693 67.23220200
Bench_McLachlan_PUGH 000010 0040 ranger   000001 01 01 00   14.04163003 13.86486600
Bench_McLachlan_PUGH 000010 0040 ranger   000008 01 01 00   18.67999411 18.51315700
Bench_McLachlan_PUGH 000010 0040 ranger   000008 04 01 00   20.42586797 20.09325500
Bench_McLachlan_PUGH 000010 0040 ranger   000008 04 02 00   17.84764511 35.04619000
Bench_McLachlan_PUGH 000010 0040 ranger   000016 02 01 00   20.79318507 20.56928500
Bench_McLachlan_PUGH 000010 0040 ranger   000016 08 08 00   56.54338703 212.84530200
Bench_McLachlan_PUGH 000010 0040 ranger   000032 02 01 00   21.76909512 21.54134600
Bench_McLachlan_PUGH 000010 0040 ranger   000032 02 02 00   22.64783991 43.48671700
Bench_McLachlan_PUGH 000010 0040 ranger   000032 16 01 00   30.42056110 29.72585700
Bench_McLachlan_PUGH 000010 0040 ranger   000032 16 02 00   29.08515994 55.68348000
Bench_McLachlan_PUGH 000010 0040 ranger   000032 16 04 00   39.10510290 146.39314900
Bench_McLachlan_PUGH 000010 0040 ranger   000032 16 08 00   61.73597788 230.87042800
Bench_McLachlan_PUGH 000010 0040 ranger   000032 16 16 00   93.47636105 360.67454100
Bench_McLachlan_PUGH 000010 0040 ranger   000064 04 01 00   25.11207000 24.67354200
Bench_McLachlan_PUGH 000010 0040 ranger   000064 08 04 00   37.31521600 138.76467200
Bench_McLachlan_PUGH 000010 0040 ranger   000064 08 08 00   77.83291305 269.42883800
Bench_McLachlan_PUGH 000010 0040 ranger   000064 16 04 00   40.44819694 150.44140200
Bench_McLachlan_PUGH 000010 0040 ranger   000064 16 08 00   79.37616407 270.30489300
Bench_McLachlan_PUGH 000010 0040 ranger   000064 16 16 00   115.97981595 428.91480600
Bench_McLachlan_PUGH 000010 0040 ranger   000128 08 02 00   32.37906411 60.11975700
Bench_McLachlan_PUGH 000010 0040 ranger   000128 08 04 00   37.48479806 139.56872300
Bench_McLachlan_PUGH 000010 0040 ranger   000128 08 08 00   93.39429695 296.45052700
Bench_McLachlan_PUGH 000010 0040 ranger   000128 16 02 00   37.33579091 68.24426500
Bench_McLachlan_PUGH 000010 0040 ranger   000128 16 04 00   41.68544099 152.86955400
Bench_McLachlan_PUGH 000010 0040 ranger   000128 16 08 00   92.14250400 299.08669200
Bench_McLachlan_PUGH 000010 0040 ranger   000128 16 16 00   162.38589899 547.21419900
Bench_McLachlan_PUGH 000010 0040 ranger   000256 16 01 00   37.08076811 36.80630000
Bench_McLachlan_PUGH 000010 0040 ranger   000256 16 02 00   37.86173109 68.19626200
Bench_McLachlan_PUGH 000010 0050 ranger   000001 01 01 00   26.07877905 25.89361800
Bench_McLachlan_PUGH 000010 0050 ranger   000002 02 02 00   37.80768092 74.70466900
Bench_McLachlan_PUGH 000010 0050 ranger   000004 01 01 00   30.20732505 29.88586700
Bench_McLachlan_PUGH 000010 0050 ranger   000004 04 01 00   31.65164501 31.33395800
Bench_McLachlan_PUGH 000010 0050 ranger   000004 04 02 00   46.31072191 91.75773500
Bench_McLachlan_PUGH 000010 0050 ranger   000004 04 04 00   39.18181596 154.75767200
Bench_McLachlan_PUGH 000010 0050 ranger   000008 01 01 00   33.89271910 33.61410000
Bench_McLachlan_PUGH 000010 0050 ranger   000008 02 01 00   34.25926904 33.97812400
Bench_McLachlan_PUGH 000010 0050 ranger   000008 02 02 00   41.21692504 81.40908800
Bench_McLachlan_PUGH 000010 0050 ranger   000008 08 01 00   39.80332907 39.33445900
Bench_McLachlan_PUGH 000010 0050 ranger   000016 01 01 00   36.20417496 35.93824600
Bench_McLachlan_PUGH 000010 0050 ranger   000016 02 01 00   37.32158293 37.08631700
Bench_McLachlan_PUGH 000010 0050 ranger   000016 04 01 00   40.70880806 40.32652000
Bench_McLachlan_PUGH 000010 0050 ranger   000016 04 02 00   51.59065495 100.81030100
Bench_McLachlan_PUGH 000010 0050 ranger   000016 04 04 00   47.21446708 184.35952200
Bench_McLachlan_PUGH 000010 0050 ranger   000016 08 08 00   137.18645188 531.31320500
Bench_McLachlan_PUGH 000010 0050 ranger   000016 16 01 00   49.18663601 48.69104300
Bench_McLachlan_PUGH 000010 0050 ranger   000016 16 02 00   62.89615704 121.55959700
Bench_McLachlan_PUGH 000010 0050 ranger   000016 16 04 00   50.82324402 198.64041500
Bench_McLachlan_PUGH 000010 0050 ranger   000032 02 01 00   39.13778092 38.90643100
Bench_McLachlan_PUGH 000010 0050 ranger   000032 02 02 00   56.98554394 109.39883700
Bench_McLachlan_PUGH 000010 0050 ranger   000032 04 04 00   60.53883095 230.00237400
Bench_McLachlan_PUGH 000010 0050 ranger   000032 16 01 00   53.32806811 52.97531100
Bench_McLachlan_PUGH 000010 0050 ranger   000032 16 02 00   68.65306303 130.91218200
Bench_McLachlan_PUGH 000010 0050 ranger   000032 16 04 00   72.29516989 259.83223800
Bench_McLachlan_PUGH 000010 0050 ranger   000032 16 08 00   93.86499512 358.72241900
Bench_McLachlan_PUGH 000010 0050 ranger   000032 16 16 00   182.40252010 696.73954300
Bench_McLachlan_PUGH 000010 0050 ranger   000064 04 04 00   67.17531203 241.64710200
Bench_McLachlan_PUGH 000010 0050 ranger   000064 08 01 00   49.64451701 49.31108200
Bench_McLachlan_PUGH 000010 0050 ranger   000064 16 04 00   80.71682897 270.04887700
Bench_McLachlan_PUGH 000010 0050 ranger   000064 16 08 00   123.48495405 429.76685900
Bench_McLachlan_PUGH 000010 0050 ranger   000064 16 16 00   208.14576004 768.85605100
Bench_McLachlan_PUGH 000010 0050 ranger   000128 08 01 00   50.77149804 50.09113100
Bench_McLachlan_PUGH 000010 0050 ranger   000128 08 04 00   72.11988102 251.26770300
Bench_McLachlan_PUGH 000010 0050 ranger   000128 16 08 00   134.29241900 447.19194800
Bench_McLachlan_PUGH 000010 0065 ranger   000001 01 01 00   85.63958198 83.81723800
Bench_McLachlan_PUGH 000010 0065 ranger   000002 02 01 00   76.42913005 75.99675000
Bench_McLachlan_PUGH 000010 0065 ranger   000002 02 02 00   75.68033689 149.94937200
Bench_McLachlan_PUGH 000010 0065 ranger   000004 01 01 00   100.07479506 99.66622900
Bench_McLachlan_PUGH 000010 0065 ranger   000004 04 01 00   110.37160207 109.75486000
Bench_McLachlan_PUGH 000010 0065 ranger   000004 04 02 00   80.30982092 158.69391800
Bench_McLachlan_PUGH 000010 0065 ranger   000004 04 04 00   94.45734000 373.43533800
Bench_McLachlan_PUGH 000010 0065 ranger   000008 01 01 00   92.60131808 92.18976100
Bench_McLachlan_PUGH 000010 0065 ranger   000008 02 01 00   93.65210498 93.19782400
Bench_McLachlan_PUGH 000010 0065 ranger   000008 02 02 00   94.15242507 186.66366500
Bench_McLachlan_PUGH 000010 0065 ranger   000008 08 01 00   107.36476692 106.75067200
Bench_McLachlan_PUGH 000010 0065 ranger   000008 08 02 00   103.73058994 205.30083100
Bench_McLachlan_PUGH 000010 0065 ranger   000008 08 04 00   93.49175898 368.41902500
Bench_McLachlan_PUGH 000010 0065 ranger   000008 08 08 00   209.53736793 807.19844700
Bench_McLachlan_PUGH 000010 0065 ranger   000016 02 01 00   94.17176997 93.71785700
Bench_McLachlan_PUGH 000010 0065 ranger   000016 04 01 00   104.70024210 103.51847000
Bench_McLachlan_PUGH 000010 0065 ranger   000016 04 02 00   99.00687605 190.83592600
Bench_McLachlan_PUGH 000010 0065 ranger   000016 04 04 00   96.38722998 376.71154300
Bench_McLachlan_PUGH 000010 0065 ranger   000016 16 01 00   121.95116508 121.05156500
Bench_McLachlan_PUGH 000010 0065 ranger   000016 16 02 00   118.56852196 228.05425200
Bench_McLachlan_PUGH 000010 0065 ranger   000016 16 04 00   105.24986896 411.00968700
Bench_McLachlan_PUGH 000010 0065 ranger   000016 16 04 01   105.78475807 411.98974800
Bench_McLachlan_PUGH 000010 0065 ranger   000016 16 04 02   104.18407995 405.44933900
Bench_McLachlan_PUGH 000010 0065 ranger   000016 16 08 00   206.69395300 799.22994900
Bench_McLachlan_PUGH 000010 0065 ranger   000016 16 16 00   376.37908700 1431.56146700
Bench_McLachlan_PUGH 000010 0065 ranger   000032 04 04 00   124.31084290 456.78054700
Bench_McLachlan_PUGH 000010 0065 ranger   000032 16 04 01   143.41347097 500.19926000
Bench_McLachlan_PUGH 000010 0065 ranger   000032 16 04 02   144.06665191 506.72366800
Bench_McLachlan_PUGH 000010 0065 ranger   000032 16 08 00   204.31205712 774.79242200
Bench_McLachlan_PUGH 000010 0065 ranger   000032 16 16 00   386.59613898 1460.62328300
Bench_McLachlan_PUGH 000010 0065 ranger   000064 04 02 00   112.69125291 209.14107100
Bench_McLachlan_PUGH 000010 0065 ranger   000064 04 04 00   126.31919790 461.96087100
Bench_McLachlan_PUGH 000010 0065 ranger   000064 16 04 00   151.68984411 513.51209300
Bench_McLachlan_PUGH 000010 0065 ranger   000064 16 04 01   150.43053711 509.11181800
Bench_McLachlan_PUGH 000010 0065 ranger   000064 16 08 00   256.46680896 896.46402500
Bench_McLachlan_PUGH 000010 0065 ranger   000064 16 16 00   417.79038707 1515.00668200
Bench_McLachlan_PUGH 000010 0065 ranger   000128 16 04 02   151.96585411 515.79623500
Bench_McLachlan_PUGH 000010 0065 ranger   000128 16 08 00   272.66615589 894.65191300
Bench_McLachlan_PUGH 000010 0065 ranger   000128 16 16 00   498.92046006 1664.71203800
Bench_McLachlan_PUGH 000010 0065 ranger   000256 16 04 01   168.93237691 529.33308100
Bench_McLachlan_PUGH 000010 0065 ranger   000512 16 04 00   170.64394305 533.07331500
Bench_McLachlan_PUGH 000010 0065 ranger   000512 16 04 01   170.59218993 526.69291700
Bench_McLachlan_PUGH 000010 0065 ranger   001024 16 04 00   171.64907408 532.76929600
Bench_McLachlan_PUGH 000010 0065 ranger   001024 16 04 01   170.86798293 534.24938800
Bench_McLachlan_PUGH 000010 0065 ranger   002048 16 04 00   181.84257304 543.69397900
Bench_McLachlan_PUGH 000010 0065 ranger   004096 16 04 00   191.39385308 555.14669500
Bench_McLachlan_PUGH 000010 0065 ranger   004096 16 04 02   293.74348691 646.17638400
Bench_McLachlan_PUGH 000010 0065 ranger   008192 16 04 00   194.88631407 546.07412700
Bench_McLachlan_PUGH 000010 0065 ranger   008192 16 04 02   186.13165504 550.34239400
Bench_McLachlan_PUGH 000010 0080 ranger   000001 01 01 00   128.22813600 127.61597600
Bench_McLachlan_PUGH 000010 0080 ranger   000002 01 01 00   177.27361605 176.63503900
Bench_McLachlan_PUGH 000010 0080 ranger   000002 02 01 00   177.82258494 177.18307300
Bench_McLachlan_PUGH 000010 0080 ranger   000002 02 02 00   151.10027196 299.85073900
Bench_McLachlan_PUGH 000010 0080 ranger   000004 01 01 00   140.44092909 139.76073500
Bench_McLachlan_PUGH 000010 0080 ranger   000004 02 01 00   141.99255295 141.36883500
Bench_McLachlan_PUGH 000010 0080 ranger   000004 02 02 00   141.16218502 279.66947800
Bench_McLachlan_PUGH 000010 0080 ranger   000008 01 01 00   159.79962197 159.13794600
Bench_McLachlan_PUGH 000010 0080 ranger   000008 02 01 00   163.62903504 162.96218400
Bench_McLachlan_PUGH 000010 0080 ranger   000008 02 02 00   161.65107795 320.38402300
Bench_McLachlan_PUGH 000010 0080 ranger   000008 04 01 00   177.02077697 175.51897000
Bench_McLachlan_PUGH 000010 0080 ranger   000008 08 01 00   180.73981600 179.84724000
Bench_McLachlan_PUGH 000010 0080 ranger   000008 08 02 00   176.23906393 348.49378000
Bench_McLachlan_PUGH 000010 0080 ranger   000008 08 04 00   166.50153308 649.33258100
Bench_McLachlan_PUGH 000010 0080 ranger   000016 04 01 00   182.25032396 181.27932900
Bench_McLachlan_PUGH 000010 0080 ranger   000016 04 02 00   204.38009204 397.30483000
Bench_McLachlan_PUGH 000010 0080 ranger   000016 04 04 00   181.93054905 711.07643900
Bench_McLachlan_PUGH 000010 0080 ranger   000016 08 01 00   187.12625308 186.23963900
Bench_McLachlan_PUGH 000010 0080 ranger   000016 08 02 00   226.27095407 436.52328100
Bench_McLachlan_PUGH 000010 0080 ranger   000016 08 04 00   184.64884890 720.87705200
Bench_McLachlan_PUGH 000010 0080 ranger   000016 08 08 00   366.81306997 1420.49277600
Bench_McLachlan_PUGH 000010 0080 ranger   000016 16 08 00   371.20836197 1429.26932300
Bench_McLachlan_PUGH 000010 0080 ranger   000032 04 01 00   188.03187603 186.92768300
Bench_McLachlan_PUGH 000010 0080 ranger   000032 04 02 00   205.87467090 398.37289700
Bench_McLachlan_PUGH 000010 0080 ranger   000032 04 04 00   198.93553804 719.16494500
Bench_McLachlan_PUGH 000010 0080 ranger   000032 16 01 00   215.44068609 211.70523100
Bench_McLachlan_PUGH 000010 0080 ranger   000032 16 02 00   244.20978404 468.00124900
Bench_McLachlan_PUGH 000010 0080 ranger   000064 04 02 00   209.69090211 404.19726000
Bench_McLachlan_PUGH 000010 0080 ranger   000064 04 04 00   258.78989801 777.71660500
Bench_McLachlan_PUGH 000010 0080 ranger   000064 08 01 00   210.44503500 208.50103100
Bench_McLachlan_PUGH 000010 0080 ranger   000064 08 02 00   230.50991791 436.45927700
Bench_McLachlan_PUGH 000010 0080 ranger   000064 16 08 00   430.02390395 1509.32232700
Bench_McLachlan_PUGH 000010 0080 ranger   000128 08 01 00   209.77823207 208.92905700
Bench_McLachlan_PUGH 000010 0080 ranger   000128 08 02 00   243.67191707 448.24001400
Bench_McLachlan_PUGH 000010 0080 ranger   000128 08 04 00   271.07947189 791.14544300
Bench_McLachlan_PUGH 000010 0080 ranger   000128 08 08 00   451.53966497 1512.41052000
Bench_McLachlan_PUGH 000010 0080 ranger   000128 16 04 00   308.26804998 867.74223000
Bench_McLachlan_PUGH 000010 0080 ranger   000128 16 08 00   462.76607902 1536.36401600
Bench_McLachlan_PUGH 000010 0080 ranger   000256 16 02 00   266.50407803 491.05468900
