Bench_McLachlan_Carpet_9lev 000128 0025 ranger   000001 01 01 71   135.63270587 135.40044100
Bench_McLachlan_Carpet_9lev 000128 0025 ranger   000002 02 01 71   186.41453722 186.15565600
Bench_McLachlan_Carpet_9lev 000128 0025 ranger   000002 02 02 71   141.51701227 281.73762600
Bench_McLachlan_Carpet_9lev 000128 0025 ranger   000004 04 01 71   228.27816767 228.01424800
Bench_McLachlan_Carpet_9lev 000128 0025 ranger   000004 04 02 71   209.97284200 414.55791500
Bench_McLachlan_Carpet_9lev 000128 0025 ranger   000004 04 04 71   257.80748799 1012.46728000
Bench_McLachlan_Carpet_9lev 000128 0025 ranger   000008 08 01 71   279.55088937 277.57337300
Bench_McLachlan_Carpet_9lev 000128 0025 ranger   000008 08 02 71   242.58659491 479.38994400
Bench_McLachlan_Carpet_9lev 000128 0025 ranger   000008 08 04 71   328.67928713 1292.82478800
Bench_McLachlan_Carpet_9lev 000128 0025 ranger   000008 08 08 71   291.50975695 2271.12593300
Bench_McLachlan_Carpet_9lev 000128 0025 ranger   000016 16 01 71   343.44192950 342.61343200
Bench_McLachlan_Carpet_9lev 000128 0025 ranger   000016 16 02 71   291.96150409 576.26800500
Bench_McLachlan_Carpet_9lev 000128 0025 ranger   000016 16 04 71   379.51016019 1481.32459900
Bench_McLachlan_Carpet_9lev 000128 0025 ranger   000016 16 08 71   403.38112376 3126.97943500
Bench_McLachlan_Carpet_9lev 000128 0025 ranger   000016 16 16 71   406.25572666 6185.22252200
Bench_McLachlan_Carpet_9lev 000128 0025 ranger   000032 16 01 71   375.95657347 375.46341200
Bench_McLachlan_Carpet_9lev 000128 0025 ranger   000032 16 02 71   330.96690626 645.80038000
Bench_McLachlan_Carpet_9lev 000128 0025 ranger   000032 16 04 71   429.58751955 1668.59631500
Bench_McLachlan_Carpet_9lev 000128 0025 ranger   000032 16 08 71   490.51058293 3782.34037100
Bench_McLachlan_Carpet_9lev 000128 0025 ranger   000032 16 16 71   656.72454561 9945.57355800
Bench_McLachlan_Carpet_9lev 000128 0025 ranger   000064 16 01 71   417.34331894 415.39392000
Bench_McLachlan_Carpet_9lev 000128 0025 ranger   000064 16 02 71   368.67281962 693.36329100
Bench_McLachlan_Carpet_9lev 000128 0025 ranger   000064 16 04 71   488.48490761 1789.02781400
Bench_McLachlan_Carpet_9lev 000128 0025 ranger   000064 16 08 71   607.70209688 4613.98434600
Bench_McLachlan_Carpet_9lev 000128 0025 ranger   000064 16 16 71   758.89552524 11259.30765700
Bench_McLachlan_Carpet_9lev 000128 0025 ranger   000128 16 01 71   431.95664416 431.63498300
Bench_McLachlan_Carpet_9lev 000128 0025 ranger   000128 16 02 71   444.19184591 804.59427400
Bench_McLachlan_Carpet_9lev 000128 0025 ranger   000128 16 04 71   545.43877754 1850.99568200
Bench_McLachlan_Carpet_9lev 000128 0025 ranger   000128 16 08 71   636.76134103 4722.85116200
Bench_McLachlan_Carpet_9lev 000128 0025 ranger   000128 16 16 71   743.16011415 11063.20738400
Bench_McLachlan_Carpet_9lev 000128 0025 ranger   000256 16 01 71   430.91503566 430.43491100
Bench_McLachlan_Carpet_9lev 000128 0025 ranger   000256 16 02 71   440.23977765 802.17812500
Bench_McLachlan_Carpet_9lev 000128 0025 ranger   000256 16 04 71   522.37506390 1795.84423300
Bench_McLachlan_Carpet_9lev 000128 0025 ranger   000256 16 08 71   697.91456742 4817.27303700
Bench_McLachlan_Carpet_9lev 000128 0025 ranger   000256 16 16 71   792.28551614 11551.60588900
Bench_McLachlan_Carpet_9lev 000128 0025 ranger   000512 16 01 71   432.57437397 431.60298900
Bench_McLachlan_Carpet_9lev 000128 0025 ranger   000512 16 02 71   450.67742913 816.63503800
Bench_McLachlan_Carpet_9lev 000128 0025 ranger   000512 16 04 71   531.22941551 1840.13502800
Bench_McLachlan_Carpet_9lev 000128 0025 ranger   001024 16 01 71   438.81654108 438.29943200
Bench_McLachlan_Carpet_9lev 000128 0025 ranger   001024 16 02 71   484.87606011 874.36265300
Bench_McLachlan_Carpet_9lev 000128 0025 ranger   001024 16 04 71   547.03842935 1875.64522500
Bench_McLachlan_Carpet_9lev 000128 0025 ranger   002048 16 01 71   399.03692711 398.91291300
Bench_McLachlan_Carpet_9lev 000128 0025 ranger   004096 16 01 71   455.91632274 455.34043200
Bench_McLachlan_Carpet_9lev 000128 0025 ranger   008192 16 01 71   433.90391986 433.17103800
Bench_McLachlan_Carpet_9lev 000128 0025 ranger   012288 16 01 71   437.99540328 436.87931300
