# Cactus benchmark results
#    processes = procs
#    nodes     = procs / ppn
#
# benchmark steps size machine   procs ppn tpp iter   walltime cputime
Bench_McLachlan_Carpet_1lev 000024 0065 ranger   000001 01 01 00   203.34181004 203.17269400
Bench_McLachlan_Carpet_1lev 000024 0065 ranger   000002 01 01 00   216.48381171 214.91743400
Bench_McLachlan_Carpet_1lev 000024 0065 ranger   000004 01 01 00   224.79743401 222.67391600
Bench_McLachlan_Carpet_1lev 000024 0065 ranger   000004 02 01 00   225.55916500 223.26195300
Bench_McLachlan_Carpet_1lev 000024 0065 ranger   000004 02 02 00   227.73820433 448.76805100
Bench_McLachlan_Carpet_1lev 000024 0065 ranger   000004 04 01 00   250.15185397 247.88349900
Bench_McLachlan_Carpet_1lev 000024 0065 ranger   000004 04 02 00   228.08169453 449.48009900
Bench_McLachlan_Carpet_1lev 000024 0065 ranger   000004 04 04 00   217.13066064 842.24063700
Bench_McLachlan_Carpet_1lev 000024 0065 ranger   000008 01 01 00   233.10094116 229.75036200
Bench_McLachlan_Carpet_1lev 000024 0065 ranger   000008 02 01 00   233.19921911 229.78636000
Bench_McLachlan_Carpet_1lev 000024 0065 ranger   000008 02 02 00   244.37134496 477.12581700
Bench_McLachlan_Carpet_1lev 000024 0065 ranger   000008 04 01 00   258.23619396 254.33989300
Bench_McLachlan_Carpet_1lev 000024 0065 ranger   000008 04 02 00   244.90335442 477.42583900
Bench_McLachlan_Carpet_1lev 000024 0065 ranger   000008 04 04 00   249.90565515 961.74010700
Bench_McLachlan_Carpet_1lev 000024 0065 ranger   000008 08 01 00   269.97584784 266.77666800
Bench_McLachlan_Carpet_1lev 000024 0065 ranger   000008 08 02 00   263.66399936 514.15613600
Bench_McLachlan_Carpet_1lev 000024 0065 ranger   000008 08 04 00   251.26438961 962.74016300
Bench_McLachlan_Carpet_1lev 000024 0065 ranger   000008 08 08 00   451.35835544 1759.58196800
Bench_McLachlan_Carpet_1lev 000024 0065 ranger   000016 01 01 00   251.79208282 248.25551300
Bench_McLachlan_Carpet_1lev 000024 0065 ranger   000016 02 01 00   250.43519239 247.35945700
Bench_McLachlan_Carpet_1lev 000024 0065 ranger   000016 02 02 00   262.76931463 499.52722200
Bench_McLachlan_Carpet_1lev 000024 0065 ranger   000016 04 01 00   272.61282118 268.75279900
Bench_McLachlan_Carpet_1lev 000024 0065 ranger   000016 04 02 00   263.38652800 497.81511700
Bench_McLachlan_Carpet_1lev 000024 0065 ranger   000016 04 04 00   267.84285138 1015.03143900
Bench_McLachlan_Carpet_1lev 000024 0065 ranger   000016 08 01 00   283.82180268 280.40552400
Bench_McLachlan_Carpet_1lev 000024 0065 ranger   000016 08 02 00   276.44695753 529.56109800
Bench_McLachlan_Carpet_1lev 000024 0065 ranger   000016 08 04 00   269.95993217 1019.53972100
Bench_McLachlan_Carpet_1lev 000024 0065 ranger   000016 16 02 00   302.52861096 580.79630100
Bench_McLachlan_Carpet_1lev 000024 0065 ranger   000016 16 04 00   287.96300239 1085.59584900
Bench_McLachlan_Carpet_1lev 000024 0065 ranger   000016 16 08 00   506.02417788 1958.31438900
Bench_McLachlan_Carpet_1lev 000024 0065 ranger   000016 16 16 00   945.63415069 3586.02411700
Bench_McLachlan_Carpet_1lev 000024 0065 ranger   000032 02 01 00   244.06186508 240.83505200
Bench_McLachlan_Carpet_1lev 000024 0065 ranger   000032 02 02 00   311.07908856 545.71810200
Bench_McLachlan_Carpet_1lev 000024 0065 ranger   000032 04 01 00   260.56962053 256.90806000
Bench_McLachlan_Carpet_1lev 000024 0065 ranger   000032 04 02 00   307.42328503 541.94187400
Bench_McLachlan_Carpet_1lev 000024 0065 ranger   000032 08 02 00   329.18879068 579.17619800
Bench_McLachlan_Carpet_1lev 000024 0065 ranger   000032 08 04 00   320.86426466 1168.51303200
Bench_McLachlan_Carpet_1lev 000024 0065 ranger   000032 08 08 00   557.53919876 2063.66497100
Bench_McLachlan_Carpet_1lev 000024 0065 ranger   000032 16 01 00   301.34188177 297.53859700
Bench_McLachlan_Carpet_1lev 000024 0065 ranger   000032 16 02 00   355.17583551 633.57159300
Bench_McLachlan_Carpet_1lev 000024 0065 ranger   000032 16 04 00   341.13174056 1237.64134900
Bench_McLachlan_Carpet_1lev 000024 0065 ranger   000032 16 08 00   569.41086980 2091.24669300
Bench_McLachlan_Carpet_1lev 000024 0065 ranger   000032 16 16 00   1033.12306375 3830.38338700
Bench_McLachlan_Carpet_1lev 000024 0065 ranger   000064 04 01 00   289.06331326 285.16581900
Bench_McLachlan_Carpet_1lev 000024 0065 ranger   000064 04 02 00   352.71452486 598.60540800
Bench_McLachlan_Carpet_1lev 000024 0065 ranger   000064 04 04 00   362.43147997 1209.49558600
Bench_McLachlan_Carpet_1lev 000024 0065 ranger   000064 08 01 00   304.82141249 300.97080700
Bench_McLachlan_Carpet_1lev 000024 0065 ranger   000064 08 02 00   357.45966333 615.11044000
Bench_McLachlan_Carpet_1lev 000024 0065 ranger   000064 08 04 00   364.19004945 1221.94837000
Bench_McLachlan_Carpet_1lev 000024 0065 ranger   000064 16 02 00   410.85168504 676.29426200
Bench_McLachlan_Carpet_1lev 000024 0065 ranger   000064 16 04 00   389.78656087 1289.66060200
Bench_McLachlan_Carpet_1lev 000024 0065 ranger   000064 16 08 00   617.16478157 2196.09324100
Bench_McLachlan_Carpet_1lev 000024 0065 ranger   000064 16 16 00   1122.14518604 3964.89579300
Bench_McLachlan_Carpet_1lev 000024 0065 ranger   000128 08 01 00   283.19449419 279.26945200
Bench_McLachlan_Carpet_1lev 000024 0065 ranger   000128 08 02 00   354.73297941 638.81991800
Bench_McLachlan_Carpet_1lev 000024 0065 ranger   000128 08 04 00   351.54334233 1171.76523100
Bench_McLachlan_Carpet_1lev 000024 0065 ranger   000128 08 08 00   686.13575692 2212.90629800
Bench_McLachlan_Carpet_1lev 000024 0065 ranger   000128 16 01 00   314.41209947 309.90736600
Bench_McLachlan_Carpet_1lev 000024 0065 ranger   000128 16 02 00   381.45197367 685.53884100
Bench_McLachlan_Carpet_1lev 000024 0065 ranger   000128 16 04 00   381.18182537 1250.76617500
Bench_McLachlan_Carpet_1lev 000024 0065 ranger   000128 16 16 00   1238.58164954 4001.79410300
Bench_McLachlan_Carpet_1lev 000024 0065 ranger   000256 16 01 00   321.26949165 317.55183900
Bench_McLachlan_Carpet_1lev 000024 0065 ranger   000256 16 02 00   353.36466413 627.80722700
Bench_McLachlan_Carpet_1lev 000024 0065 ranger   000256 16 04 00   394.88733847 1258.84668200
Bench_McLachlan_Carpet_1lev 000024 0065 ranger   000256 16 08 00   750.20929978 2398.59789600
Bench_McLachlan_Carpet_1lev 000024 0065 ranger   000256 16 16 00   1296.49837951 4002.73814800
Bench_McLachlan_Carpet_1lev 000024 0065 ranger   000512 16 01 00   330.05376020 328.70453600
Bench_McLachlan_Carpet_1lev 000024 0065 ranger   000512 16 02 00   370.45905646 641.72410300
Bench_McLachlan_Carpet_1lev 000024 0065 ranger   000512 16 04 00   463.38659104 1306.92167900
Bench_McLachlan_Carpet_1lev 000024 0065 ranger   000512 16 08 00   817.68327319 2451.90123900
Bench_McLachlan_Carpet_1lev 000024 0065 ranger   000512 16 16 00   1392.72301206 4172.90078600
Bench_McLachlan_Carpet_1lev 000024 0065 ranger   001024 16 01 00   327.57180887 326.18838700
Bench_McLachlan_Carpet_1lev 000024 0065 ranger   001024 16 02 00   393.14333660 665.91761700
Bench_McLachlan_Carpet_1lev 000024 0065 ranger   001024 16 04 00   460.19393866 1323.99474200
Bench_McLachlan_Carpet_1lev 000024 0065 ranger   001024 16 08 00   829.87244544 2422.70740900
Bench_McLachlan_Carpet_1lev 000024 0065 ranger   001024 16 16 00   1417.12743675 4216.83553800
Bench_McLachlan_Carpet_1lev 000024 0065 ranger   002048 16 01 00   336.75282418 335.08493800
Bench_McLachlan_Carpet_1lev 000024 0065 ranger   002048 16 02 00   415.28737663 659.84523800
Bench_McLachlan_Carpet_1lev 000024 0065 ranger   002048 16 04 00   461.46395478 1308.48578000
Bench_McLachlan_Carpet_1lev 000024 0065 ranger   002048 16 08 00   824.18623915 2315.60871300
Bench_McLachlan_Carpet_1lev 000024 0065 ranger   002048 16 16 00   1773.87495286 4689.15305600
Bench_McLachlan_Carpet_1lev 000024 0065 ranger   004096 16 01 00   345.42287805 344.43352700
Bench_McLachlan_Carpet_1lev 000024 0065 ranger   004096 16 02 00   456.01397646 731.16169900
Bench_McLachlan_Carpet_1lev 000024 0065 ranger   004096 16 04 00   468.62811576 1321.83061000
Bench_McLachlan_Carpet_1lev 000024 0065 ranger   004096 16 08 00   781.69233130 2354.10312300
Bench_McLachlan_Carpet_1lev 000024 0065 ranger   008192 16 02 00   408.13220878 671.70598400
Bench_McLachlan_Carpet_1lev 000024 0065 ranger   008192 16 04 00   435.55672982 1382.01036700
Bench_McLachlan_Carpet_1lev 000024 0065 ranger   008192 16 08 00   824.13038674 2327.15343400
Bench_McLachlan_Carpet_1lev 000024 0065 ranger   008192 16 16 00   1644.94038777 4342.18337400
Bench_McLachlan_Carpet_9lev 000000 0025 ranger   000016 16 01 15   1.99500456 1.73611200
Bench_McLachlan_Carpet_9lev 000000 0025 ranger   000016 16 01 16   2.00825253 1.71611100
Bench_McLachlan_Carpet_9lev 000000 0025 ranger   000016 16 01 17   1.99534991 1.74410700
Bench_McLachlan_Carpet_9lev 000000 0025 ranger   000016 16 01 18   1.92537351 1.72410800
Bench_McLachlan_Carpet_9lev 000000 0025 ranger   000016 16 01 19   1.80289350 1.67210600
Bench_McLachlan_Carpet_9lev 000000 0025 ranger   000016 16 01 20   1.89577949 1.72410400
Bench_McLachlan_Carpet_9lev 000000 0025 ranger   000016 16 01 21   2.03105967 1.73610600
Bench_McLachlan_Carpet_9lev 000000 0025 ranger   000016 16 01 22   1.98644780 1.70410400
Bench_McLachlan_Carpet_9lev 000000 0025 ranger   000016 16 01 23   1.98241529 1.72811000
Bench_McLachlan_Carpet_9lev 000000 0025 ranger   000016 16 01 24   2.09280068 1.74410900
Bench_McLachlan_Carpet_9lev 000000 0025 ranger   000016 16 01 25   1.72968587 1.72010700
Bench_McLachlan_Carpet_9lev 000000 0025 ranger   000016 16 01 26   1.83753688 1.66410200
Bench_McLachlan_Carpet_9lev 000000 0025 ranger   000016 16 01 32   1.76542921 1.71211000
Bench_McLachlan_Carpet_9lev 000000 0025 ranger   000016 16 01 33   1.70881499 1.68010700
Bench_McLachlan_Carpet_9lev 000000 0025 ranger   000016 16 01 34   1.71809744 1.72410700
Bench_McLachlan_Carpet_9lev 000000 0025 ranger   000016 16 01 35   1.92583941 1.92412000
Bench_McLachlan_Carpet_9lev 000000 0025 ranger   000016 16 01 36   2.60543477 1.84011200
Bench_McLachlan_Carpet_9lev 000000 0025 ranger   000016 16 01 37   1.78591132 1.67610600
Bench_McLachlan_Carpet_9lev 000000 0025 ranger   000016 16 01 38   1.67977806 1.65610300
Bench_McLachlan_Carpet_9lev 000000 0025 ranger   000016 16 01 39   1.71200809 1.68410800
Bench_McLachlan_Carpet_9lev 000000 0025 ranger   000016 16 01 40   1.92712333 1.71610600
Bench_McLachlan_Carpet_9lev 000000 0025 ranger   000016 16 01 45   10.92630000 10.82467500
Bench_McLachlan_Carpet_9lev 000000 0025 ranger   000016 16 01 46   202.63338200 50.85917400
Bench_McLachlan_Carpet_9lev 000000 0025 ranger   000016 16 01 47   10.95013800 10.73666800
Bench_McLachlan_Carpet_9lev 000000 0025 ranger   000016 16 01 60   13.47732400 13.25682900
Bench_McLachlan_Carpet_9lev 000000 0025 ranger   000016 16 01 61   11.09817600 11.08468800
Bench_McLachlan_Carpet_9lev 000000 0025 ranger   000016 16 01 62   13.52589500 13.27283100
Bench_McLachlan_Carpet_9lev 000000 0025 ranger   000016 16 01 63   13.51054200 13.21682600
Bench_McLachlan_Carpet_9lev 000000 0025 ranger   000016 16 01 64   11.08019700 11.07269300
Bench_McLachlan_Carpet_9lev 000000 0025 ranger   000016 16 01 65   12.79806000 12.49678500
Bench_McLachlan_Carpet_9lev 000000 0025 ranger   000016 16 01 66   11.67222800 11.50471500
Bench_McLachlan_Carpet_9lev 000000 0025 ranger   000016 16 01 68   11.02299500 10.90468000
Bench_McLachlan_Carpet_9lev 000000 0025 ranger   000016 16 01 69   12.30104200 12.03675200
Bench_McLachlan_Carpet_9lev 000000 0025 ranger   000016 16 01 70   11.51838900 11.09269500
Bench_McLachlan_Carpet_9lev 000000 0025 ranger   000016 16 01 71   11.67129800 11.41671600
Bench_McLachlan_Carpet_9lev 000000 0025 ranger   000032 16 01 15   1.85304780 1.82811700
Bench_McLachlan_Carpet_9lev 000000 0025 ranger   000032 16 01 16   2.01170792 1.84011400
Bench_McLachlan_Carpet_9lev 000000 0025 ranger   000032 16 01 17   2.03905799 2.02812900
Bench_McLachlan_Carpet_9lev 000000 0025 ranger   000032 16 01 18   2.03484985 1.84811400
Bench_McLachlan_Carpet_9lev 000000 0025 ranger   000032 16 01 19   1.89138905 1.81611400
Bench_McLachlan_Carpet_9lev 000000 0025 ranger   000032 16 01 20   1.88166371 1.86011400
Bench_McLachlan_Carpet_9lev 000000 0025 ranger   000032 16 01 21   1.85964446 1.85211800
Bench_McLachlan_Carpet_9lev 000000 0025 ranger   000032 16 01 22   1.88492482 1.87211600
Bench_McLachlan_Carpet_9lev 000000 0025 ranger   000032 16 01 23   1.89094756 1.88011500
Bench_McLachlan_Carpet_9lev 000000 0025 ranger   000032 16 01 24   2.19453134 1.84011900
Bench_McLachlan_Carpet_9lev 000000 0025 ranger   000032 16 01 25   2.15761771 1.87611600
Bench_McLachlan_Carpet_9lev 000000 0025 ranger   000032 16 01 26   1.89103346 1.85611700
Bench_McLachlan_Carpet_9lev 000000 0025 ranger   000032 16 01 32   1.89248386 1.86011400
Bench_McLachlan_Carpet_9lev 000000 0025 ranger   000032 16 01 33   2.09446628 1.84811300
Bench_McLachlan_Carpet_9lev 000000 0025 ranger   000032 16 01 34   1.94313465 1.84011200
Bench_McLachlan_Carpet_9lev 000000 0025 ranger   000032 16 01 35   1.91670404 1.87211900
Bench_McLachlan_Carpet_9lev 000000 0025 ranger   000032 16 01 36   1.93606592 1.90011600
Bench_McLachlan_Carpet_9lev 000000 0025 ranger   000032 16 01 37   1.82418737 1.80011200
Bench_McLachlan_Carpet_9lev 000000 0025 ranger   000032 16 01 38   1.85275587 1.81611200
Bench_McLachlan_Carpet_9lev 000000 0025 ranger   000032 16 01 39   1.89841448 1.87211900
Bench_McLachlan_Carpet_9lev 000000 0025 ranger   000032 16 01 40   2.24104077 1.92011800
Bench_McLachlan_Carpet_9lev 000000 0025 ranger   000032 16 01 45   12.05363100 11.94074500
Bench_McLachlan_Carpet_9lev 000000 0025 ranger   000032 16 01 46   153.75240200 38.76242300
Bench_McLachlan_Carpet_9lev 000000 0025 ranger   000032 16 01 47   12.12808900 12.11676100
Bench_McLachlan_Carpet_9lev 000000 0025 ranger   000032 16 01 60   14.92394500 14.78492700
Bench_McLachlan_Carpet_9lev 000000 0025 ranger   000032 16 01 61   12.12349400 12.10075400
Bench_McLachlan_Carpet_9lev 000000 0025 ranger   000032 16 01 62   14.80466800 14.74892300
Bench_McLachlan_Carpet_9lev 000000 0025 ranger   000032 16 01 63   14.96187400 14.76092000
Bench_McLachlan_Carpet_9lev 000000 0025 ranger   000032 16 01 64   12.12595700 12.12475500
Bench_McLachlan_Carpet_9lev 000000 0025 ranger   000032 16 01 65   14.30293200 14.16088700
Bench_McLachlan_Carpet_9lev 000000 0025 ranger   000032 16 01 66   13.13248600 13.04481600
Bench_McLachlan_Carpet_9lev 000000 0025 ranger   000032 16 01 68   11.91711700 11.90874800
Bench_McLachlan_Carpet_9lev 000000 0025 ranger   000032 16 01 69   13.52738500 13.50084500
Bench_McLachlan_Carpet_9lev 000000 0025 ranger   000032 16 01 70   12.10463500 12.10076100
Bench_McLachlan_Carpet_9lev 000000 0025 ranger   000032 16 01 71   12.51535400 12.43277500
Bench_McLachlan_Carpet_9lev 000000 0025 ranger   000064 16 01 15   2.14613841 2.13613300
Bench_McLachlan_Carpet_9lev 000000 0025 ranger   000064 16 01 16   2.08964146 2.07213000
Bench_McLachlan_Carpet_9lev 000000 0025 ranger   000064 16 01 17   2.23050875 2.22414000
Bench_McLachlan_Carpet_9lev 000000 0025 ranger   000064 16 01 18   2.45300750 2.42815000
Bench_McLachlan_Carpet_9lev 000000 0025 ranger   000064 16 01 19   2.69288940 2.66816700
Bench_McLachlan_Carpet_9lev 000000 0025 ranger   000064 16 01 20   2.30087397 2.26413900
Bench_McLachlan_Carpet_9lev 000000 0025 ranger   000064 16 01 21   2.71575292 2.69617000
Bench_McLachlan_Carpet_9lev 000000 0025 ranger   000064 16 01 22   2.27281504 2.25213900
Bench_McLachlan_Carpet_9lev 000000 0025 ranger   000064 16 01 23   2.89347846 2.86417800
Bench_McLachlan_Carpet_9lev 000000 0025 ranger   000064 16 01 24   2.74981965 2.75217300
Bench_McLachlan_Carpet_9lev 000000 0025 ranger   000064 16 01 25   2.43014465 2.41215200
Bench_McLachlan_Carpet_9lev 000000 0025 ranger   000064 16 01 26   2.27919672 2.19213600
Bench_McLachlan_Carpet_9lev 000000 0025 ranger   000064 16 01 32   2.51603498 2.49615300
Bench_McLachlan_Carpet_9lev 000000 0025 ranger   000064 16 01 33   2.34132568 2.24014300
Bench_McLachlan_Carpet_9lev 000000 0025 ranger   000064 16 01 34   2.19736293 2.14013200
Bench_McLachlan_Carpet_9lev 000000 0025 ranger   000064 16 01 35   2.42015784 2.16013200
Bench_McLachlan_Carpet_9lev 000000 0025 ranger   000064 16 01 36   2.19682006 2.18013500
Bench_McLachlan_Carpet_9lev 000000 0025 ranger   000064 16 01 37   2.47760253 2.47215200
Bench_McLachlan_Carpet_9lev 000000 0025 ranger   000064 16 01 38   2.09433999 2.05612900
Bench_McLachlan_Carpet_9lev 000000 0025 ranger   000064 16 01 39   2.15514387 2.13613200
Bench_McLachlan_Carpet_9lev 000000 0025 ranger   000064 16 01 40   2.23896073 2.21614100
Bench_McLachlan_Carpet_9lev 000000 0025 ranger   000064 16 01 45   10.95491800 10.87668200
Bench_McLachlan_Carpet_9lev 000000 0025 ranger   000064 16 01 46   106.99900000 27.63373000
Bench_McLachlan_Carpet_9lev 000000 0025 ranger   000064 16 01 47   10.66279400 10.57666300
Bench_McLachlan_Carpet_9lev 000000 0025 ranger   000064 16 01 60   16.02752500 15.98900000
Bench_McLachlan_Carpet_9lev 000000 0025 ranger   000064 16 01 61   11.20916600 11.15670000
Bench_McLachlan_Carpet_9lev 000000 0025 ranger   000064 16 01 62   15.88848200 15.86499100
Bench_McLachlan_Carpet_9lev 000000 0025 ranger   000064 16 01 63   15.97672400 15.93699700
Bench_McLachlan_Carpet_9lev 000000 0025 ranger   000064 16 01 64   11.44016900 11.21270800
Bench_McLachlan_Carpet_9lev 000000 0025 ranger   000064 16 01 65   16.10954400 15.98500300
Bench_McLachlan_Carpet_9lev 000000 0025 ranger   000064 16 01 66   13.21578600 13.20082600
Bench_McLachlan_Carpet_9lev 000000 0025 ranger   000064 16 01 68   10.71742600 10.70867100
Bench_McLachlan_Carpet_9lev 000000 0025 ranger   000064 16 01 69   13.56445000 13.52484800
Bench_McLachlan_Carpet_9lev 000000 0025 ranger   000064 16 01 70   11.25670200 11.16469700
Bench_McLachlan_Carpet_9lev 000000 0025 ranger   000064 16 01 71   11.90071800 11.63672700
Bench_McLachlan_Carpet_9lev 000000 0025 ranger   000128 16 01 15   2.44970802 2.26414000
Bench_McLachlan_Carpet_9lev 000000 0025 ranger   000128 16 01 16   2.44833974 2.32414800
Bench_McLachlan_Carpet_9lev 000000 0025 ranger   000128 16 01 17   2.17747496 2.13212900
Bench_McLachlan_Carpet_9lev 000000 0025 ranger   000128 16 01 18   2.17540596 2.14813400
Bench_McLachlan_Carpet_9lev 000000 0025 ranger   000128 16 01 19   2.22853039 2.21214100
Bench_McLachlan_Carpet_9lev 000000 0025 ranger   000128 16 01 20   2.25197693 2.24414200
Bench_McLachlan_Carpet_9lev 000000 0025 ranger   000128 16 01 21   2.39005092 2.35214700
Bench_McLachlan_Carpet_9lev 000000 0025 ranger   000128 16 01 22   2.21986902 2.19213900
Bench_McLachlan_Carpet_9lev 000000 0025 ranger   000128 16 01 23   2.22432535 2.22013800
Bench_McLachlan_Carpet_9lev 000000 0025 ranger   000128 16 01 24   2.34639108 2.32014600
Bench_McLachlan_Carpet_9lev 000000 0025 ranger   000128 16 01 25   2.22560016 2.19613700
Bench_McLachlan_Carpet_9lev 000000 0025 ranger   000128 16 01 26   2.31736788 2.28814300
Bench_McLachlan_Carpet_9lev 000000 0025 ranger   000128 16 01 32   2.33359981 2.31614200
Bench_McLachlan_Carpet_9lev 000000 0025 ranger   000128 16 01 33   2.07182797 2.03212500
Bench_McLachlan_Carpet_9lev 000000 0025 ranger   000128 16 01 34   2.33560754 2.32414700
Bench_McLachlan_Carpet_9lev 000000 0025 ranger   000128 16 01 35   2.19612642 2.09213100
Bench_McLachlan_Carpet_9lev 000000 0025 ranger   000128 16 01 36   2.19244615 2.16413500
Bench_McLachlan_Carpet_9lev 000000 0025 ranger   000128 16 01 37   2.56025559 2.53615900
Bench_McLachlan_Carpet_9lev 000000 0025 ranger   000128 16 01 38   2.14005742 2.10413400
Bench_McLachlan_Carpet_9lev 000000 0025 ranger   000128 16 01 39   2.21802727 2.19213500
Bench_McLachlan_Carpet_9lev 000000 0025 ranger   000128 16 01 40   2.34475534 2.23213900
Bench_McLachlan_Carpet_9lev 000000 0025 ranger   000128 16 01 45   10.59146700 10.47665100
Bench_McLachlan_Carpet_9lev 000000 0025 ranger   000128 16 01 46   121.83194400 31.24195100
Bench_McLachlan_Carpet_9lev 000000 0025 ranger   000128 16 01 47   9.74507300 9.73260600
Bench_McLachlan_Carpet_9lev 000000 0025 ranger   000128 16 01 61   10.81497000 10.58865900
Bench_McLachlan_Carpet_9lev 000000 0025 ranger   000128 16 01 62   15.83085700 15.80098800
Bench_McLachlan_Carpet_9lev 000000 0025 ranger   000128 16 01 63   16.00367800 15.98499700
Bench_McLachlan_Carpet_9lev 000000 0025 ranger   000128 16 01 64   10.68756500 10.54865800
Bench_McLachlan_Carpet_9lev 000000 0025 ranger   000128 16 01 65   15.84196900 15.81298400
Bench_McLachlan_Carpet_9lev 000000 0025 ranger   000128 16 01 66   14.56524400 14.53291100
Bench_McLachlan_Carpet_9lev 000000 0025 ranger   000128 16 01 68   10.19511200 10.18463500
Bench_McLachlan_Carpet_9lev 000000 0025 ranger   000128 16 01 69   15.11225800 15.08894100
Bench_McLachlan_Carpet_9lev 000000 0025 ranger   000128 16 01 70   10.60586400 10.56865700
Bench_McLachlan_Carpet_9lev 000000 0025 ranger   000128 16 01 71   11.36569300 11.30870500
Bench_McLachlan_Carpet_9lev 000000 0025 ranger   000256 16 01 15   2.61408830 2.59216400
Bench_McLachlan_Carpet_9lev 000000 0025 ranger   000256 16 01 16   2.38613506 2.36814600
Bench_McLachlan_Carpet_9lev 000000 0025 ranger   000256 16 01 17   2.65185052 2.63216400
Bench_McLachlan_Carpet_9lev 000000 0025 ranger   000256 16 01 18   2.21687388 2.21614200
Bench_McLachlan_Carpet_9lev 000000 0025 ranger   000256 16 01 19   2.46240048 2.31214300
Bench_McLachlan_Carpet_9lev 000000 0025 ranger   000256 16 01 20   2.46646909 2.46415100
Bench_McLachlan_Carpet_9lev 000000 0025 ranger   000256 16 01 21   2.57484497 2.56415900
Bench_McLachlan_Carpet_9lev 000000 0025 ranger   000256 16 01 22   2.65125207 2.62016000
Bench_McLachlan_Carpet_9lev 000000 0025 ranger   000256 16 01 23   2.49789271 2.49615600
Bench_McLachlan_Carpet_9lev 000000 0025 ranger   000256 16 01 24   2.46372185 2.44414900
Bench_McLachlan_Carpet_9lev 000000 0025 ranger   000256 16 01 25   2.49743606 2.34014800
Bench_McLachlan_Carpet_9lev 000000 0025 ranger   000256 16 01 26   2.53578516 2.46815600
Bench_McLachlan_Carpet_9lev 000000 0025 ranger   000256 16 01 32   2.32310441 2.33614600
Bench_McLachlan_Carpet_9lev 000000 0025 ranger   000256 16 01 33   2.56218035 2.55615800
Bench_McLachlan_Carpet_9lev 000000 0025 ranger   000256 16 01 34   2.20594374 2.18413700
Bench_McLachlan_Carpet_9lev 000000 0025 ranger   000256 16 01 35   2.36721832 2.37214800
Bench_McLachlan_Carpet_9lev 000000 0025 ranger   000256 16 01 36   2.66904334 2.66416600
Bench_McLachlan_Carpet_9lev 000000 0025 ranger   000256 16 01 37   2.66352913 2.64016100
Bench_McLachlan_Carpet_9lev 000000 0025 ranger   000256 16 01 38   2.33906610 2.33214500
Bench_McLachlan_Carpet_9lev 000000 0025 ranger   000256 16 01 39   2.36094293 2.33214600
Bench_McLachlan_Carpet_9lev 000000 0025 ranger   000256 16 01 40   2.50301425 2.42415400
Bench_McLachlan_Carpet_9lev 000000 0025 ranger   000256 16 01 45   10.54430300 10.50866100
Bench_McLachlan_Carpet_9lev 000000 0025 ranger   000256 16 01 46   105.94739300 26.98968800
Bench_McLachlan_Carpet_9lev 000000 0025 ranger   000256 16 01 47   10.16426200 10.14063600
Bench_McLachlan_Carpet_9lev 000000 0025 ranger   000256 16 01 61   10.65739500 10.62066700
Bench_McLachlan_Carpet_9lev 000000 0025 ranger   000256 16 01 62   16.37545900 16.34101900
Bench_McLachlan_Carpet_9lev 000000 0025 ranger   000256 16 01 63   16.53941800 16.50903400
Bench_McLachlan_Carpet_9lev 000000 0025 ranger   000256 16 01 64   11.19909400 11.17269800
Bench_McLachlan_Carpet_9lev 000000 0025 ranger   000256 16 01 65   16.05018200 15.99299800
Bench_McLachlan_Carpet_9lev 000000 0025 ranger   000256 16 01 66   18.35528100 18.28514800
Bench_McLachlan_Carpet_9lev 000000 0025 ranger   000256 16 01 68   10.25009600 10.23264100
Bench_McLachlan_Carpet_9lev 000000 0025 ranger   000256 16 01 69   19.74344600 19.55722000
Bench_McLachlan_Carpet_9lev 000000 0025 ranger   000256 16 01 70   10.69282400 10.68066800
Bench_McLachlan_Carpet_9lev 000000 0025 ranger   000256 16 01 71   11.11411900 11.08069000
Bench_McLachlan_Carpet_9lev 000000 0025 ranger   000512 16 01 23   2.77533373 2.72417000
Bench_McLachlan_Carpet_9lev 000000 0025 ranger   000512 16 01 24   3.47726487 3.45621600
Bench_McLachlan_Carpet_9lev 000000 0025 ranger   000512 16 01 25   7.75072005 7.74448500
Bench_McLachlan_Carpet_9lev 000000 0025 ranger   000512 16 01 26   2.78908377 2.76417400
Bench_McLachlan_Carpet_9lev 000000 0025 ranger   000512 16 01 32   2.50527371 2.47615500
Bench_McLachlan_Carpet_9lev 000000 0025 ranger   000512 16 01 33   2.84105095 2.84017600
Bench_McLachlan_Carpet_9lev 000000 0025 ranger   000512 16 01 34   2.38207440 2.37614700
Bench_McLachlan_Carpet_9lev 000000 0025 ranger   000512 16 01 35   2.48143756 2.46815400
Bench_McLachlan_Carpet_9lev 000000 0025 ranger   000512 16 01 36   2.52331640 2.47615600
Bench_McLachlan_Carpet_9lev 000000 0025 ranger   000512 16 01 37   2.48741660 2.45215200
Bench_McLachlan_Carpet_9lev 000000 0025 ranger   000512 16 01 38   2.69686531 2.56816000
Bench_McLachlan_Carpet_9lev 000000 0025 ranger   000512 16 01 39   2.43263093 2.39615100
Bench_McLachlan_Carpet_9lev 000000 0025 ranger   000512 16 01 40   2.63556658 2.61216400
Bench_McLachlan_Carpet_9lev 000000 0025 ranger   000512 16 01 45   10.70063300 10.44465300
Bench_McLachlan_Carpet_9lev 000000 0025 ranger   000512 16 01 47   10.23449000 10.22063700
Bench_McLachlan_Carpet_9lev 000000 0025 ranger   000512 16 01 63   17.44569300 17.40108600
Bench_McLachlan_Carpet_9lev 000000 0025 ranger   000512 16 01 65   16.34998700 16.31701600
Bench_McLachlan_Carpet_9lev 000000 0025 ranger   000512 16 01 66   25.81468100 25.64560200
Bench_McLachlan_Carpet_9lev 000000 0025 ranger   000512 16 01 66   32.28495700 32.28201600
Bench_McLachlan_Carpet_9lev 000000 0025 ranger   000512 16 01 66   34.81439500 34.63816500
Bench_McLachlan_Carpet_9lev 000000 0025 ranger   000512 16 01 66   34.96018700 34.65416800
Bench_McLachlan_Carpet_9lev 000000 0025 ranger   000512 16 01 68   10.12227100 10.11663300
Bench_McLachlan_Carpet_9lev 000000 0025 ranger   000512 16 01 69   27.51798900 27.31770500
Bench_McLachlan_Carpet_9lev 000000 0025 ranger   000512 16 01 71   13.30935100 12.96880600
Bench_McLachlan_Carpet_9lev 000000 0025 ranger   001024 16 01 23   2.70602361 2.68016800
Bench_McLachlan_Carpet_9lev 000000 0025 ranger   001024 16 01 24   2.82725128 2.82817600
Bench_McLachlan_Carpet_9lev 000000 0025 ranger   001024 16 01 25   2.71012373 2.64816500
Bench_McLachlan_Carpet_9lev 000000 0025 ranger   001024 16 01 26   2.70717850 2.66416700
Bench_McLachlan_Carpet_9lev 000000 0025 ranger   001024 16 01 32   2.80160223 2.80017500
Bench_McLachlan_Carpet_9lev 000000 0025 ranger   001024 16 01 33   2.96337194 2.94818500
Bench_McLachlan_Carpet_9lev 000000 0025 ranger   001024 16 01 34   2.44735784 2.42415500
Bench_McLachlan_Carpet_9lev 000000 0025 ranger   001024 16 01 35   2.92295252 2.88017700
Bench_McLachlan_Carpet_9lev 000000 0025 ranger   001024 16 01 36   2.84464568 2.47215300
Bench_McLachlan_Carpet_9lev 000000 0025 ranger   001024 16 01 38   2.47655275 2.48015500
Bench_McLachlan_Carpet_9lev 000000 0025 ranger   001024 16 01 39   2.36914912 2.30414100
Bench_McLachlan_Carpet_9lev 000000 0025 ranger   001024 16 01 42   10.24891600 9.95662400
Bench_McLachlan_Carpet_9lev 000000 0025 ranger   001024 16 01 52   10.04778200 9.97662400
Bench_McLachlan_Carpet_9lev 000000 0025 ranger   001024 16 01 63   17.51489100 17.46509400
Bench_McLachlan_Carpet_9lev 000000 0025 ranger   001024 16 01 65   16.74508900 16.51303500
Bench_McLachlan_Carpet_9lev 000000 0025 ranger   001024 16 01 71   10.68492600 10.54465500
Bench_McLachlan_Carpet_9lev 000000 0025 ranger   002048 16 01 23   3.64010966 3.64423000
Bench_McLachlan_Carpet_9lev 000000 0025 ranger   002048 16 01 24   3.75214619 3.70422900
Bench_McLachlan_Carpet_9lev 000000 0025 ranger   002048 16 01 25   3.54584343 3.52822100
Bench_McLachlan_Carpet_9lev 000000 0025 ranger   002048 16 01 26   3.33211255 3.22020200
Bench_McLachlan_Carpet_9lev 000000 0025 ranger   002048 16 01 32   3.52961315 3.53621800
Bench_McLachlan_Carpet_9lev 000000 0025 ranger   002048 16 01 33   2.77292498 2.72416800
Bench_McLachlan_Carpet_9lev 000000 0025 ranger   002048 16 01 34   2.44419424 2.45215200
Bench_McLachlan_Carpet_9lev 000000 0025 ranger   002048 16 01 35   2.62340227 2.00412400
Bench_McLachlan_Carpet_9lev 000000 0025 ranger   002048 16 01 36   2.55986319 2.41615100
Bench_McLachlan_Carpet_9lev 000000 0025 ranger   002048 16 01 37   2.50177845 2.52415600
Bench_McLachlan_Carpet_9lev 000000 0025 ranger   002048 16 01 38   2.29403566 2.28414100
Bench_McLachlan_Carpet_9lev 000000 0025 ranger   002048 16 01 39   2.21099217 2.17613500
Bench_McLachlan_Carpet_9lev 000000 0025 ranger   002048 16 01 59   19.20047400 18.75317000
Bench_McLachlan_Carpet_9lev 000000 0025 ranger   002048 16 01 60   19.44039300 19.17319900
Bench_McLachlan_Carpet_9lev 000000 0025 ranger   002048 16 01 63   19.68925600 19.28920800
Bench_McLachlan_Carpet_9lev 000000 0025 ranger   002048 16 01 65   18.39071800 18.36115100
Bench_McLachlan_Carpet_9lev 000000 0025 ranger   002048 16 01 69   77.17565300 76.88080800
Bench_McLachlan_Carpet_9lev 000000 0025 ranger   002048 16 01 71   10.14661700 9.86061600
Bench_McLachlan_Carpet_9lev 000000 0025 ranger   004096 16 01 32   3.02414120 3.01619100
Bench_McLachlan_Carpet_9lev 000000 0025 ranger   004096 16 01 33   2.82916677 2.81217700
Bench_McLachlan_Carpet_9lev 000000 0025 ranger   004096 16 01 34   2.73830927 2.70416900
Bench_McLachlan_Carpet_9lev 000000 0025 ranger   004096 16 01 35   3.13103430 3.08419400
Bench_McLachlan_Carpet_9lev 000000 0025 ranger   004096 16 01 36   3.62117172 2.96818500
Bench_McLachlan_Carpet_9lev 000000 0025 ranger   004096 16 01 37   3.07523643 3.05219100
Bench_McLachlan_Carpet_9lev 000000 0025 ranger   004096 16 01 38   9.34603220 9.33258200
Bench_McLachlan_Carpet_9lev 000000 0025 ranger   004096 16 01 39   4.41087391 4.40027600
Bench_McLachlan_Carpet_9lev 000000 0025 ranger   004096 16 01 71   10.41400200 9.96062700
Bench_McLachlan_Carpet_9lev 000000 0025 ranger   008192 16 01 32   19.03294052 19.03318900
Bench_McLachlan_Carpet_9lev 000000 0025 ranger   008192 16 01 33   3.20325611 3.18420100
Bench_McLachlan_Carpet_9lev 000000 0025 ranger   008192 16 01 34   3.64873286 3.63622900
Bench_McLachlan_Carpet_9lev 000000 0025 ranger   008192 16 01 35   5.76824320 5.74435900
Bench_McLachlan_Carpet_9lev 000000 0025 ranger   008192 16 01 36   4.06577632 3.83224100
Bench_McLachlan_Carpet_9lev 000000 0025 ranger   008192 16 01 37   4.00333875 3.99624700
Bench_McLachlan_Carpet_9lev 000000 0025 ranger   008192 16 01 38   3.47725648 3.44421500
Bench_McLachlan_Carpet_9lev 000000 0025 ranger   008192 16 01 39   4.64220864 3.98825000
Bench_McLachlan_Carpet_9lev 000000 0025 ranger   012288 16 01 37   7.63925136 7.62847900
Bench_McLachlan_Carpet_9lev 000000 0025 ranger   012288 16 01 38   4.95942385 4.92830900
Bench_McLachlan_Carpet_9lev 000000 0025 ranger   012288 16 01 39   6.55097068 5.95237300
Bench_McLachlan_Carpet_9lev 000128 0025 ranger   000001 01 01 00   122.54106532 122.43964000
Bench_McLachlan_Carpet_9lev 000128 0025 ranger   000001 01 01 70   137.91245362 137.53659500
Bench_McLachlan_Carpet_9lev 000128 0025 ranger   000001 01 01 71   135.63270587 135.40044100
Bench_McLachlan_Carpet_9lev 000128 0025 ranger   000002 01 01 00   183.05137779 182.34740400
Bench_McLachlan_Carpet_9lev 000128 0025 ranger   000002 01 01 70   187.30018361 186.34765600
Bench_McLachlan_Carpet_9lev 000128 0025 ranger   000002 01 01 71   185.75841382 184.67950200
Bench_McLachlan_Carpet_9lev 000128 0025 ranger   000002 02 01 00   180.00077328 179.96324900
Bench_McLachlan_Carpet_9lev 000128 0025 ranger   000002 02 01 70   188.91985668 188.72779100
Bench_McLachlan_Carpet_9lev 000128 0025 ranger   000002 02 01 71   186.41453722 186.15565600
Bench_McLachlan_Carpet_9lev 000128 0025 ranger   000002 02 02 00   129.85302923 258.85217000
Bench_McLachlan_Carpet_9lev 000128 0025 ranger   000002 02 02 70   139.97521767 278.69341900
Bench_McLachlan_Carpet_9lev 000128 0025 ranger   000002 02 02 71   141.51701227 281.73762600
Bench_McLachlan_Carpet_9lev 000128 0025 ranger   000004 01 01 00   236.26691144 234.90266100
Bench_McLachlan_Carpet_9lev 000128 0025 ranger   000004 01 01 70   236.73086903 234.96268500
Bench_McLachlan_Carpet_9lev 000128 0025 ranger   000004 01 01 71   229.82467734 228.02229000
Bench_McLachlan_Carpet_9lev 000128 0025 ranger   000004 02 01 00   236.15145878 235.09065900
Bench_McLachlan_Carpet_9lev 000128 0025 ranger   000004 02 01 70   240.49140858 239.34294100
Bench_McLachlan_Carpet_9lev 000128 0025 ranger   000004 02 01 71   232.66685038 231.09043800
Bench_McLachlan_Carpet_9lev 000128 0025 ranger   000004 02 02 00   216.99292067 426.67066900
Bench_McLachlan_Carpet_9lev 000128 0025 ranger   000004 02 02 70   217.82767517 428.97080600
Bench_McLachlan_Carpet_9lev 000128 0025 ranger   000004 02 02 71   216.73058569 426.98272200
Bench_McLachlan_Carpet_9lev 000128 0025 ranger   000004 04 01 00   248.75942817 248.53554600
Bench_McLachlan_Carpet_9lev 000128 0025 ranger   000004 04 01 70   232.06587985 231.78249500
Bench_McLachlan_Carpet_9lev 000128 0025 ranger   000004 04 01 71   228.27816767 228.01424800
Bench_McLachlan_Carpet_9lev 000128 0025 ranger   000004 04 02 00   214.19796909 422.93842400
Bench_McLachlan_Carpet_9lev 000128 0025 ranger   000004 04 02 70   220.67594718 435.16720400
Bench_McLachlan_Carpet_9lev 000128 0025 ranger   000004 04 02 71   209.97284200 414.55791500
Bench_McLachlan_Carpet_9lev 000128 0025 ranger   000004 04 04 00   225.72213129 891.25570400
Bench_McLachlan_Carpet_9lev 000128 0025 ranger   000004 04 04 70   257.72389956 1015.82752300
Bench_McLachlan_Carpet_9lev 000128 0025 ranger   000004 04 04 71   257.80748799 1012.46728000
Bench_McLachlan_Carpet_9lev 000128 0025 ranger   000008 01 01 00   274.82082107 272.30100200
Bench_McLachlan_Carpet_9lev 000128 0025 ranger   000008 01 01 70   288.00210531 285.37783300
Bench_McLachlan_Carpet_9lev 000128 0025 ranger   000008 01 01 71   274.44160638 271.89699400
Bench_McLachlan_Carpet_9lev 000128 0025 ranger   000008 02 01 00   273.54665117 271.10493300
Bench_McLachlan_Carpet_9lev 000128 0025 ranger   000008 02 01 70   286.84754310 284.44175300
Bench_McLachlan_Carpet_9lev 000128 0025 ranger   000008 02 01 71   265.18844890 262.77241500
Bench_McLachlan_Carpet_9lev 000128 0025 ranger   000008 02 02 00   271.56964828 531.53722400
Bench_McLachlan_Carpet_9lev 000128 0025 ranger   000008 02 02 70   258.95359301 506.47966600
Bench_McLachlan_Carpet_9lev 000128 0025 ranger   000008 02 02 71   246.48077225 483.78221200
Bench_McLachlan_Carpet_9lev 000128 0025 ranger   000008 04 01 00   288.28569852 286.34586800
Bench_McLachlan_Carpet_9lev 000128 0025 ranger   000008 04 01 70   282.58045572 280.80555200
Bench_McLachlan_Carpet_9lev 000128 0025 ranger   000008 04 01 71   270.86291599 269.04481700
Bench_McLachlan_Carpet_9lev 000128 0025 ranger   000008 04 02 00   271.14896550 530.75718300
Bench_McLachlan_Carpet_9lev 000128 0025 ranger   000008 04 02 70   257.72701692 505.51159700
Bench_McLachlan_Carpet_9lev 000128 0025 ranger   000008 04 02 71   249.47188872 489.49062600
Bench_McLachlan_Carpet_9lev 000128 0025 ranger   000008 04 04 00   322.88345290 1264.75505300
Bench_McLachlan_Carpet_9lev 000128 0025 ranger   000008 04 04 70   328.14615812 1287.45648300
Bench_McLachlan_Carpet_9lev 000128 0025 ranger   000008 04 04 71   321.18477198 1262.11486800
Bench_McLachlan_Carpet_9lev 000128 0025 ranger   000008 08 01 00   297.04119270 296.97457100
Bench_McLachlan_Carpet_9lev 000128 0025 ranger   000008 08 01 70   287.90201298 287.66194600
Bench_McLachlan_Carpet_9lev 000128 0025 ranger   000008 08 01 71   279.55088937 277.57337300
Bench_McLachlan_Carpet_9lev 000128 0025 ranger   000008 08 02 00   285.83271012 561.34306600
Bench_McLachlan_Carpet_9lev 000128 0025 ranger   000008 08 02 71   242.58659491 479.38994400
Bench_McLachlan_Carpet_9lev 000128 0025 ranger   000008 08 04 00   320.14915635 1255.83848600
Bench_McLachlan_Carpet_9lev 000128 0025 ranger   000008 08 04 70   320.23161459 1253.39429600
Bench_McLachlan_Carpet_9lev 000128 0025 ranger   000008 08 04 71   328.67928713 1292.82478800
Bench_McLachlan_Carpet_9lev 000128 0025 ranger   000008 08 08 00   448.40270118 1763.57421700
Bench_McLachlan_Carpet_9lev 000128 0025 ranger   000008 08 08 70   292.77910061 2273.21404200
Bench_McLachlan_Carpet_9lev 000128 0025 ranger   000008 08 08 71   291.50975695 2271.12593300
Bench_McLachlan_Carpet_9lev 000128 0025 ranger   000016 01 01 00   301.51189092 299.24667900
Bench_McLachlan_Carpet_9lev 000128 0025 ranger   000016 01 01 70   303.41105413 300.74280200
Bench_McLachlan_Carpet_9lev 000128 0025 ranger   000016 01 01 71   292.02127953 289.43007600
Bench_McLachlan_Carpet_9lev 000128 0025 ranger   000016 02 01 00   301.62872519 299.57471400
Bench_McLachlan_Carpet_9lev 000128 0025 ranger   000016 02 01 70   309.30955111 307.18317000
Bench_McLachlan_Carpet_9lev 000128 0025 ranger   000016 02 01 71   295.99160188 294.03436700
Bench_McLachlan_Carpet_9lev 000128 0025 ranger   000016 02 02 00   309.13612524 597.00130800
Bench_McLachlan_Carpet_9lev 000128 0025 ranger   000016 02 02 70   288.63654603 562.76319700
Bench_McLachlan_Carpet_9lev 000128 0025 ranger   000016 02 02 71   274.05435093 535.64549700
Bench_McLachlan_Carpet_9lev 000128 0025 ranger   000016 04 01 00   318.14699887 316.27575400
Bench_McLachlan_Carpet_9lev 000128 0025 ranger   000016 04 01 70   303.45030848 302.42288800
Bench_McLachlan_Carpet_9lev 000128 0025 ranger   000016 04 01 71   296.42845066 294.75439600
Bench_McLachlan_Carpet_9lev 000128 0025 ranger   000016 04 02 00   309.54233248 602.84166500
Bench_McLachlan_Carpet_9lev 000128 0025 ranger   000016 04 02 70   295.24449971 575.24799300
Bench_McLachlan_Carpet_9lev 000128 0025 ranger   000016 04 02 71   274.77006856 537.34158400
Bench_McLachlan_Carpet_9lev 000128 0025 ranger   000016 04 04 00   417.05867436 1607.25245900
Bench_McLachlan_Carpet_9lev 000128 0025 ranger   000016 04 04 70   409.92962198 1583.87495800
Bench_McLachlan_Carpet_9lev 000128 0025 ranger   000016 04 04 71   380.32455437 1480.97253000
Bench_McLachlan_Carpet_9lev 000128 0025 ranger   000016 08 01 00   323.18693460 323.06420400
Bench_McLachlan_Carpet_9lev 000128 0025 ranger   000016 08 01 70   310.41332580 309.94337800
Bench_McLachlan_Carpet_9lev 000128 0025 ranger   000016 08 01 71   300.73102585 300.54277200
Bench_McLachlan_Carpet_9lev 000128 0025 ranger   000016 08 02 00   328.35249656 635.21967600
Bench_McLachlan_Carpet_9lev 000128 0025 ranger   000016 08 02 70   284.72961366 558.63492700
Bench_McLachlan_Carpet_9lev 000128 0025 ranger   000016 08 02 71   267.87115046 526.22084900
Bench_McLachlan_Carpet_9lev 000128 0025 ranger   000016 08 04 00   418.01371976 1606.47240400
Bench_McLachlan_Carpet_9lev 000128 0025 ranger   000016 08 04 70   405.35986899 1569.39808900
Bench_McLachlan_Carpet_9lev 000128 0025 ranger   000016 08 04 71   397.65546045 1544.81659500
Bench_McLachlan_Carpet_9lev 000128 0025 ranger   000016 08 08 00   726.72729222 2703.58096900
Bench_McLachlan_Carpet_9lev 000128 0025 ranger   000016 08 08 70   407.85024613 3166.64991000
Bench_McLachlan_Carpet_9lev 000128 0025 ranger   000016 08 08 71   414.87878198 3210.36063800
Bench_McLachlan_Carpet_9lev 000128 0025 ranger   000016 16 01 00   360.43062715 359.66248400
Bench_McLachlan_Carpet_9lev 000128 0025 ranger   000016 16 01 01   362.41548137 362.25466100
Bench_McLachlan_Carpet_9lev 000128 0025 ranger   000016 16 01 02   359.46430584 358.82244000
Bench_McLachlan_Carpet_9lev 000128 0025 ranger   000016 16 01 03   360.40211611 359.69846600
Bench_McLachlan_Carpet_9lev 000128 0025 ranger   000016 16 01 04   361.60963682 360.76253200
Bench_McLachlan_Carpet_9lev 000128 0025 ranger   000016 16 01 05   362.19089131 361.76658000
Bench_McLachlan_Carpet_9lev 000128 0025 ranger   000016 16 01 06   362.14195383 361.62658800
Bench_McLachlan_Carpet_9lev 000128 0025 ranger   000016 16 01 07   362.09293188 361.56259000
Bench_McLachlan_Carpet_9lev 000128 0025 ranger   000016 16 01 08   363.41700161 362.63865000
Bench_McLachlan_Carpet_9lev 000128 0025 ranger   000016 16 01 11   361.72727898 360.91055500
Bench_McLachlan_Carpet_9lev 000128 0025 ranger   000016 16 01 27   362.05011972 361.62260700
Bench_McLachlan_Carpet_9lev 000128 0025 ranger   000016 16 01 29   369.80960707 356.04224300
Bench_McLachlan_Carpet_9lev 000128 0025 ranger   000016 16 01 30   372.54992350 360.49454200
Bench_McLachlan_Carpet_9lev 000128 0025 ranger   000016 16 01 31   372.06669911 371.12721500
Bench_McLachlan_Carpet_9lev 000128 0025 ranger   000016 16 01 69   350.95761078 350.33787100
Bench_McLachlan_Carpet_9lev 000128 0025 ranger   000016 16 01 70   351.63983979 350.51789600
Bench_McLachlan_Carpet_9lev 000128 0025 ranger   000016 16 01 71   343.44192950 342.61343200
Bench_McLachlan_Carpet_9lev 000128 0025 ranger   000016 16 02 00   340.94451255 667.23371500
Bench_McLachlan_Carpet_9lev 000128 0025 ranger   000016 16 02 71   291.96150409 576.26800500
Bench_McLachlan_Carpet_9lev 000128 0025 ranger   000016 16 04 00   440.90069490 1696.21401700
Bench_McLachlan_Carpet_9lev 000128 0025 ranger   000016 16 04 01   443.54903601 1698.69415800
Bench_McLachlan_Carpet_9lev 000128 0025 ranger   000016 16 04 02   440.82711267 1688.11348200
Bench_McLachlan_Carpet_9lev 000128 0025 ranger   000016 16 04 03   441.00726498 1691.36168700
Bench_McLachlan_Carpet_9lev 000128 0025 ranger   000016 16 04 71   379.51016019 1481.32459900
Bench_McLachlan_Carpet_9lev 000128 0025 ranger   000016 16 08 00   698.48752227 2602.79866000
Bench_McLachlan_Carpet_9lev 000128 0025 ranger   000016 16 08 70   413.90443403 3212.12476500
Bench_McLachlan_Carpet_9lev 000128 0025 ranger   000016 16 08 71   403.38112376 3126.97943500
Bench_McLachlan_Carpet_9lev 000128 0025 ranger   000016 16 16 00   795.00396901 3094.41337900
Bench_McLachlan_Carpet_9lev 000128 0025 ranger   000016 16 16 70   387.08693269 5906.86915500
Bench_McLachlan_Carpet_9lev 000128 0025 ranger   000016 16 16 71   406.25572666 6185.22252200
Bench_McLachlan_Carpet_9lev 000128 0025 ranger   000032 02 01 00   326.04384389 324.21627800
Bench_McLachlan_Carpet_9lev 000128 0025 ranger   000032 02 01 70   337.57346556 335.35695900
Bench_McLachlan_Carpet_9lev 000128 0025 ranger   000032 02 01 71   318.80304607 316.93181800
Bench_McLachlan_Carpet_9lev 000128 0025 ranger   000032 02 02 00   333.07253875 644.93227800
Bench_McLachlan_Carpet_9lev 000128 0025 ranger   000032 02 02 70   316.28406517 610.91020600
Bench_McLachlan_Carpet_9lev 000128 0025 ranger   000032 02 02 71   298.15574373 578.73616000
Bench_McLachlan_Carpet_9lev 000128 0025 ranger   000032 04 01 00   333.26932616 331.41269600
Bench_McLachlan_Carpet_9lev 000128 0025 ranger   000032 04 01 71   313.61524679 311.77549800
Bench_McLachlan_Carpet_9lev 000128 0025 ranger   000032 04 02 00   333.52000621 645.64032800
Bench_McLachlan_Carpet_9lev 000128 0025 ranger   000032 04 02 71   291.33919633 566.53543500
Bench_McLachlan_Carpet_9lev 000128 0025 ranger   000032 04 04 00   515.54133086 1943.80147900
Bench_McLachlan_Carpet_9lev 000128 0025 ranger   000032 04 04 70   469.89494876 1810.14911700
Bench_McLachlan_Carpet_9lev 000128 0025 ranger   000032 04 04 71   442.70702729 1717.55536200
Bench_McLachlan_Carpet_9lev 000128 0025 ranger   000032 08 01 00   343.17846395 341.57736700
Bench_McLachlan_Carpet_9lev 000128 0025 ranger   000032 08 01 70   340.33822680 338.78114200
Bench_McLachlan_Carpet_9lev 000128 0025 ranger   000032 08 01 71   323.65484424 321.82412700
Bench_McLachlan_Carpet_9lev 000128 0025 ranger   000032 08 02 00   351.70758524 675.06217300
Bench_McLachlan_Carpet_9lev 000128 0025 ranger   000032 08 02 70   303.79429054 591.36899800
Bench_McLachlan_Carpet_9lev 000128 0025 ranger   000032 08 02 71   293.69677634 568.89953600
Bench_McLachlan_Carpet_9lev 000128 0025 ranger   000032 08 04 00   517.49909365 1954.82218200
Bench_McLachlan_Carpet_9lev 000128 0025 ranger   000032 08 04 70   479.90251154 1844.21924800
Bench_McLachlan_Carpet_9lev 000128 0025 ranger   000032 08 04 71   451.36163723 1748.77729400
Bench_McLachlan_Carpet_9lev 000128 0025 ranger   000032 08 08 00   1055.86987880 3701.79133200
Bench_McLachlan_Carpet_9lev 000128 0025 ranger   000032 08 08 70   531.59447720 4051.62517600
Bench_McLachlan_Carpet_9lev 000128 0025 ranger   000032 08 08 71   507.91281970 3901.08381400
Bench_McLachlan_Carpet_9lev 000128 0025 ranger   000032 16 01 00   390.31553259 389.97238000
Bench_McLachlan_Carpet_9lev 000128 0025 ranger   000032 16 01 01   395.77887272 395.56872000
Bench_McLachlan_Carpet_9lev 000128 0025 ranger   000032 16 01 02   390.80241660 389.85234000
Bench_McLachlan_Carpet_9lev 000128 0025 ranger   000032 16 01 03   393.12085078 392.10847000
Bench_McLachlan_Carpet_9lev 000128 0025 ranger   000032 16 01 04   395.55309817 395.37269600
Bench_McLachlan_Carpet_9lev 000128 0025 ranger   000032 16 01 05   389.81423140 389.29636700
Bench_McLachlan_Carpet_9lev 000128 0025 ranger   000032 16 01 06   393.19438455 392.82055600
Bench_McLachlan_Carpet_9lev 000128 0025 ranger   000032 16 01 07   389.67084561 389.54837000
Bench_McLachlan_Carpet_9lev 000128 0025 ranger   000032 16 01 08   391.29633427 391.10443000
Bench_McLachlan_Carpet_9lev 000128 0025 ranger   000032 16 01 11   390.72713972 390.20437800
Bench_McLachlan_Carpet_9lev 000128 0025 ranger   000032 16 01 27   398.28608009 396.02876700
Bench_McLachlan_Carpet_9lev 000128 0025 ranger   000032 16 01 29   401.03977832 386.98017800
Bench_McLachlan_Carpet_9lev 000128 0025 ranger   000032 16 01 30   404.52326881 394.25663200
Bench_McLachlan_Carpet_9lev 000128 0025 ranger   000032 16 01 31   437.06683003 436.70730500
Bench_McLachlan_Carpet_9lev 000128 0025 ranger   000032 16 01 69   382.99106211 382.33189300
Bench_McLachlan_Carpet_9lev 000128 0025 ranger   000032 16 01 70   385.36752349 385.00806600
Bench_McLachlan_Carpet_9lev 000128 0025 ranger   000032 16 01 71   375.95657347 375.46341200
Bench_McLachlan_Carpet_9lev 000128 0025 ranger   000032 16 02 00   383.35456131 739.23424900
Bench_McLachlan_Carpet_9lev 000128 0025 ranger   000032 16 02 70   349.61876433 680.23451300
Bench_McLachlan_Carpet_9lev 000128 0025 ranger   000032 16 02 71   330.96690626 645.80038000
Bench_McLachlan_Carpet_9lev 000128 0025 ranger   000032 16 04 00   529.41246322 1993.43258400
Bench_McLachlan_Carpet_9lev 000128 0025 ranger   000032 16 04 01   537.49802173 2019.49822300
Bench_McLachlan_Carpet_9lev 000128 0025 ranger   000032 16 04 02   528.36463041 1995.14468600
Bench_McLachlan_Carpet_9lev 000128 0025 ranger   000032 16 04 03   535.24064646 2024.62652000
Bench_McLachlan_Carpet_9lev 000128 0025 ranger   000032 16 04 70   463.23995386 1788.59178500
Bench_McLachlan_Carpet_9lev 000128 0025 ranger   000032 16 04 71   429.58751955 1668.59631500
Bench_McLachlan_Carpet_9lev 000128 0025 ranger   000032 16 08 00   1036.91991574 3633.95512500
Bench_McLachlan_Carpet_9lev 000128 0025 ranger   000032 16 08 70   517.86666666 3962.95167500
Bench_McLachlan_Carpet_9lev 000128 0025 ranger   000032 16 08 71   490.51058293 3782.34037100
Bench_McLachlan_Carpet_9lev 000128 0025 ranger   000032 16 16 00   1346.48871925 4979.39919700
Bench_McLachlan_Carpet_9lev 000128 0025 ranger   000032 16 16 70   649.30993415 9793.99613300
Bench_McLachlan_Carpet_9lev 000128 0025 ranger   000032 16 16 71   656.72454561 9945.57355800
Bench_McLachlan_Carpet_9lev 000128 0025 ranger   000064 04 01 00   384.25940026 382.68789800
Bench_McLachlan_Carpet_9lev 000128 0025 ranger   000064 04 01 70   360.45498790 359.24643200
Bench_McLachlan_Carpet_9lev 000128 0025 ranger   000064 04 01 71   342.33402440 341.78132500
Bench_McLachlan_Carpet_9lev 000128 0025 ranger   000064 04 02 00   382.84727695 697.47958200
Bench_McLachlan_Carpet_9lev 000128 0025 ranger   000064 04 02 70   347.90248895 645.36434500
Bench_McLachlan_Carpet_9lev 000128 0025 ranger   000064 04 02 71   334.55869590 624.17098500
Bench_McLachlan_Carpet_9lev 000128 0025 ranger   000064 04 04 00   569.85026179 2026.69067000
Bench_McLachlan_Carpet_9lev 000128 0025 ranger   000064 04 04 70   516.36014326 1858.87618300
Bench_McLachlan_Carpet_9lev 000128 0025 ranger   000064 04 04 71   487.75067417 1760.92603900
Bench_McLachlan_Carpet_9lev 000128 0025 ranger   000064 08 01 00   386.26711080 386.06411100
Bench_McLachlan_Carpet_9lev 000128 0025 ranger   000064 08 01 70   369.37387139 368.83503800
Bench_McLachlan_Carpet_9lev 000128 0025 ranger   000064 08 01 71   367.71863649 367.61898100
Bench_McLachlan_Carpet_9lev 000128 0025 ranger   000064 08 02 00   397.71097153 728.80952900
Bench_McLachlan_Carpet_9lev 000128 0025 ranger   000064 08 02 70   353.01166100 652.56876500
Bench_McLachlan_Carpet_9lev 000128 0025 ranger   000064 08 02 71   334.64443949 624.41101400
Bench_McLachlan_Carpet_9lev 000128 0025 ranger   000064 08 04 00   572.20395575 2024.86254400
Bench_McLachlan_Carpet_9lev 000128 0025 ranger   000064 08 04 70   534.26113687 1926.90839800
Bench_McLachlan_Carpet_9lev 000128 0025 ranger   000064 08 04 71   504.74932960 1827.05818100
Bench_McLachlan_Carpet_9lev 000128 0025 ranger   000064 08 08 00   1554.26026900 4989.75183300
Bench_McLachlan_Carpet_9lev 000128 0025 ranger   000064 08 08 70   652.86537102 4888.66553100
Bench_McLachlan_Carpet_9lev 000128 0025 ranger   000064 08 08 71   600.04190600 4547.24018500
Bench_McLachlan_Carpet_9lev 000128 0025 ranger   000064 16 01 00   431.31010658 431.16292700
Bench_McLachlan_Carpet_9lev 000128 0025 ranger   000064 16 01 01   441.13154728 439.83948700
Bench_McLachlan_Carpet_9lev 000128 0025 ranger   000064 16 01 02   439.77616612 438.00337900
Bench_McLachlan_Carpet_9lev 000128 0025 ranger   000064 16 01 03   470.26668580 469.08130800
Bench_McLachlan_Carpet_9lev 000128 0025 ranger   000064 16 01 04   433.97723262 433.57512000
Bench_McLachlan_Carpet_9lev 000128 0025 ranger   000064 16 01 05   456.80279773 455.35247100
Bench_McLachlan_Carpet_9lev 000128 0025 ranger   000064 16 01 06   439.04137152 438.76341500
Bench_McLachlan_Carpet_9lev 000128 0025 ranger   000064 16 01 07   427.26071143 426.63864600
Bench_McLachlan_Carpet_9lev 000128 0025 ranger   000064 16 01 08   427.65338278 427.44271400
Bench_McLachlan_Carpet_9lev 000128 0025 ranger   000064 16 01 11   437.41002050 437.15531900
Bench_McLachlan_Carpet_9lev 000128 0025 ranger   000064 16 01 27   463.11914877 462.82891700
Bench_McLachlan_Carpet_9lev 000128 0025 ranger   000064 16 01 29   2328.28713066 2318.43289800
Bench_McLachlan_Carpet_9lev 000128 0025 ranger   000064 16 01 30   439.66708345 429.57086600
Bench_McLachlan_Carpet_9lev 000128 0025 ranger   000064 16 01 31   433.89363870 433.76313800
Bench_McLachlan_Carpet_9lev 000128 0025 ranger   000064 16 01 69   416.50034724 415.57397400
Bench_McLachlan_Carpet_9lev 000128 0025 ranger   000064 16 01 70   436.47173601 436.23527100
Bench_McLachlan_Carpet_9lev 000128 0025 ranger   000064 16 01 71   417.34331894 415.39392000
Bench_McLachlan_Carpet_9lev 000128 0025 ranger   000064 16 02 00   427.14753026 787.80123700
Bench_McLachlan_Carpet_9lev 000128 0025 ranger   000064 16 02 70   395.14246498 733.56984800
Bench_McLachlan_Carpet_9lev 000128 0025 ranger   000064 16 02 71   368.67281962 693.36329100
Bench_McLachlan_Carpet_9lev 000128 0025 ranger   000064 16 04 00   591.74799377 2118.78441700
Bench_McLachlan_Carpet_9lev 000128 0025 ranger   000064 16 04 01   606.03415259 2161.71509800
Bench_McLachlan_Carpet_9lev 000128 0025 ranger   000064 16 04 02   606.57069465 2160.00298500
Bench_McLachlan_Carpet_9lev 000128 0025 ranger   000064 16 04 03   609.42726870 2169.47158600
Bench_McLachlan_Carpet_9lev 000128 0025 ranger   000064 16 04 70   528.83833280 1917.96386400
Bench_McLachlan_Carpet_9lev 000128 0025 ranger   000064 16 04 71   488.48490761 1789.02781400
Bench_McLachlan_Carpet_9lev 000128 0025 ranger   000064 16 08 00   1546.19907614 5007.49296100
Bench_McLachlan_Carpet_9lev 000128 0025 ranger   000064 16 08 70   631.67315156 4768.09001100
Bench_McLachlan_Carpet_9lev 000128 0025 ranger   000064 16 08 71   607.70209688 4613.98434600
Bench_McLachlan_Carpet_9lev 000128 0025 ranger   000064 16 16 00   1858.96060941 6315.72272000
Bench_McLachlan_Carpet_9lev 000128 0025 ranger   000064 16 16 70   804.20874109 11734.48135300
Bench_McLachlan_Carpet_9lev 000128 0025 ranger   000064 16 16 71   758.89552524 11259.30765700
Bench_McLachlan_Carpet_9lev 000128 0025 ranger   000128 08 01 00   364.62904241 364.22276400
Bench_McLachlan_Carpet_9lev 000128 0025 ranger   000128 08 01 70   379.81920310 379.69573800
Bench_McLachlan_Carpet_9lev 000128 0025 ranger   000128 08 01 71   396.00827453 395.18070400
Bench_McLachlan_Carpet_9lev 000128 0025 ranger   000128 08 02 00   440.86034016 796.68577000
Bench_McLachlan_Carpet_9lev 000128 0025 ranger   000128 08 02 70   378.40813455 703.46795100
Bench_McLachlan_Carpet_9lev 000128 0025 ranger   000128 08 02 71   413.95889019 758.59540300
Bench_McLachlan_Carpet_9lev 000128 0025 ranger   000128 08 04 00   599.82393181 1979.99574800
Bench_McLachlan_Carpet_9lev 000128 0025 ranger   000128 08 04 70   540.37555430 1850.29964100
Bench_McLachlan_Carpet_9lev 000128 0025 ranger   000128 08 04 71   503.74059530 1748.33327700
Bench_McLachlan_Carpet_9lev 000128 0025 ranger   000128 08 08 00   1788.01350286 5380.72425200
Bench_McLachlan_Carpet_9lev 000128 0025 ranger   000128 08 08 70   678.67737144 5006.15286600
Bench_McLachlan_Carpet_9lev 000128 0025 ranger   000128 08 08 71   642.28407215 4769.47405600
Bench_McLachlan_Carpet_9lev 000128 0025 ranger   000128 16 01 00   404.99298149 404.92531000
Bench_McLachlan_Carpet_9lev 000128 0025 ranger   000128 16 01 01   431.08043735 430.71091800
Bench_McLachlan_Carpet_9lev 000128 0025 ranger   000128 16 01 02   427.04413413 426.51866000
Bench_McLachlan_Carpet_9lev 000128 0025 ranger   000128 16 01 03   433.42988977 431.87500600
Bench_McLachlan_Carpet_9lev 000128 0025 ranger   000128 16 01 04   417.92239112 417.67407500
Bench_McLachlan_Carpet_9lev 000128 0025 ranger   000128 16 01 05   429.07855982 427.86275000
Bench_McLachlan_Carpet_9lev 000128 0025 ranger   000128 16 01 06   444.53289246 444.34380100
Bench_McLachlan_Carpet_9lev 000128 0025 ranger   000128 16 01 07   418.31180983 416.85004500
Bench_McLachlan_Carpet_9lev 000128 0025 ranger   000128 16 01 08   422.25409577 420.87826200
Bench_McLachlan_Carpet_9lev 000128 0025 ranger   000128 16 01 11   413.70373561 412.40574900
Bench_McLachlan_Carpet_9lev 000128 0025 ranger   000128 16 01 27   434.69497877 432.78307600
Bench_McLachlan_Carpet_9lev 000128 0025 ranger   000128 16 01 29   419.66531388 410.26962500
Bench_McLachlan_Carpet_9lev 000128 0025 ranger   000128 16 01 30   439.21915391 428.73479800
Bench_McLachlan_Carpet_9lev 000128 0025 ranger   000128 16 01 31   434.61412737 433.23107800
Bench_McLachlan_Carpet_9lev 000128 0025 ranger   000128 16 01 69   430.70154522 430.00688500
Bench_McLachlan_Carpet_9lev 000128 0025 ranger   000128 16 01 70   438.41579003 437.91137400
Bench_McLachlan_Carpet_9lev 000128 0025 ranger   000128 16 01 71   431.95664416 431.63498300
Bench_McLachlan_Carpet_9lev 000128 0025 ranger   000128 16 02 00   472.33713063 856.02950200
Bench_McLachlan_Carpet_9lev 000128 0025 ranger   000128 16 02 70   421.91766016 779.28067100
Bench_McLachlan_Carpet_9lev 000128 0025 ranger   000128 16 02 71   444.19184591 804.59427400
Bench_McLachlan_Carpet_9lev 000128 0025 ranger   000128 16 04 00   628.96382082 2049.31606300
Bench_McLachlan_Carpet_9lev 000128 0025 ranger   000128 16 04 01   642.24077718 2088.03048700
Bench_McLachlan_Carpet_9lev 000128 0025 ranger   000128 16 04 02   689.82439842 2179.65220800
Bench_McLachlan_Carpet_9lev 000128 0025 ranger   000128 16 04 03   670.76284182 2138.68566500
Bench_McLachlan_Carpet_9lev 000128 0025 ranger   000128 16 04 70   559.62706526 1905.94711600
Bench_McLachlan_Carpet_9lev 000128 0025 ranger   000128 16 04 71   545.43877754 1850.99568200
Bench_McLachlan_Carpet_9lev 000128 0025 ranger   000128 16 08 00   1763.50365242 5334.35736900
Bench_McLachlan_Carpet_9lev 000128 0025 ranger   000128 16 08 70   689.57964971 5051.44369100
Bench_McLachlan_Carpet_9lev 000128 0025 ranger   000128 16 08 71   636.76134103 4722.85116200
Bench_McLachlan_Carpet_9lev 000128 0025 ranger   000128 16 16 00   2237.19241006 7141.26229600
Bench_McLachlan_Carpet_9lev 000128 0025 ranger   000128 16 16 70   800.63435093 11681.41004500
Bench_McLachlan_Carpet_9lev 000128 0025 ranger   000128 16 16 71   743.16011415 11063.20738400
Bench_McLachlan_Carpet_9lev 000128 0025 ranger   000256 16 01 00   416.81854382 416.65008200
Bench_McLachlan_Carpet_9lev 000128 0025 ranger   000256 16 01 01   424.06496044 423.97053300
Bench_McLachlan_Carpet_9lev 000128 0025 ranger   000256 16 01 02   435.50639245 435.05518500
Bench_McLachlan_Carpet_9lev 000128 0025 ranger   000256 16 01 03   452.47220833 452.26825200
Bench_McLachlan_Carpet_9lev 000128 0025 ranger   000256 16 01 04   420.10070920 419.89827200
Bench_McLachlan_Carpet_9lev 000128 0025 ranger   000256 16 01 05   419.56022792 419.16618300
Bench_McLachlan_Carpet_9lev 000128 0025 ranger   000256 16 01 06   435.70374093 433.69513500
Bench_McLachlan_Carpet_9lev 000128 0025 ranger   000256 16 01 07   426.06771261 425.86660700
Bench_McLachlan_Carpet_9lev 000128 0025 ranger   000256 16 01 08   416.79365528 416.45001900
Bench_McLachlan_Carpet_9lev 000128 0025 ranger   000256 16 01 11   426.59510188 424.97055100
Bench_McLachlan_Carpet_9lev 000128 0025 ranger   000256 16 01 27   422.20029125 421.98237100
Bench_McLachlan_Carpet_9lev 000128 0025 ranger   000256 16 01 29   451.74462182 442.01958200
Bench_McLachlan_Carpet_9lev 000128 0025 ranger   000256 16 01 30   429.08432736 421.15431500
Bench_McLachlan_Carpet_9lev 000128 0025 ranger   000256 16 01 31   431.13646925 430.77493200
Bench_McLachlan_Carpet_9lev 000128 0025 ranger   000256 16 01 69   428.61061831 428.29876600
Bench_McLachlan_Carpet_9lev 000128 0025 ranger   000256 16 01 70   443.75125332 443.19964900
Bench_McLachlan_Carpet_9lev 000128 0025 ranger   000256 16 01 71   430.91503566 430.43491100
Bench_McLachlan_Carpet_9lev 000128 0025 ranger   000256 16 02 00   493.58668537 878.29491000
Bench_McLachlan_Carpet_9lev 000128 0025 ranger   000256 16 02 70   482.44695258 863.17793000
Bench_McLachlan_Carpet_9lev 000128 0025 ranger   000256 16 02 71   440.23977765 802.17812500
Bench_McLachlan_Carpet_9lev 000128 0025 ranger   000256 16 04 00   639.43174573 2105.13555200
Bench_McLachlan_Carpet_9lev 000128 0025 ranger   000256 16 04 02   661.28716728 2138.28163000
Bench_McLachlan_Carpet_9lev 000128 0025 ranger   000256 16 04 03   661.23409816 2155.13869800
Bench_McLachlan_Carpet_9lev 000128 0025 ranger   000256 16 04 70   563.27954600 1899.01067800
Bench_McLachlan_Carpet_9lev 000128 0025 ranger   000256 16 04 71   522.37506390 1795.84423300
Bench_McLachlan_Carpet_9lev 000128 0025 ranger   000256 16 08 00   2007.78571537 5415.25443200
Bench_McLachlan_Carpet_9lev 000128 0025 ranger   000256 16 08 70   761.92412640 5155.37016100
Bench_McLachlan_Carpet_9lev 000128 0025 ranger   000256 16 08 71   697.91456742 4817.27303700
Bench_McLachlan_Carpet_9lev 000128 0025 ranger   000256 16 16 00   2633.87542579 7447.83346100
Bench_McLachlan_Carpet_9lev 000128 0025 ranger   000256 16 16 70   874.75492376 12621.71282100
Bench_McLachlan_Carpet_9lev 000128 0025 ranger   000256 16 16 71   792.28551614 11551.60588900
Bench_McLachlan_Carpet_9lev 000128 0025 ranger   000512 16 01 00   432.15376549 432.15100400
Bench_McLachlan_Carpet_9lev 000128 0025 ranger   000512 16 01 01   441.80254700 441.46759900
Bench_McLachlan_Carpet_9lev 000128 0025 ranger   000512 16 01 02   466.84211560 466.84116400
Bench_McLachlan_Carpet_9lev 000128 0025 ranger   000512 16 01 03   455.53552447 455.25647500
Bench_McLachlan_Carpet_9lev 000128 0025 ranger   000512 16 01 04   429.11185786 428.98679500
Bench_McLachlan_Carpet_9lev 000128 0025 ranger   000512 16 01 27   483.96443456 481.35408500
Bench_McLachlan_Carpet_9lev 000128 0025 ranger   000512 16 01 29   455.41548594 447.59996800
Bench_McLachlan_Carpet_9lev 000128 0025 ranger   000512 16 01 30   470.07764442 460.69678200
Bench_McLachlan_Carpet_9lev 000128 0025 ranger   000512 16 01 31   467.55431002 465.62509900
Bench_McLachlan_Carpet_9lev 000128 0025 ranger   000512 16 01 69   445.45534276 444.89979100
Bench_McLachlan_Carpet_9lev 000128 0025 ranger   000512 16 01 71   432.57437397 431.60298900
Bench_McLachlan_Carpet_9lev 000128 0025 ranger   000512 16 02 00   481.33138896 871.35843600
Bench_McLachlan_Carpet_9lev 000128 0025 ranger   000512 16 02 71   450.67742913 816.63503800
Bench_McLachlan_Carpet_9lev 000128 0025 ranger   000512 16 04 00   629.96891954 2108.09974400
Bench_McLachlan_Carpet_9lev 000128 0025 ranger   000512 16 04 01   650.63503716 2168.72754200
Bench_McLachlan_Carpet_9lev 000128 0025 ranger   000512 16 04 02   659.67285103 2198.78939500
Bench_McLachlan_Carpet_9lev 000128 0025 ranger   000512 16 04 03   658.38587013 2192.54502800
Bench_McLachlan_Carpet_9lev 000128 0025 ranger   000512 16 04 71   531.22941551 1840.13502800
Bench_McLachlan_Carpet_9lev 000128 0025 ranger   000512 16 08 00   2182.42442297 5113.60358800
Bench_McLachlan_Carpet_9lev 000128 0025 ranger   000512 16 16 00   2917.04701424 7032.92755200
Bench_McLachlan_Carpet_9lev 000128 0025 ranger   001024 16 01 00   430.57254488 429.10679800
Bench_McLachlan_Carpet_9lev 000128 0025 ranger   001024 16 01 01   437.24065480 436.92725400
Bench_McLachlan_Carpet_9lev 000128 0025 ranger   001024 16 01 02   470.04598340 469.48934500
Bench_McLachlan_Carpet_9lev 000128 0025 ranger   001024 16 01 03   452.01172928 452.10824500
Bench_McLachlan_Carpet_9lev 000128 0025 ranger   001024 16 01 04   435.76047032 435.42721100
Bench_McLachlan_Carpet_9lev 000128 0025 ranger   001024 16 01 27   464.35032003 462.29691900
Bench_McLachlan_Carpet_9lev 000128 0025 ranger   001024 16 01 29   465.19633431 457.62460400
Bench_McLachlan_Carpet_9lev 000128 0025 ranger   001024 16 01 30   452.24806910 439.00743100
Bench_McLachlan_Carpet_9lev 000128 0025 ranger   001024 16 01 31   454.38764507 451.27620200
Bench_McLachlan_Carpet_9lev 000128 0025 ranger   001024 16 01 71   438.81654108 438.29943200
Bench_McLachlan_Carpet_9lev 000128 0025 ranger   001024 16 02 00   503.23849598 902.79243700
Bench_McLachlan_Carpet_9lev 000128 0025 ranger   001024 16 02 71   484.87606011 874.36265300
Bench_McLachlan_Carpet_9lev 000128 0025 ranger   001024 16 04 00   648.85708079 2173.22782000
Bench_McLachlan_Carpet_9lev 000128 0025 ranger   001024 16 04 01   678.40451218 2219.06267800
Bench_McLachlan_Carpet_9lev 000128 0025 ranger   001024 16 04 02   692.87624405 2285.97485100
Bench_McLachlan_Carpet_9lev 000128 0025 ranger   001024 16 04 03   693.47299075 2276.57427800
Bench_McLachlan_Carpet_9lev 000128 0025 ranger   001024 16 04 71   547.03842935 1875.64522500
Bench_McLachlan_Carpet_9lev 000128 0025 ranger   001024 16 08 00   2192.73954194 5185.64406200
Bench_McLachlan_Carpet_9lev 000128 0025 ranger   001024 16 16 00   3194.24190197 7228.57974800
Bench_McLachlan_Carpet_9lev 000128 0025 ranger   002048 16 01 00   474.30655592 473.98159600
Bench_McLachlan_Carpet_9lev 000128 0025 ranger   002048 16 01 01   482.89148177 482.66217100
Bench_McLachlan_Carpet_9lev 000128 0025 ranger   002048 16 01 02   486.30503508 484.72232100
Bench_McLachlan_Carpet_9lev 000128 0025 ranger   002048 16 01 03   486.71080130 485.29434700
Bench_McLachlan_Carpet_9lev 000128 0025 ranger   002048 16 01 27   519.71460553 519.34445800
Bench_McLachlan_Carpet_9lev 000128 0025 ranger   002048 16 01 29   502.39021118 491.49071300
Bench_McLachlan_Carpet_9lev 000128 0025 ranger   002048 16 01 30   466.38628136 456.32853800
Bench_McLachlan_Carpet_9lev 000128 0025 ranger   002048 16 01 31   463.41367294 463.26092800
Bench_McLachlan_Carpet_9lev 000128 0025 ranger   002048 16 01 71   399.03692711 398.91291300
Bench_McLachlan_Carpet_9lev 000128 0025 ranger   002048 16 02 00   516.41948016 932.54231900
Bench_McLachlan_Carpet_9lev 000128 0025 ranger   002048 16 02 71   485.12292738 857.40158900
Bench_McLachlan_Carpet_9lev 000128 0025 ranger   002048 16 04 00   644.42646233 2202.95367200
Bench_McLachlan_Carpet_9lev 000128 0025 ranger   002048 16 04 01   676.88389260 2272.85005100
Bench_McLachlan_Carpet_9lev 000128 0025 ranger   002048 16 04 02   671.90049929 2283.31869400
Bench_McLachlan_Carpet_9lev 000128 0025 ranger   002048 16 04 03   679.92398633 2195.80124500
Bench_McLachlan_Carpet_9lev 000128 0025 ranger   002048 16 04 71   573.36576023 1935.17692900
Bench_McLachlan_Carpet_9lev 000128 0025 ranger   002048 16 08 00   2191.28902042 5020.00972000
Bench_McLachlan_Carpet_9lev 000128 0025 ranger   004096 16 01 30   564.43722649 556.34275800
Bench_McLachlan_Carpet_9lev 000128 0025 ranger   004096 16 01 31   540.58077165 540.06973100
Bench_McLachlan_Carpet_9lev 000128 0025 ranger   004096 16 01 71   455.91632274 455.34043200
Bench_McLachlan_Carpet_9lev 000128 0025 ranger   004096 16 02 00   598.95507284 1056.66598500
Bench_McLachlan_Carpet_9lev 000128 0025 ranger   004096 16 02 71   471.13539881 838.79645300
Bench_McLachlan_Carpet_9lev 000128 0025 ranger   004096 16 04 00   655.37947027 2238.28789400
Bench_McLachlan_Carpet_9lev 000128 0025 ranger   004096 16 04 01   686.16152266 2319.69698300
Bench_McLachlan_Carpet_9lev 000128 0025 ranger   004096 16 04 02   700.27613265 2338.29413500
Bench_McLachlan_Carpet_9lev 000128 0025 ranger   004096 16 04 03   673.68116989 2296.11949200
Bench_McLachlan_Carpet_9lev 000128 0025 ranger   004096 16 04 71   573.91736912 1928.58452600
Bench_McLachlan_Carpet_9lev 000128 0025 ranger   004096 16 08 00   2164.29166218 4984.59550500
Bench_McLachlan_Carpet_9lev 000128 0025 ranger   008192 16 01 71   433.90391986 433.17103800
Bench_McLachlan_Carpet_9lev 000128 0025 ranger   008192 16 02 00   618.88302882 1096.32051400
Bench_McLachlan_Carpet_9lev 000128 0025 ranger   008192 16 02 71   451.53836770 830.44792700
Bench_McLachlan_Carpet_9lev 000128 0025 ranger   008192 16 04 00   664.84209040 2282.41064700
Bench_McLachlan_Carpet_9lev 000128 0025 ranger   008192 16 04 01   687.25730075 2343.11442100
Bench_McLachlan_Carpet_9lev 000128 0025 ranger   008192 16 04 02   686.03115911 2356.38325800
Bench_McLachlan_Carpet_9lev 000128 0025 ranger   008192 16 04 03   699.08293954 2368.18000400
Bench_McLachlan_Carpet_9lev 000128 0025 ranger   008192 16 04 71   543.33106637 1907.09519100
Bench_McLachlan_Carpet_9lev 000128 0025 ranger   008192 16 08 00   2165.34595664 4986.41963400
Bench_McLachlan_Carpet_9lev 000128 0025 ranger   012288 16 01 71   437.99540328 436.87931300
Bench_McLachlan_Carpet_9lev 000128 0025 ranger   012288 16 02 71   463.45291184 859.60171800
Bench_McLachlan_Carpet_9lev 000128 0025 ranger   012288 16 04 01   738.65903756 2406.06234900
Bench_McLachlan_Carpet_9lev 000128 0025 ranger   012288 16 04 02   793.26796536 2537.16257600
Bench_McLachlan_Carpet_9lev 000128 0025 ranger   012288 16 04 03   710.98674150 2315.13667500
Bench_McLachlan_Carpet_9lev 000128 0025 ranger   012288 16 04 71   545.43758320 1926.07638400
